0.00, 4960892
0.00, 4731419
0.00, 4666873
0.00, 4664938
0.00, 4083306
0.00, 4068429
0.00, 3712929
0.00, 3592296
0.00, 3468523
0.00, 3370915
0.00, 3316098
0.00, 3294782
0.00, 3291530
0.00, 3287853
0.00, 3296804
0.00, 3288734
0.00, 3244849
0.00, 3165319
0.00, 3160198
0.00, 3116642
0.00, 3114696
0.00, 2930839
0.00, 2927985
0.00, 2857104
0.01, 2831031
0.01, 2817248
0.01, 2519401
0.01, 2498245
0.01, 2444796
0.01, 2311473
0.01, 2243234
0.01, 2227398
0.01, 2137668
0.01, 2130816
0.01, 2121386
0.01, 2092913
0.01, 2050364
