0.00, 2710239
0.00, 2803434
0.00, 2583220
0.00, 2582910
0.00, 2686768
0.00, 2644071
0.00, 2567074
0.00, 2660683
0.00, 2647249
0.00, 2561449
0.00, 2639045
0.00, 2590342
0.00, 2524058
0.00, 2482855
0.00, 2481549
0.00, 2476804
0.00, 2553798
0.00, 2422254
0.00, 2396144
0.00, 2429406
0.00, 2611216
0.00, 2648586
0.00, 2640720
0.00, 2629224
0.00, 2551318
0.00, 2697350
0.00, 2743237
0.00, 2789458
0.00, 2848389
0.00, 2789169
0.00, 2798396
0.00, 3021622
0.00, 3036289
0.00, 2927801
0.00, 2802181
0.00, 2844977
0.00, 2701130
0.00, 2716679
0.00, 2718043
0.00, 2647996
0.00, 2825274
0.00, 2766653
0.00, 2751741
0.00, 2749932
0.00, 2759280
0.01, 2778504
0.01, 2753829
0.01, 2911833
0.01, 2791821
0.01, 2732119
0.01, 2624711
0.01, 2604226
0.01, 2597930
0.01, 2677930
0.01, 2835082
0.01, 2822091
0.01, 2835720
0.01, 2845067
0.01, 2863610
0.01, 2808861
0.01, 2798680
0.01, 2706143
0.01, 2659970
0.01, 2721838
0.01, 2688005
0.01, 2687575
0.01, 2756408
0.01, 2811979
0.01, 2704132
0.01, 2870085
0.01, 2803589
0.01, 2659971
0.01, 2727715
0.01, 2712261
0.01, 2644338
0.01, 2574223
0.01, 2545328
0.01, 2478939
0.01, 2444769
0.01, 2579767
0.01, 2576453
0.01, 2618040
0.01, 2562198
0.01, 2555332
0.01, 2505969
0.01, 2385842
0.01, 2260321
0.01, 2640293
0.01, 2445540
0.01, 2420517
0.01, 2475250
0.01, 2468475
0.01, 2444575
0.01, 2440227
0.01, 2437673
0.01, 2426763
0.01, 2426760
0.01, 2366708
0.01, 2359766
0.01, 2291907
0.01, 2344980
0.01, 2270453
0.01, 2693372
0.01, 2676643
0.01, 2750793
0.01, 2727292
0.01, 2723278
0.01, 2722065
0.01, 2693800
0.01, 2696191
0.01, 2675676
0.01, 2672677
0.01, 2643023
0.01, 2650389
0.01, 2586082
0.01, 2578211
0.01, 2562669
0.01, 2494046
0.01, 2651419
0.01, 2641294
0.01, 2636760
0.01, 2621530
0.01, 2606950
0.01, 2810876
0.01, 2654966
0.01, 2607849
0.01, 2643149
0.01, 2621700
0.01, 2549354
0.01, 2507253
0.01, 2483938
0.01, 2678212
0.01, 2620001
0.01, 2644137
0.01, 2795934
0.01, 2778824
0.01, 2777326
0.01, 2735439
0.01, 2650146
0.01, 2745864
0.01, 2628776
0.01, 2623727
0.01, 2621586
0.01, 2626929
0.01, 2591618
0.01, 2562188
0.01, 2560376
0.01, 2559599
0.01, 2560203
0.01, 2330825
0.01, 2278736
0.01, 2215708
0.01, 2633474
0.01, 2669683
0.01, 2616960
0.01, 2524931
0.01, 2509645
0.01, 2732278
0.01, 2696400
0.01, 2607865
0.01, 2466109
0.01, 2591828
0.01, 2527907
0.01, 2477505
0.01, 2623752
0.01, 2654258
0.01, 2828714
0.01, 2828515
0.01, 2851399
0.01, 2816856
0.01, 2796245
0.01, 2778057
0.01, 2652024
0.01, 2643525
0.01, 2549823
0.01, 2553744
0.01, 2648824
0.01, 2640917
0.01, 2838200
0.01, 2871930
0.01, 2928491
0.01, 2848079
0.01, 2824213
0.01, 2802990
0.01, 2674945
0.01, 2659843
0.01, 2632759
0.01, 2736755
0.01, 2690850
0.01, 2673595
0.01, 2701343
0.01, 2849234
0.01, 2851594
0.01, 2822526
0.01, 2915163
0.01, 2862710
0.01, 2842462
0.01, 2929937
0.01, 2918596
0.01, 2942484
0.01, 2884076
0.01, 2831384
0.01, 2787471
0.01, 2774261
0.01, 2754796
0.01, 2732385
0.01, 2717775
0.01, 2695912
0.01, 2772498
0.01, 2722358
0.01, 2607094
0.01, 2587346
0.01, 2916769
0.01, 2899152
0.01, 2939749
0.01, 3019403
0.01, 2983534
0.01, 3010845
0.01, 3010036
0.01, 2952796
0.01, 2884182
0.01, 2916946
0.01, 2759698
0.01, 2735736
0.01, 2731268
0.01, 2795414
0.01, 2811849
0.01, 2567346
0.01, 2514935
0.01, 2428146
0.01, 2403233
0.01, 2353635
0.01, 2402834
0.01, 2367142
0.01, 2363530
0.01, 2299462
0.01, 2279653
0.01, 2303159
0.01, 2312694
0.02, 2330895
0.02, 2354838
0.02, 2306659
0.02, 2303814
0.02, 2299653
0.02, 2402366
0.02, 2479968
0.02, 2435358
0.02, 2423197
0.02, 2417140
0.02, 2408249
0.02, 2345323
0.02, 2491636
0.02, 2473156
0.02, 2488051
0.02, 2526109
0.02, 2495329
0.02, 2418667
0.02, 2397243
0.02, 2389557
0.02, 2377213
0.02, 2360628
0.02, 2357319
0.02, 2364314
0.02, 2472006
0.02, 2453210
0.02, 2511165
0.02, 2527734
0.02, 2475994
0.02, 2470618
0.02, 2553423
0.02, 2735915
0.02, 2719742
0.02, 2770408
0.02, 2795300
0.02, 2781037
0.02, 2780867
0.02, 2852566
0.02, 2776758
0.02, 2749227
0.02, 2693473
0.02, 2577627
0.02, 2598388
0.02, 2593705
0.02, 2716708
0.02, 2708897
0.02, 2707740
0.02, 2696258
0.02, 2634182
0.02, 2541352
0.02, 2543398
0.02, 2607258
0.02, 2582044
0.02, 2566592
0.02, 2546181
0.02, 2513819
0.02, 2483503
0.02, 2455137
0.02, 2437651
0.02, 2420143
0.02, 2386607
0.02, 2386118
0.02, 2475967
0.02, 2343472
0.02, 2319678
0.02, 2366814
0.02, 2366200
0.02, 2540865
0.02, 2532977
0.02, 2526666
0.02, 2606660
0.02, 2573995
0.02, 2909529
0.02, 2624266
0.02, 2570373
0.02, 2523777
0.02, 2496024
0.02, 2404858
0.02, 2351362
0.02, 2410864
0.02, 2483586
0.02, 2365791
0.02, 2468094
0.02, 2345821
0.02, 2313562
0.02, 2350023
0.02, 2339321
0.02, 2465000
0.02, 2261691
0.02, 2243841
0.02, 2278881
0.02, 2277434
0.02, 2350643
0.02, 2298115
0.02, 2211451
0.02, 2201346
0.02, 2255467
0.02, 2187783
0.02, 2179310
0.02, 2175751
0.02, 2341227
0.02, 2303318
0.02, 2252469
0.02, 2373713
0.02, 2456719
0.02, 2365785
0.02, 2348157
0.02, 2365009
0.02, 2457789
0.02, 2417423
0.02, 2336676
0.02, 2345402
0.02, 2278576
0.02, 2376903
0.02, 2504876
0.02, 2265468
0.02, 2467976
0.02, 2551900
0.02, 2547692
0.02, 2542416
0.02, 2505514
0.02, 2426046
0.02, 2391117
0.02, 2315552
0.02, 2289704
0.02, 2283326
0.02, 2244770
0.02, 2239203
0.02, 2244899
0.02, 2287740
0.02, 2304503
0.02, 2328501
0.02, 2250876
0.02, 2349698
0.02, 2333807
0.02, 2309921
0.02, 2356212
0.02, 2256728
0.02, 2361208
0.02, 2275105
0.02, 2268039
0.02, 2276674
0.02, 2409083
0.02, 2407201
0.02, 2381617
0.02, 2230165
0.02, 2169205
0.02, 2512869
0.03, 2494515
0.03, 2461057
0.03, 2497454
0.03, 2351610
0.03, 2336414
0.03, 2332162
0.03, 2262823
0.03, 2238399
0.03, 2230810
0.03, 2169521
0.03, 2195173
0.03, 2131825
0.03, 2129996
0.03, 2119457
0.03, 2122082
0.03, 2118268
0.03, 2084940
0.03, 2141726
0.03, 2081770
0.03, 2035997
0.03, 2064819
0.03, 1979884
0.03, 2012748
0.03, 1999495
0.03, 1994714
0.03, 2094686
0.03, 2046444
0.03, 2040315
0.03, 2038330
0.03, 2087604
0.03, 2064316
0.03, 2055844
0.03, 2153807
0.03, 2260183
0.03, 2169554
0.03, 2366347
0.03, 2351643
0.03, 2383835
0.03, 2342619
0.03, 2340843
0.03, 2410543
0.03, 2377500
0.03, 2317840
0.03, 2294254
0.03, 2287015
0.03, 2219328
0.03, 2003699
0.03, 1932124
0.03, 2134748
0.03, 2131369
0.03, 2162100
0.03, 2233772
0.03, 2300673
0.03, 2272051
0.03, 2266461
0.03, 2255998
0.03, 2231579
0.03, 2231265
0.03, 2184551
0.03, 2176811
0.03, 2336943
0.03, 2394030
0.03, 2505189
0.03, 2484616
0.03, 2540136
0.03, 2534121
0.03, 2411755
0.03, 2387577
0.03, 2334971
0.03, 2310771
0.03, 2281801
0.03, 2389960
0.03, 2322111
0.03, 2246664
0.03, 2172698
0.03, 2092628
0.03, 2076691
0.03, 1931976
0.03, 2042684
0.03, 2017838
0.03, 1998904
0.03, 1943549
0.03, 1936590
0.03, 1949458
0.03, 1940643
0.03, 1932428
0.03, 1978687
0.03, 1965130
0.03, 1934793
0.03, 1911512
0.03, 1910574
0.03, 2085438
0.03, 2085364
0.03, 2059901
0.03, 1946922
0.03, 1910983
0.03, 1927016
0.03, 1919252
0.03, 1900118
0.03, 1866212
0.03, 1853025
0.03, 1919460
0.03, 1874056
0.03, 1899248
0.03, 1859460
0.03, 2108985
0.03, 2165855
0.03, 2230593
0.03, 2163268
0.03, 2166597
0.03, 2141444
0.03, 2114204
0.03, 2213692
0.03, 2204403
0.03, 2189163
0.03, 2179831
0.03, 2159955
0.03, 2118330
0.03, 2078765
0.03, 2050956
0.03, 2133507
0.03, 2113754
0.03, 2103580
0.03, 2064605
0.03, 2060884
0.03, 2054793
0.03, 1917214
0.03, 1901222
0.03, 1774018
0.03, 1832620
0.03, 1903049
0.03, 2024045
0.03, 2015620
0.03, 2000753
0.03, 1993368
0.03, 1987624
0.03, 2012821
0.03, 1950760
0.03, 1917577
0.03, 1880405
0.03, 1873569
0.03, 1997328
0.03, 1918116
0.03, 1918116
0.03, 1986909
0.03, 2025442
0.03, 1872391
0.03, 1883340
0.03, 1882088
0.04, 1850576
0.04, 1857422
0.04, 1841198
0.04, 1877506
0.04, 1860230
0.04, 1814271
0.04, 1882052
0.04, 1864542
0.04, 1851907
0.04, 1847021
0.04, 1884442
0.04, 1872805
0.04, 1815142
0.04, 1895616
0.04, 1873528
0.04, 1878973
0.04, 1863228
0.04, 1880873
0.04, 1943942
0.04, 1938351
0.04, 1891242
0.04, 1850084
0.04, 1836723
0.04, 1809158
0.04, 1799355
0.04, 1805804
0.04, 1780130
0.04, 1755118
0.04, 1705153
0.04, 1737670
0.04, 1752382
0.04, 1727179
0.04, 1808732
0.04, 1805341
0.04, 1791461
0.04, 1740329
0.04, 1827231
0.04, 1858645
0.04, 1852235
0.04, 1884885
0.04, 1890801
0.04, 1837046
0.04, 1887181
0.04, 1899549
0.04, 1873553
0.04, 1919763
0.04, 1917024
0.04, 1959157
0.04, 1902562
0.04, 1829273
0.04, 1738392
0.04, 1709765
0.04, 1650510
0.04, 1605085
0.04, 1602334
0.04, 1599299
0.04, 1719203
0.04, 1726438
0.04, 1875133
0.04, 1864064
0.04, 1853139
0.04, 1863626
0.04, 1857764
0.04, 1860583
0.04, 1839507
0.04, 1833147
0.04, 1822598
0.04, 1867064
0.04, 1913607
0.04, 1896137
0.04, 1851507
0.04, 1823501
0.04, 1811314
0.04, 1845158
0.04, 1853894
0.04, 1852755
0.04, 1847265
0.04, 1824724
0.04, 1771989
0.04, 1858546
0.04, 1982647
0.04, 2026722
0.04, 2025331
0.04, 1969514
0.04, 1967378
0.04, 1966847
0.04, 1944229
0.04, 1873401
0.04, 1849724
0.04, 1889672
0.04, 1862835
0.04, 1816028
0.04, 1809786
0.04, 1735827
0.04, 1735617
0.04, 1697804
0.04, 1743475
0.04, 1732278
0.04, 1701699
0.04, 1694322
0.04, 1655231
0.04, 1641467
0.04, 1638701
0.04, 1630984
0.04, 1644305
0.04, 1747493
0.04, 1701129
0.04, 1673102
0.04, 1690978
0.04, 1669005
0.04, 1647699
0.04, 1627420
0.04, 1599275
0.04, 1578763
0.04, 1592125
0.05, 1638569
0.05, 1660461
0.05, 1569423
0.05, 1567060
0.05, 1585615
0.05, 1593917
0.05, 1562349
0.05, 1545836
0.05, 1544185
0.05, 1543015
0.05, 1540048
0.05, 1528941
0.05, 1579760
0.05, 1578006
0.05, 1575648
0.05, 1571422
0.05, 1578629
0.05, 1625325
0.05, 1604569
0.05, 1664358
0.05, 1630200
0.05, 1622146
0.05, 1609898
0.05, 1571617
0.05, 1587800
0.05, 1587703
0.05, 1564085
0.05, 1561528
0.05, 1546876
0.05, 1539457
0.05, 1471760
0.05, 1458872
0.05, 1453992
0.05, 1437039
0.05, 1429560
0.05, 1416648
0.05, 1428932
0.05, 1424715
0.05, 1434852
0.05, 1416789
0.05, 1412733
0.05, 1375893
0.05, 1367088
0.05, 1356139
0.05, 1352661
0.05, 1340909
0.05, 1340440
0.05, 1325365
0.05, 1316205
0.05, 1308394
0.05, 1303856
0.05, 1295285
0.05, 1320966
0.05, 1315024
0.05, 1313936
0.05, 1378208
0.05, 1365119
0.05, 1222023
0.05, 1222136
0.05, 1231606
0.06, 1258666
0.06, 1242973
0.06, 1253417
0.06, 1292800
0.06, 1292618
0.06, 1290356
0.06, 1298613
0.06, 1297833
0.06, 1293291
0.06, 1298573
0.06, 1260355
0.06, 1260291
0.06, 1246999
0.06, 1211115
0.06, 1215014
0.06, 1214032
0.06, 1213850
0.06, 1209247
0.06, 1215541
0.06, 1209599
0.06, 1202092
0.06, 1197375
0.06, 1196910
0.06, 1195666
0.06, 1198684
0.06, 1187885
0.06, 1173578
0.06, 1182884
0.06, 1194163
0.06, 1186278
0.07, 1172993
0.07, 1162199
0.07, 1159336
0.07, 1158064
0.07, 1161882
0.07, 1157593
0.07, 1142079
0.07, 1144854
0.07, 1143742
0.07, 1142647
0.07, 1140675
0.07, 1137812
0.07, 1115439
0.07, 1112970
0.07, 1109509
0.08, 1110411
0.08, 1102155
0.08, 1100901
0.08, 1100901
0.08, 1100440
0.08, 1099888
0.08, 1094549
0.08, 1091104
0.08, 1091104
0.08, 1090892
0.08, 1090892
