0.00, 3836248
0.00, 3820544
0.00, 3761494
0.00, 3760811
0.00, 3772195
0.00, 3810022
0.00, 4136481
0.00, 4037716
0.00, 4011556
0.00, 3991223
0.00, 3985294
0.00, 3949986
0.00, 4342274
0.00, 4254776
0.00, 4228613
0.00, 4206711
0.00, 4259504
0.00, 4101810
0.00, 4097057
0.00, 4095686
0.00, 4006191
0.00, 3634215
0.00, 3638550
0.00, 3939525
0.00, 4293304
0.00, 4193425
0.00, 4458629
0.00, 4291688
0.00, 4694577
0.00, 4663724
0.00, 4559934
0.00, 4560507
0.00, 4576963
0.00, 4694535
0.00, 4604442
0.00, 4580512
0.00, 4402609
0.00, 4464153
0.00, 3964815
0.00, 3935714
0.00, 3790680
0.00, 3659625
0.00, 3754279
0.00, 3700056
0.00, 3675101
0.00, 3641717
0.00, 3725791
0.00, 3929083
0.00, 3989536
0.00, 4019591
0.00, 4010642
0.00, 4091806
0.00, 4188737
0.00, 4090137
0.00, 4499152
0.00, 4460569
0.00, 4416005
0.00, 4281260
0.00, 4471019
0.00, 4463235
0.00, 4340348
0.00, 4309077
0.00, 4302826
0.00, 4380571
0.00, 4040635
0.00, 3979150
0.00, 4002693
0.00, 4001954
0.00, 4041275
0.00, 4059739
0.00, 4047311
0.00, 3956802
0.00, 3949747
0.00, 4109335
0.00, 4677210
0.00, 4602257
0.00, 4415538
0.00, 3670675
0.00, 3653679
0.00, 3401358
0.00, 3391825
0.00, 3381740
0.01, 3371224
0.01, 4018571
0.01, 3990360
0.01, 3503899
0.01, 4177177
0.01, 4124032
0.01, 4001117
0.01, 4012882
0.01, 3967180
0.01, 3758266
0.01, 3563988
0.01, 4087144
0.01, 4077447
0.01, 4054893
0.01, 3876352
0.01, 3591632
0.01, 3526955
0.01, 3488023
0.01, 3442920
0.01, 3495094
0.01, 3505229
0.01, 3752350
0.01, 3743626
0.01, 3991830
0.01, 4568708
0.01, 4445771
0.01, 4391312
0.01, 4536631
0.01, 4512108
0.01, 4468364
0.01, 4529777
0.01, 4421942
0.01, 4267269
0.01, 3994205
0.01, 4150417
0.01, 4293260
0.01, 4293260
0.01, 4289344
0.01, 4332042
0.01, 4309055
0.01, 4307000
0.01, 4255820
0.01, 4305364
0.01, 4284166
0.01, 4229596
0.01, 3998184
0.01, 3968898
0.01, 4303738
0.01, 4210281
0.01, 4313678
0.01, 4101713
0.01, 4097558
0.01, 4066009
0.01, 3923944
0.01, 3905983
0.01, 3871645
0.01, 3899830
0.01, 3893452
0.01, 3720552
0.01, 3716266
0.01, 3291552
0.01, 3201531
0.01, 3155924
0.01, 3260400
0.01, 3640564
0.01, 3602839
0.01, 3398062
0.01, 3350494
0.01, 4307754
0.01, 4304062
0.01, 4099964
0.01, 4019776
0.01, 4174217
0.01, 4444355
0.01, 4155350
0.01, 4102185
0.01, 3996333
0.01, 4001927
0.01, 4101300
0.01, 4091867
0.01, 4090684
0.01, 4060621
0.01, 4035612
0.01, 4258269
0.01, 4399626
0.01, 4500810
0.01, 4351905
0.01, 4280014
0.01, 4260277
0.01, 4244486
0.01, 4167958
0.01, 4310772
0.01, 4288054
0.01, 4276506
0.01, 4259738
0.01, 4179949
0.01, 4249981
0.01, 4215011
0.01, 4179781
0.01, 4152047
0.01, 4215199
0.01, 4154199
0.01, 3651545
0.01, 3840660
0.01, 3826653
0.01, 3700530
0.01, 3841118
0.01, 4179873
0.01, 3936755
0.01, 3930607
0.01, 3894441
0.01, 3867408
0.01, 3792536
0.01, 3775893
0.01, 3902235
0.01, 3899428
0.01, 3855904
0.01, 4213265
0.01, 4025216
0.01, 4001202
0.01, 3883890
0.01, 3669145
0.01, 3661321
0.01, 3548551
0.01, 3773335
0.01, 3764433
0.01, 3798037
0.01, 3781467
0.01, 3725641
0.01, 3723989
0.01, 3685187
0.01, 3594750
0.01, 3830304
0.01, 3798972
0.01, 3711318
0.01, 4284430
0.01, 4215288
0.01, 4184590
0.01, 4181508
0.01, 3869535
0.01, 3669704
0.01, 3664804
0.01, 3626758
0.01, 3561476
0.01, 3528315
0.01, 3452505
0.01, 3525512
0.01, 3524888
0.01, 3443789
0.01, 3437180
0.01, 3424551
0.01, 3464629
0.01, 3461012
0.01, 3382203
0.01, 3359743
0.01, 3370533
0.01, 3328727
0.01, 3212367
0.01, 3144723
0.01, 3130991
0.01, 3119018
0.01, 3039750
0.01, 3033765
0.01, 3117516
0.01, 3112728
0.01, 3088123
0.01, 3081220
0.01, 3129425
0.01, 3080408
0.01, 3059367
0.01, 3010127
0.01, 2844326
0.01, 2760243
0.01, 2753470
0.01, 2735791
0.01, 2732545
0.01, 2809160
0.01, 2787415
0.01, 2687494
0.01, 2571313
0.01, 2562514
0.01, 2634745
0.01, 2607483
0.01, 2579943
0.01, 2628829
0.02, 2739682
0.02, 2730893
0.02, 2701589
0.02, 2698792
0.02, 2672323
0.02, 2673934
0.02, 2663956
0.02, 2630163
0.02, 2622236
0.02, 2619432
0.02, 2616652
0.02, 2615458
0.02, 2583022
0.02, 2577280
0.02, 2573843
0.02, 2553692
0.02, 2551425
0.02, 2503129
0.02, 2359501
0.02, 2379039
0.02, 2365446
0.02, 2390848
0.02, 2379386
0.02, 2310691
0.02, 2309828
0.02, 2311525
0.02, 2306711
0.02, 2254506
0.02, 2244971
0.02, 2226962
0.02, 2222546
0.02, 2222495
0.02, 2214689
0.02, 1986539
0.02, 1969557
0.02, 1948381
0.02, 1948074
0.02, 1942611
0.02, 1920769
0.02, 1907824
0.02, 1884587
0.02, 1880238
0.02, 1875167
0.02, 1868151
0.02, 1866321
0.02, 1852917
0.02, 1848187
0.02, 1823890
0.02, 1822161
0.02, 1802128
0.02, 1747190
0.02, 1734740
0.02, 1729742
0.02, 1729742
0.02, 1719247
0.02, 1581671
0.02, 1580829
0.03, 1580468
0.03, 1575892
0.03, 1493858
0.03, 1493715
0.03, 1491700
