0.00, 4153120
0.00, 4153120
0.00, 4153120
0.00, 4153120
0.00, 4153120
0.00, 4153120
0.00, 4153120
0.00, 4153120
0.00, 4153120
0.00, 4153120
0.00, 4153120
0.00, 4152263
0.00, 4152263
0.00, 4152263
0.00, 4152263
0.00, 4152263
0.00, 3978486
0.00, 3833675
0.00, 3833675
0.00, 3739905
0.00, 3739905
0.00, 3739905
0.00, 3739905
0.00, 3739905
0.00, 3739905
0.00, 3739905
0.00, 3739905
0.00, 3694096
0.00, 3694096
0.00, 3568969
0.00, 3568969
0.01, 3568969
0.01, 3356810
0.01, 3356810
0.01, 3356810
0.01, 3305370
0.01, 3305370
0.01, 3305370
0.01, 3305370
0.01, 3305370
0.01, 3305370
0.01, 3305370
0.01, 3305370
0.01, 3305370
0.01, 3305370
0.01, 3190833
0.01, 3190833
0.01, 3190833
0.01, 3190833
0.01, 3190833
0.01, 2999653
0.01, 2999653
0.01, 2999653
0.01, 2999653
0.01, 2999653
0.01, 2999653
0.01, 2999653
0.01, 2999653
0.01, 2999653
0.01, 2999653
0.01, 2999653
0.01, 2999653
0.01, 2985340
0.01, 2985340
0.01, 2985340
0.01, 2985340
0.01, 2985340
0.01, 2985340
0.01, 2985340
0.01, 2985340
0.01, 2960346
0.01, 2960346
0.01, 2960346
0.01, 2960346
0.01, 2960346
0.01, 2960346
0.01, 2960346
0.01, 2960346
0.01, 2960346
0.01, 2960346
0.01, 2960346
0.01, 2960346
0.01, 2960346
0.01, 2960346
0.01, 2960346
0.01, 2960346
0.01, 2960346
0.01, 2960346
0.01, 2960346
0.01, 2960346
0.01, 2960346
0.01, 2960346
0.01, 2960346
0.01, 2960346
0.01, 2960346
0.01, 2960346
0.01, 2960346
0.01, 2960346
0.01, 2960346
0.01, 2960346
0.01, 2960346
0.01, 2960346
0.01, 2960346
0.01, 2960346
0.01, 2960346
0.01, 2960346
0.01, 2960346
0.01, 2960346
0.01, 2960346
0.01, 2960346
0.01, 2960346
0.01, 2960346
0.01, 2960346
0.01, 2960346
0.01, 2960346
0.01, 2960346
0.01, 2960346
0.01, 2960346
0.01, 2960346
0.01, 2960346
0.01, 2960346
0.01, 2960346
0.01, 2960346
0.01, 2960346
0.01, 2960346
0.01, 2960346
0.01, 2960346
0.01, 2960346
0.01, 2960346
0.01, 2960346
0.01, 2960346
0.01, 2960346
0.01, 2960346
0.01, 2960346
0.01, 2960346
0.01, 2960346
0.01, 2960346
0.01, 2960346
0.01, 2960346
0.01, 2960346
0.01, 2960346
0.01, 2960346
0.01, 2960346
0.01, 2960346
0.01, 2960346
0.01, 2960346
0.01, 2960346
0.01, 2960346
0.01, 2960346
0.01, 2960346
0.01, 2960346
0.01, 2960346
0.01, 2960346
0.01, 2960346
0.01, 2960346
0.01, 2960346
0.01, 2960346
0.01, 2960346
0.01, 2947471
0.01, 2947471
0.01, 2947471
0.01, 2947471
0.01, 2947471
0.01, 2947471
0.01, 2947471
0.01, 2947471
0.01, 2947471
0.01, 2947471
0.01, 2947471
0.01, 2947471
0.01, 2947471
0.01, 2947471
0.01, 2947471
0.01, 2947471
0.01, 2947471
0.02, 2947471
0.02, 2947471
0.02, 2947471
0.02, 2905091
0.02, 2905091
0.02, 2885671
0.02, 2885671
0.02, 2885671
0.02, 2885671
0.02, 2885671
0.02, 2885671
0.02, 2885671
0.02, 2885671
0.02, 2849865
0.02, 2849865
0.02, 2849865
0.02, 2849865
0.02, 2849865
0.02, 2849865
0.02, 2849865
0.02, 2826983
0.02, 2826983
0.02, 2826983
0.02, 2826983
0.02, 2826983
0.02, 2826983
0.02, 2672049
0.02, 2672049
0.02, 2672049
0.02, 2672049
0.02, 2672049
0.02, 2672049
0.02, 2672049
0.02, 2672049
0.02, 2672049
0.02, 2672049
0.02, 2672049
0.02, 2672049
0.02, 2672049
0.02, 2672049
0.02, 2659661
0.02, 2659661
0.02, 2659661
0.02, 2659661
0.02, 2659661
0.02, 2659661
0.02, 2659661
0.02, 2659661
0.02, 2659661
0.02, 2659661
0.02, 2659661
0.02, 2659661
0.02, 2659661
0.02, 2557047
0.02, 2557047
0.02, 2557047
0.02, 2557047
0.02, 2557047
0.02, 2557047
0.02, 2557047
0.02, 2557047
0.02, 2557047
0.02, 2557047
0.02, 2557047
0.02, 2557047
0.02, 2557047
0.02, 2557047
0.02, 2557047
0.02, 2557047
0.02, 2557047
0.02, 2557047
0.02, 2557047
0.02, 2557047
0.02, 2557047
0.02, 2557047
0.02, 2557047
0.02, 2557047
0.02, 2557047
0.02, 2557047
0.02, 2557047
0.02, 2557047
0.02, 2557047
0.02, 2557047
0.02, 2557047
0.02, 2557047
0.02, 2557047
0.02, 2557047
0.02, 2525269
0.02, 2525269
0.02, 2525269
0.02, 2525269
0.02, 2525269
0.02, 2525269
0.02, 2525269
0.02, 2525269
0.02, 2525269
0.02, 2525269
0.02, 2525269
0.02, 2525269
0.02, 2525269
0.02, 2525269
0.02, 2525269
0.02, 2525269
0.02, 2525269
0.02, 2525269
0.02, 2525269
0.02, 2525269
0.02, 2525269
0.02, 2525269
0.02, 2525269
0.02, 2525269
0.02, 2525269
0.02, 2525269
0.02, 2525269
0.02, 2525269
0.02, 2525269
0.02, 2525269
0.02, 2525269
0.02, 2525269
0.02, 2525269
0.02, 2525269
0.02, 2525269
0.02, 2525269
0.02, 2525269
0.02, 2525269
0.02, 2525269
0.02, 2525269
0.02, 2525269
0.02, 2525269
0.02, 2489523
0.02, 2489523
0.02, 2489523
0.02, 2489523
0.02, 2489523
0.02, 2489523
0.02, 2489523
0.02, 2489523
0.02, 2489523
0.02, 2489523
0.02, 2489523
0.02, 2489523
0.02, 2489523
0.02, 2489523
0.02, 2489523
0.02, 2489523
0.02, 2489523
0.02, 2489523
0.02, 2489523
0.02, 2489523
0.02, 2489523
0.02, 2489523
0.02, 2489523
0.02, 2489523
0.02, 2489523
0.02, 2489523
0.02, 2489523
0.02, 2489523
0.02, 2489523
0.02, 2489523
0.02, 2489523
0.02, 2489523
0.02, 2489523
0.02, 2489523
0.02, 2489523
0.02, 2489523
0.02, 2489523
0.02, 2489523
0.02, 2489523
0.02, 2489523
0.02, 2489523
0.02, 2489523
0.02, 2489523
0.02, 2489523
0.02, 2489523
0.02, 2489523
0.02, 2489523
0.02, 2489523
0.02, 2489523
0.02, 2489523
0.02, 2489523
0.02, 2489523
0.02, 2489523
0.02, 2489523
0.02, 2489523
0.02, 2489523
0.02, 2489523
0.02, 2489523
0.02, 2489523
0.02, 2489523
0.02, 2489523
0.02, 2489523
0.02, 2489523
0.02, 2489523
0.02, 2489523
0.02, 2489523
0.02, 2489523
0.02, 2489523
0.02, 2489523
0.02, 2489523
0.02, 2489523
0.02, 2489523
0.02, 2489523
0.02, 2489523
0.02, 2489523
0.02, 2489523
0.02, 2489523
0.02, 2489523
0.02, 2489523
0.02, 2489523
0.02, 2489523
0.02, 2480253
0.02, 2480253
0.02, 2480253
0.02, 2480253
0.02, 2480253
0.02, 2480253
0.02, 2480253
0.02, 2480253
0.02, 2480253
0.02, 2480253
0.02, 2480253
0.02, 2480253
0.02, 2480253
0.02, 2480253
0.02, 2480253
0.02, 2480253
0.02, 2480253
0.02, 2480253
0.02, 2462441
0.02, 2462441
0.02, 2462441