0.00, 2784393
0.00, 2784393
0.00, 2784393
0.00, 2784393
0.00, 2734208
0.00, 2734208
0.00, 2734208
0.00, 2708100
0.00, 2708100
0.00, 2708100
0.00, 2640162
0.00, 2640162
0.00, 2635246
0.00, 2593303
0.00, 2593303
0.00, 2558289
0.00, 2558289
0.00, 2558289
0.00, 2558289
0.00, 2558289
0.00, 2558289
0.00, 2558289
0.00, 2558289
0.00, 2536704
0.00, 2530894
0.00, 2530894
0.00, 2530894
0.00, 2530894
0.00, 2486026
0.00, 2486026
0.00, 2486026
0.00, 2486026
0.00, 2391429
0.00, 2391429
0.00, 2391429
0.00, 2391429
0.00, 2338196
0.00, 2338196
0.00, 2338196
0.00, 2338196
0.00, 2314672
0.00, 2314672
0.00, 2314672
0.00, 2314672
0.00, 2314672
0.00, 2312628
0.00, 2312628
0.00, 2312628
0.00, 2268151
0.00, 2214388
0.00, 2214388
0.00, 2214388
0.00, 2208387
0.01, 2208387
0.01, 2208387
0.01, 2208387
0.01, 2208387
0.01, 2208387
0.01, 2208387
0.01, 2208387
0.01, 2208387
0.01, 2208387
0.01, 2208387
0.01, 2208387
0.01, 2208387
0.01, 2208387
0.01, 2208387
0.01, 2208387
0.01, 2208387
0.01, 2167758
0.01, 2167758
0.01, 2167758
0.01, 2167758
0.01, 2167758
0.01, 2167758
0.01, 2167758
0.01, 2167758
0.01, 2167758
0.01, 2167758
0.01, 2167758
0.01, 2167758
0.01, 2167758
0.01, 2167758
0.01, 2167758
0.01, 2167758
0.01, 2167758
0.01, 2167758
0.01, 2167758
0.01, 2167758
0.01, 2167758
0.01, 2167758
0.01, 2106191
0.01, 2065725
0.01, 2060701
0.01, 2060701
0.01, 2056791
0.01, 1993450
0.01, 1970481
0.01, 1970481
0.01, 1970481
0.01, 1970481
0.01, 1970481
0.01, 1970481
0.01, 1970481
0.01, 1970481
0.01, 1970481
0.01, 1970481
0.01, 1970481
0.01, 1961712
0.01, 1961712
0.01, 1961712
0.01, 1961712
0.01, 1961712
0.01, 1961712
0.01, 1961712
0.01, 1961712
0.01, 1961712
0.01, 1961712
0.01, 1961712
0.01, 1961712
0.01, 1961712
0.01, 1961712
0.01, 1961712
0.01, 1961712
0.01, 1961712
0.01, 1961712
0.01, 1961712
0.01, 1961712
0.01, 1961712
0.01, 1961712
0.01, 1961712
0.01, 1961712
0.01, 1961712
0.01, 1961712
0.01, 1961712
0.01, 1961712
0.01, 1961712
0.01, 1961712
0.01, 1961712
0.01, 1961712
0.01, 1961712
0.01, 1961712
0.01, 1961712
0.01, 1961712
0.01, 1961712
0.01, 1961712
0.01, 1961712
0.01, 1961712
0.01, 1961712
0.01, 1961712
0.01, 1961712
0.01, 1961712
0.01, 1961712
0.01, 1961712
0.01, 1961712
0.01, 1961712
0.01, 1961712
0.01, 1961712
0.01, 1961712
0.01, 1961712
0.01, 1961712
0.01, 1961712
0.01, 1961712
0.01, 1961712
0.01, 1961712
0.01, 1961712
0.01, 1961712
0.01, 1955611
0.01, 1955611
0.01, 1955611
0.01, 1955611
0.02, 1955611
0.02, 1955611
0.02, 1955611
0.02, 1955611
0.02, 1955611
0.02, 1955611
0.02, 1924409
0.02, 1924409
0.02, 1878969
0.02, 1858240
0.02, 1858240
0.02, 1858240
0.02, 1858240
0.02, 1858240
0.02, 1858240
0.02, 1858240
0.02, 1858240
0.02, 1858240
0.02, 1858240
0.02, 1858240
0.02, 1858240
0.02, 1858240
0.02, 1858240
0.02, 1858240
0.02, 1858240
0.02, 1858240
0.02, 1858240
0.02, 1858240
0.02, 1858240
0.02, 1858240
0.02, 1858240
0.02, 1858240
0.02, 1858240
0.02, 1835130
0.02, 1835130
0.02, 1835130
0.02, 1835130
0.02, 1835130
0.02, 1835130
0.02, 1835130
0.02, 1835130
0.02, 1835130
0.02, 1835130
0.02, 1835130
0.02, 1835130
0.02, 1835130
0.02, 1835130
0.02, 1835130
0.02, 1835130
0.02, 1835130
0.02, 1835130
0.02, 1835130
0.02, 1835130
0.02, 1835130
0.02, 1835130
0.02, 1835130
0.02, 1835130
0.02, 1835130
0.02, 1835130
0.02, 1835130
0.02, 1835130
0.02, 1825957
0.02, 1825957
0.02, 1825957
0.02, 1825957
0.02, 1825957
0.02, 1825957
0.02, 1825957
0.02, 1825957
0.02, 1825957
0.02, 1825957
0.02, 1825957
0.02, 1825957
0.02, 1825957
0.02, 1825957
0.02, 1825957
0.02, 1825957
0.02, 1825957
0.02, 1825957
0.02, 1825957
0.02, 1825957
0.02, 1825957
0.02, 1825957
0.02, 1825957
0.02, 1825957
0.02, 1825957
0.02, 1825957
0.02, 1825957
0.02, 1825957
0.02, 1825957
0.02, 1825957
0.02, 1825957
0.02, 1825957
0.02, 1825957
0.02, 1825957
0.02, 1825957
0.02, 1825957
0.02, 1825957
0.02, 1825957
0.02, 1825957
0.02, 1825957
0.02, 1825957
0.02, 1825957
0.02, 1825957
0.02, 1825957
0.02, 1825957
0.02, 1825957
0.02, 1825957
0.02, 1825957
0.02, 1825957
0.02, 1825957
0.02, 1825957
0.02, 1825957
0.02, 1825957
0.02, 1825957
0.02, 1825957
0.02, 1825957
0.02, 1825957
0.02, 1825957
0.02, 1825957
0.02, 1825957
0.02, 1825957
0.02, 1825957
0.02, 1825957
0.02, 1825957
0.02, 1825957
0.02, 1825957
0.02, 1825957
0.02, 1825957
0.02, 1825957
0.02, 1825957
0.02, 1825957
0.02, 1825957
0.02, 1825957
0.02, 1825957
0.02, 1825957
0.02, 1825957
0.02, 1825957
0.02, 1825957
0.02, 1825957
0.02, 1825957
0.02, 1825957
0.02, 1825957
0.02, 1825957
0.02, 1825957
0.02, 1825957
0.02, 1825957
0.02, 1825957
0.02, 1825957
0.02, 1825957
0.02, 1825957
0.02, 1825957
0.02, 1825957
0.02, 1825957
0.02, 1825957
0.02, 1825957
0.02, 1825957
0.02, 1825957
0.02, 1825957
0.02, 1825957
0.02, 1825957
0.02, 1825957
0.02, 1825957
0.02, 1825957
0.02, 1825957
0.02, 1825957
0.02, 1825957
0.02, 1825957
0.02, 1825957
0.02, 1825957
0.02, 1825957
0.02, 1825957
0.02, 1746610
0.02, 1746610
0.02, 1725699
0.02, 1725699
0.02, 1725699
0.02, 1725699
0.02, 1725699
0.02, 1725699
0.02, 1725699
0.02, 1725699
0.02, 1725699
0.02, 1725699
0.02, 1725699
0.02, 1618888
0.02, 1618888
0.02, 1618888
0.02, 1618888
0.02, 1618888
0.02, 1618888
0.02, 1618888
0.02, 1618888
0.03, 1618888
0.03, 1618888
0.03, 1618888
0.03, 1618888
0.03, 1618888
0.03, 1618888
0.03, 1618888
0.03, 1618888
0.03, 1618888
0.03, 1618888
0.03, 1618888
0.03, 1618888
0.03, 1618888
0.03, 1618888
0.03, 1618888
0.03, 1618888
0.03, 1618888
0.03, 1618888
0.03, 1618888
0.03, 1618888
0.03, 1618888
0.03, 1618888
0.03, 1618888
0.03, 1618888
0.03, 1618888
0.03, 1618888
0.03, 1618888
0.03, 1618888
0.03, 1618888
0.03, 1618888
0.03, 1618888
0.03, 1618888
0.03, 1618888
0.03, 1618888
0.03, 1618888
0.03, 1618888
0.03, 1618888
0.03, 1618888
0.03, 1618888
0.03, 1618888
0.03, 1618888
0.03, 1618888
0.03, 1618888
0.03, 1618888
0.03, 1618888
0.03, 1618888
0.03, 1618888
0.03, 1601478
0.03, 1601478
0.03, 1601478
0.03, 1492241
0.03, 1492241
0.03, 1492241
0.03, 1444073
0.03, 1444073
0.03, 1444073
0.03, 1444073
0.03, 1444073
0.03, 1444073
0.03, 1444073
0.03, 1444073
0.03, 1444073
0.03, 1444073
0.03, 1444073
0.03, 1444073
0.03, 1444073
0.03, 1444073
0.03, 1444073
0.03, 1444073
0.03, 1444073
0.03, 1444073
0.03, 1444073
0.03, 1444073
0.03, 1444073
0.03, 1444073
0.03, 1444073
0.03, 1444073
0.03, 1444073
0.03, 1444073
0.03, 1444073
0.03, 1444073
0.03, 1444073
0.03, 1444073
0.03, 1444073
0.03, 1444073
0.03, 1424639
0.03, 1424639
0.03, 1424639
0.03, 1424639
0.03, 1424639
0.03, 1424639
0.03, 1424639
0.03, 1424639
0.03, 1424639
0.03, 1424639
0.03, 1424639
0.03, 1424639
0.03, 1424639
0.03, 1424639
0.03, 1424639
0.03, 1424639
0.03, 1424639
0.03, 1424639
0.03, 1424639
0.03, 1424639
0.03, 1424639
0.03, 1424639
0.03, 1424639
0.03, 1424639
0.03, 1424639
0.03, 1424639
0.03, 1424639
0.03, 1424639
0.03, 1424639
0.03, 1424639
0.03, 1424639
0.03, 1424639
0.03, 1424639
0.03, 1424639
0.03, 1424639
0.03, 1424639
0.03, 1424639
0.03, 1424639
0.03, 1424639
0.03, 1424639
0.03, 1424639
0.03, 1424639
0.03, 1424639
0.03, 1424639
0.03, 1424639
0.03, 1424639
0.03, 1424639
0.03, 1424639
0.03, 1424639
0.03, 1424639
0.03, 1424639
0.03, 1424639
0.03, 1424639
0.03, 1424639
0.03, 1424639
0.03, 1424639
0.03, 1424639
0.03, 1424639
0.03, 1424639
0.03, 1424639
0.03, 1424639
0.03, 1424639
0.03, 1424639
0.03, 1424639
0.03, 1424639
0.03, 1424639
0.03, 1424639
0.03, 1424639
0.03, 1424639
0.03, 1424639
0.03, 1424639
0.03, 1424639
0.03, 1424639
0.03, 1424639
0.03, 1424639
0.03, 1424639
0.03, 1424639
0.03, 1424639
0.03, 1424639
0.03, 1424639
0.03, 1424639
0.03, 1424639
0.03, 1424639
0.03, 1424639
0.03, 1424639
0.03, 1424639
0.03, 1424639
0.03, 1424639
0.03, 1424639
0.03, 1424639
0.03, 1424639
0.03, 1424639
0.03, 1424639
0.03, 1424639
0.03, 1424639
0.03, 1424639
0.03, 1424639
0.03, 1424639
0.03, 1424639
0.03, 1424639
0.03, 1424639
0.03, 1424639
0.03, 1424639
0.03, 1424639
0.03, 1424639
0.03, 1424639
0.03, 1424639
0.03, 1424639
0.03, 1424639
0.03, 1424639
0.03, 1424639
0.03, 1424639
0.03, 1424639
0.03, 1424639
0.03, 1424639
0.03, 1424639
0.03, 1424639
0.03, 1424639
0.03, 1424639
0.03, 1424639
0.03, 1424639
0.03, 1424639
0.03, 1424639
0.03, 1424639
0.03, 1424639
0.03, 1424639
0.03, 1424639
0.03, 1424639
0.03, 1424639
0.03, 1424639
0.03, 1424639
0.03, 1424639
0.03, 1424639
0.03, 1424639
0.03, 1424639
0.03, 1424639
0.03, 1424639
0.03, 1424639
0.03, 1424639
0.03, 1424639
0.03, 1424639
0.04, 1424639
0.04, 1424639
0.04, 1424639
0.04, 1424639
0.04, 1424639
0.04, 1424639
0.04, 1424639
0.04, 1424639
0.04, 1424639
0.04, 1424639
0.04, 1424639
0.04, 1424639
0.04, 1424639
0.04, 1424639
0.04, 1424639
0.04, 1424639
0.04, 1424639
0.04, 1424639
0.04, 1424639
0.04, 1424639
0.04, 1424639
0.04, 1424639
0.04, 1424639
0.04, 1424639
0.04, 1424639
0.04, 1424639
0.04, 1424639
0.04, 1424639
0.04, 1424639
0.04, 1424639
0.04, 1424639
0.04, 1424639
0.04, 1424639
0.04, 1424639
0.04, 1424639
0.04, 1424639
0.04, 1424639
0.04, 1424639
0.04, 1424639
0.04, 1424639
0.04, 1424639
0.04, 1424639
0.04, 1424639
0.04, 1424639
0.04, 1424639
0.04, 1424639
0.04, 1424639
0.04, 1424639
0.04, 1424639
0.04, 1424639
0.04, 1424639
0.04, 1424639
0.04, 1424639
0.04, 1424639
0.04, 1424639
0.04, 1424639
0.04, 1424639
0.04, 1424639
0.04, 1424639
0.04, 1424639
0.04, 1424639
0.04, 1424639
0.04, 1424639
0.04, 1424639
0.04, 1424639
0.04, 1424639
0.04, 1424639
0.04, 1424639
0.04, 1424639
0.04, 1424639
0.04, 1424639
0.04, 1424639
0.04, 1424639
0.04, 1424639
0.04, 1424639
0.04, 1424639
0.04, 1424639
0.04, 1424639
0.04, 1424639
0.04, 1424639
0.04, 1424639
0.04, 1424639
0.04, 1424639
0.04, 1424639
0.04, 1424639
0.04, 1424639
0.04, 1424639
0.04, 1424639
0.04, 1424639
0.04, 1424639
0.04, 1424639
0.04, 1424639
0.04, 1424639
0.04, 1424639
0.04, 1424639
0.04, 1424639
0.04, 1424639
0.04, 1424639
0.04, 1424639
0.04, 1424639
0.04, 1424639
0.04, 1424639
0.04, 1424639
0.04, 1424639
0.04, 1424639
0.04, 1424639
0.04, 1424639
0.04, 1424639
0.04, 1424639
0.04, 1424639
0.04, 1424639
0.04, 1424639
0.04, 1424639
0.04, 1424639
0.04, 1424639
0.04, 1424639
0.04, 1424639
0.04, 1424639
0.04, 1424639
0.04, 1424639
0.04, 1424639
0.04, 1424639
0.04, 1424639
0.04, 1424639
0.04, 1424639
0.04, 1424639
0.04, 1424639
0.04, 1424639
0.04, 1424639
0.04, 1424639
0.04, 1424639
0.04, 1424639
0.04, 1424639
0.04, 1424639
0.04, 1424639
0.04, 1424639
0.04, 1424639
0.04, 1424639
0.04, 1424639
0.04, 1424639
0.04, 1424639
0.04, 1424639
0.04, 1424639
0.04, 1424639
0.04, 1424639
0.04, 1424639
0.04, 1424639
0.04, 1424639
0.04, 1424639
0.04, 1424639
0.04, 1424639
0.04, 1424639
0.04, 1424639
0.04, 1424639
0.04, 1424639
0.04, 1424639
0.04, 1424639
0.04, 1424639
0.04, 1424639
0.04, 1424639
0.04, 1424639
0.04, 1424639
0.04, 1424639
0.04, 1424639
0.04, 1424639
0.04, 1424639
0.04, 1424639
0.04, 1424639
0.04, 1424639
0.04, 1424639
0.04, 1424639
0.04, 1424639
0.04, 1424639
0.04, 1424639
0.04, 1424639
0.04, 1424639
0.04, 1424639
0.04, 1424639
0.04, 1424639
0.04, 1424639
0.04, 1424639
0.04, 1424639
0.04, 1424639
0.04, 1424639
0.04, 1424639
0.04, 1424639
0.04, 1424639
0.04, 1424639
0.04, 1424639
0.04, 1424639
0.04, 1424639
0.04, 1424639
0.04, 1424639
0.04, 1424639
0.04, 1424639
0.04, 1424639
0.04, 1424639
0.04, 1424639
0.04, 1424639
0.04, 1424639
0.04, 1424639
0.04, 1424639
0.04, 1424639
0.04, 1424639
0.04, 1424639
0.04, 1424639
0.04, 1424639
0.04, 1424639
0.04, 1424639
0.04, 1424639
0.04, 1424639
0.04, 1424639
0.04, 1424639
0.04, 1424639
0.04, 1424639
0.04, 1424639
0.04, 1424639
0.04, 1424639
0.04, 1424639
0.04, 1424639
0.04, 1424639
0.04, 1424639
0.04, 1424639
0.04, 1424639
0.04, 1424639
0.04, 1424639
0.04, 1424639
0.04, 1424639
0.04, 1424639
0.04, 1424639
0.04, 1424639
0.04, 1424639
0.04, 1424639
0.04, 1424639
0.04, 1424639
0.04, 1424639
0.04, 1424639
0.04, 1424639
0.04, 1424639
0.04, 1424639
0.04, 1424639
0.04, 1424639
0.04, 1424639
0.04, 1424639
0.04, 1424639
0.04, 1424639
0.04, 1424639
0.04, 1424639
0.04, 1424639
0.04, 1424639
0.04, 1424639
0.04, 1424639
0.04, 1424639
0.04, 1424639
0.04, 1424639
0.04, 1424639
0.04, 1424639
0.04, 1424639
0.04, 1424639
0.04, 1424639
0.04, 1424639
0.04, 1424639
0.04, 1424639
0.04, 1424639
0.04, 1424639
0.04, 1424639
0.04, 1424639
0.04, 1424639
0.04, 1424639
0.04, 1424639
0.04, 1424639
0.04, 1424639
0.04, 1424639
0.04, 1424639
0.04, 1424639
0.04, 1424639
0.04, 1424639
0.04, 1424639
0.04, 1424639
0.04, 1424639
0.04, 1424639
0.04, 1424639
0.04, 1424639
0.04, 1424639
0.04, 1424639
0.04, 1424639
0.04, 1424639
0.04, 1424639
0.04, 1424639
0.04, 1424639
0.04, 1424639
0.04, 1424639
0.04, 1424639
0.04, 1424639
0.04, 1424639
0.04, 1424639
0.04, 1424639
0.04, 1424639
0.04, 1424639
0.04, 1424639
0.04, 1424639
0.04, 1424639
0.04, 1424639
0.04, 1424639
0.04, 1424639
0.04, 1424639
0.04, 1424639
0.04, 1424639
0.04, 1424639
0.04, 1424639
0.04, 1424639
0.04, 1424639
0.04, 1424639
0.04, 1424639
0.04, 1424639
0.04, 1424639
0.04, 1424639
0.04, 1424639
0.04, 1424639
0.04, 1424639
0.05, 1424639
0.05, 1424639
0.05, 1424639
0.05, 1424639
0.05, 1424639
0.05, 1424639
0.05, 1424639
0.05, 1424639
0.05, 1424639
0.05, 1424639
0.05, 1424639
0.05, 1424639
0.05, 1424639
0.05, 1424639
0.05, 1424639
0.05, 1424639
0.05, 1424639
0.05, 1424639
0.05, 1424639
0.05, 1424639
0.05, 1424639
0.05, 1424639
0.05, 1424639
0.05, 1424639
0.05, 1424639
0.05, 1424639
0.05, 1424639
0.05, 1424639
0.05, 1424639
0.05, 1424639
0.05, 1424639
0.05, 1424639
0.05, 1424639
0.05, 1424639
0.05, 1424639
0.05, 1424639
0.05, 1424639
0.05, 1424639
0.05, 1424639
0.05, 1424639
0.05, 1424639
0.05, 1424639
0.05, 1424639
0.05, 1424639
0.05, 1424639
0.05, 1424639
0.05, 1424639
0.05, 1424639
0.05, 1424639
0.05, 1424639
0.05, 1424135
0.05, 1424135
0.05, 1424135
0.05, 1424135
0.05, 1424135
0.05, 1424135
0.05, 1424135
0.05, 1424135
0.05, 1424135
0.05, 1424135
0.05, 1424135
0.05, 1424135
0.05, 1424135
0.05, 1424135
0.05, 1424135
0.05, 1417130
0.05, 1417130
0.05, 1417130
0.05, 1417130
0.05, 1417130
0.05, 1417130
0.05, 1417130
0.05, 1417130
0.05, 1417130
0.05, 1417130
0.05, 1417130
0.05, 1417130
0.05, 1417130
0.05, 1417130
0.05, 1417130
0.05, 1417130
0.05, 1417130
0.05, 1417130
0.05, 1417130
0.05, 1417130
0.05, 1417130
0.05, 1417130
0.05, 1417130
0.05, 1417130
0.05, 1417130
0.05, 1417130
0.05, 1417130
0.05, 1417130
0.05, 1417130
0.05, 1417130
0.05, 1417130
0.05, 1417130
0.05, 1417130
0.05, 1417130
0.05, 1417130
0.05, 1417130
0.05, 1417130
0.05, 1417130
0.05, 1417130
0.05, 1417130
0.05, 1417130
0.05, 1417130
0.05, 1389615
0.05, 1389615
0.05, 1389615
0.05, 1389615
0.05, 1389615
0.05, 1389615
0.05, 1389615
0.05, 1389615
0.05, 1389615
0.05, 1389615
0.05, 1389615
0.05, 1389615
0.05, 1389615
0.05, 1389615
0.05, 1389615
0.05, 1389615
0.05, 1389615
0.05, 1389615
0.05, 1389615
0.05, 1389615
0.05, 1389615
0.05, 1389615
0.05, 1389615
0.05, 1389615
0.05, 1389615
0.05, 1389615
0.05, 1389615
0.05, 1389615
0.05, 1389615
0.05, 1389615
0.05, 1389615
0.05, 1389615
0.05, 1389615
0.05, 1389615
0.05, 1389615
0.05, 1389615
0.05, 1389615
0.05, 1389615
0.05, 1389615
0.05, 1389615
0.05, 1389615
0.05, 1389615
0.05, 1389615
0.05, 1389615
0.05, 1389615
0.05, 1389615
0.05, 1389615
0.05, 1389615
0.05, 1389615
0.05, 1389615
0.05, 1389615
0.05, 1389615
0.05, 1389615
0.05, 1389615
0.05, 1389615
0.05, 1389615
0.05, 1389615
0.05, 1389615
0.05, 1389615
0.05, 1389615
0.05, 1389615
0.05, 1389615
0.05, 1389615
0.05, 1389615
0.05, 1389615
0.05, 1389615
0.05, 1389615
0.05, 1389615
0.05, 1389615
0.05, 1389615
0.05, 1389615
0.05, 1376353
0.05, 1376353
0.05, 1376353
0.05, 1376353
0.05, 1376353
0.05, 1376353
0.05, 1376353
0.05, 1376353
0.05, 1376353
0.05, 1376353
0.05, 1376353
0.05, 1376353
0.05, 1376353
0.05, 1376353
0.05, 1376353
0.05, 1367735
0.05, 1367735
0.05, 1367735
0.05, 1367735
0.05, 1367735
0.05, 1367735
0.05, 1367735
0.05, 1367735
0.05, 1367735
0.05, 1367735
0.05, 1367735
0.05, 1367735
0.05, 1367735
0.05, 1367735
0.05, 1367735
0.05, 1367735
0.05, 1367735
0.05, 1367735
0.05, 1367735
0.05, 1367735
0.05, 1367735
0.05, 1367735
0.05, 1367735
0.05, 1367735
0.05, 1367735
0.05, 1363191
0.05, 1363191
0.05, 1363191
0.05, 1363191
0.05, 1363191
0.05, 1363191
0.05, 1363191
0.05, 1363191
0.05, 1363191
0.05, 1363191
0.05, 1363191
0.05, 1363191
0.05, 1363191
0.05, 1363191
0.05, 1363191
0.05, 1363191
0.05, 1363191
0.06, 1311820
0.06, 1311820
0.06, 1311820
0.06, 1311820
0.06, 1311820
0.06, 1311820
0.06, 1311820
0.06, 1311820
0.06, 1311820
0.06, 1311820
0.06, 1311820
0.06, 1311820
0.06, 1283724
0.06, 1283724
0.06, 1283724
0.06, 1283724
0.06, 1283724
0.06, 1283724
0.06, 1283724
0.06, 1283724
0.06, 1283724
0.06, 1283724
0.06, 1283724
0.06, 1283724
0.06, 1283724
0.06, 1283724
0.06, 1283724
0.06, 1283724
0.06, 1283724
0.06, 1283724
0.06, 1205509
0.06, 1205509
0.06, 1205509
0.06, 1205509
0.06, 1205509
0.06, 1205509
0.06, 1205509
0.06, 1205509
0.06, 1205509
0.06, 1205509
0.06, 1205509
0.06, 1205509
0.06, 1205509
0.06, 1205509
0.06, 1205509
0.06, 1205509
0.06, 1205509
0.06, 1205509
0.06, 1205509
0.06, 1205509
0.06, 1205509
0.06, 1205509
0.06, 1205509
0.06, 1205509
0.06, 1205509
0.06, 1205509
0.06, 1205509
0.06, 1205509
0.06, 1205509
0.06, 1205509
0.06, 1205509
0.06, 1205509
0.06, 1205509
0.06, 1205509
0.06, 1205509
0.06, 1205509
0.06, 1205509
0.06, 1205509
0.06, 1205509
0.06, 1205509
0.06, 1205509
0.06, 1205509
0.06, 1205509
0.06, 1205509
0.06, 1205509
0.06, 1205509
0.06, 1205509
0.06, 1205509
0.06, 1205509
0.06, 1205509
0.06, 1205509
0.06, 1205509
0.06, 1205509
0.06, 1205509
0.06, 1205509
0.06, 1205509
0.06, 1205509
0.06, 1205509
0.06, 1205509
0.06, 1205509
0.06, 1205509
0.06, 1205509
0.06, 1205509
0.06, 1205509
0.06, 1205509
0.06, 1205509
0.06, 1205509
0.06, 1205509
0.06, 1205509
0.06, 1205509
0.06, 1205509
0.06, 1205509
0.06, 1205509
0.06, 1205509
0.06, 1205509
0.06, 1205509
0.06, 1205509
0.06, 1205509
0.06, 1205509
0.06, 1205509
0.06, 1205509
0.06, 1205509
0.06, 1205509
0.06, 1205509
0.06, 1205509
0.06, 1205509
0.06, 1205509
0.06, 1205509
0.06, 1205509
0.06, 1205509
0.06, 1205509
0.06, 1205509
0.06, 1205509
0.06, 1205509
0.06, 1205509
0.06, 1205509
0.06, 1205509
0.06, 1205509
0.06, 1205509
0.06, 1205509
0.06, 1205509
0.06, 1205509
0.06, 1205509
0.06, 1205509
0.06, 1205509
0.06, 1205509
0.06, 1205509
0.06, 1205509
0.06, 1205509
0.06, 1205509
0.06, 1205509
0.06, 1205509
0.06, 1205509
0.06, 1205509
0.06, 1205509
0.06, 1205509
0.06, 1205509
0.06, 1205509
0.06, 1205509
0.06, 1205509
0.06, 1205509
0.06, 1205509
0.06, 1205509
0.06, 1205509
0.06, 1205509
0.06, 1205509
0.06, 1205509
0.06, 1205509
0.06, 1205509
0.06, 1205509
0.06, 1205509
0.06, 1205509
0.06, 1205509
0.06, 1205509
0.06, 1205509
0.06, 1205509
0.06, 1205509
0.06, 1205509
0.06, 1205509
0.06, 1205509
0.06, 1205509
0.06, 1205509
0.06, 1205509
0.06, 1205509
0.06, 1205509
0.06, 1205509
0.06, 1205509
0.06, 1205509
0.06, 1205509
0.06, 1205509
0.06, 1205509
0.06, 1205509
0.06, 1205509
0.06, 1205509
0.06, 1205509
0.06, 1205509
0.06, 1205509
0.06, 1205509
0.06, 1205509
0.06, 1205509
0.06, 1205509
0.06, 1205509
0.06, 1205509
0.06, 1205509
0.06, 1205509
0.06, 1205509
0.06, 1205509
0.06, 1205509
0.06, 1205509
0.06, 1205509
0.06, 1205509
0.06, 1205509
0.06, 1205509
0.06, 1205509
0.06, 1205509
0.06, 1205509
0.06, 1205509
0.06, 1205509
0.06, 1205509
0.06, 1205509
0.06, 1205509
0.06, 1205509
0.06, 1205509
0.06, 1205509
0.06, 1205509
0.06, 1205509
0.06, 1205509
0.06, 1205509
0.06, 1205509
0.06, 1205509
0.06, 1205509
0.06, 1205509
0.06, 1205509
0.06, 1205509
0.06, 1205509
0.06, 1205509
0.06, 1205509
0.06, 1205509
0.06, 1205509
0.06, 1205509
0.06, 1205509
0.06, 1205509
0.06, 1205509
0.06, 1205509
0.06, 1205509
0.06, 1205509
0.06, 1205509
0.06, 1205509
0.06, 1205509
0.06, 1205509
0.06, 1205509
0.06, 1205509
0.06, 1205509
0.06, 1205509
0.06, 1205509
0.06, 1205509
0.06, 1205509
0.06, 1205509
0.06, 1205509
0.06, 1205509
0.06, 1205509
0.06, 1205509
0.06, 1205509
0.06, 1205509
0.06, 1205509
0.06, 1205509
0.06, 1205509
0.06, 1205509
0.06, 1205509
0.06, 1205509
0.06, 1205509
0.06, 1205509
0.06, 1205509
0.06, 1205509
0.06, 1205509
0.06, 1205509
0.06, 1205509
0.06, 1205509
0.06, 1205509
0.06, 1205509
0.07, 1205509
0.07, 1205509
0.07, 1205509
0.07, 1205509
0.07, 1205509
0.07, 1205509
0.07, 1205509
0.07, 1205509
0.07, 1205509
0.07, 1205509
0.07, 1205509
0.07, 1205509
0.07, 1205509
0.07, 1205509
0.07, 1205509
0.07, 1205509
0.07, 1205509
0.07, 1205509
0.07, 1205509
0.07, 1205509
0.07, 1205509
0.07, 1205509
0.07, 1205509
0.07, 1205509
0.07, 1205509
0.07, 1205509
0.07, 1205509
0.07, 1205509
0.07, 1205509
0.07, 1205509
0.07, 1205509
0.07, 1205509
0.07, 1205509
0.07, 1205509
0.07, 1205509
0.07, 1205509
0.07, 1205509
0.07, 1205509
0.07, 1205509
0.07, 1205509
0.07, 1205509
0.07, 1205509
0.07, 1205509
0.07, 1205509
0.07, 1205509
0.07, 1205509
0.07, 1205509
0.07, 1205509
0.07, 1205509
0.07, 1205509
0.07, 1205509
0.07, 1205509
0.07, 1205509
0.07, 1205509
0.07, 1205509
0.07, 1205509
0.07, 1205509
0.07, 1205509
0.07, 1205509
0.07, 1205509
0.07, 1205509
0.07, 1205509
0.07, 1205509
0.07, 1205509
0.07, 1205509
0.07, 1205509
0.07, 1205509
0.07, 1205509
0.07, 1205509
0.07, 1205509
0.07, 1205509
0.07, 1205509
0.07, 1205509
0.07, 1205509
0.07, 1205509
0.07, 1205509
0.07, 1205509
0.07, 1205509
0.07, 1205509
0.07, 1205509
0.07, 1205509
0.07, 1205509
0.07, 1205509
0.07, 1205509
0.07, 1205509
0.07, 1205509
0.07, 1205509
0.07, 1205509
0.07, 1205509
0.07, 1205509
0.07, 1205509
0.07, 1205509
0.07, 1205509
0.07, 1205509
0.07, 1205509
0.07, 1205509
0.07, 1205509
0.07, 1205509
0.07, 1205509
0.07, 1205509
0.07, 1205509
0.07, 1205509
0.07, 1205509
0.07, 1205509
0.07, 1205509
0.07, 1205509
0.07, 1205509
0.07, 1205509
0.07, 1205509
0.07, 1205509
0.07, 1205509
0.07, 1205509
0.07, 1205509
0.07, 1205509
0.07, 1205509
0.07, 1205509
0.07, 1205509
0.07, 1205509
0.07, 1205509
0.07, 1205509
0.07, 1205509
0.07, 1205509
0.07, 1205509
0.07, 1205509
0.07, 1205509
0.07, 1205509
0.07, 1205509
0.07, 1205509
0.07, 1205509
0.07, 1205509
0.07, 1205509
0.07, 1205509
0.07, 1205509
0.07, 1205509
0.07, 1205509
0.07, 1205509
0.07, 1205509
0.07, 1205509
0.07, 1205509
0.07, 1205509
0.07, 1205509
0.07, 1205509
0.07, 1205509
0.07, 1205475
0.07, 1205475
0.07, 1205475
0.07, 1205475
0.07, 1205475
0.07, 1205475
0.07, 1205475
0.07, 1205475
0.07, 1205475
0.07, 1205475
0.07, 1205475
0.07, 1205475
0.07, 1205475
0.07, 1205475
0.07, 1205475
0.07, 1205475
0.07, 1205475
0.07, 1205475
0.07, 1205475
0.07, 1205475
0.07, 1205475
0.07, 1205475
0.07, 1205475
0.07, 1205475
0.07, 1205475
0.07, 1205475
0.07, 1205475
0.07, 1205475
0.07, 1205475
0.07, 1205475
0.07, 1205475
0.07, 1205475
0.07, 1205475
0.07, 1205475
0.07, 1205475
0.07, 1205475
0.07, 1205475
0.07, 1205475
0.07, 1205475
0.07, 1205475
0.07, 1205475
0.07, 1205475
0.07, 1205475
0.07, 1205475
0.07, 1205475
0.07, 1205475
0.07, 1205475
0.07, 1205475
0.07, 1205475
0.07, 1205475
0.07, 1205475
0.07, 1205475
0.07, 1205475
0.07, 1205475
0.07, 1205475
0.07, 1205475
0.07, 1205475
0.07, 1205475
0.07, 1205475
0.07, 1205475
0.07, 1205475
0.07, 1205475
0.07, 1205475
0.07, 1205475
0.07, 1205475
0.07, 1205475
0.07, 1205475
0.07, 1205475
0.07, 1205475
0.07, 1205475
0.07, 1205475
0.07, 1205475
0.07, 1205475
0.07, 1205475
0.07, 1205475
0.07, 1205475
0.07, 1205475
0.07, 1205475
0.07, 1205475
0.07, 1205475
0.07, 1205475
0.07, 1205475
0.07, 1205475
0.07, 1205475
0.07, 1205475
0.07, 1205475
0.07, 1205475
0.07, 1205475
0.07, 1205475
0.07, 1205475
0.07, 1205475
0.07, 1205475
0.07, 1205475
0.07, 1205475
0.07, 1205475
0.07, 1205475
0.07, 1205475
0.07, 1205475
0.07, 1205475
0.07, 1205475
0.07, 1205475
0.07, 1205475
0.07, 1205475
0.07, 1205475
0.07, 1205475
0.07, 1205475
0.07, 1205475
0.07, 1205475
0.07, 1205475
0.07, 1205475
0.07, 1205475
0.07, 1205475
0.07, 1205475
0.07, 1205475
0.07, 1205475
0.07, 1205475
0.07, 1205475
0.07, 1205475
0.07, 1205475
0.07, 1205475
0.07, 1205475
0.07, 1205475
0.07, 1205475
0.07, 1205475
0.07, 1205475
0.07, 1205475
0.07, 1205475
0.07, 1205475
0.07, 1205475
0.07, 1205475
0.07, 1205475
0.07, 1205475
0.07, 1205475
0.07, 1205475
0.07, 1205475
0.07, 1205475
0.07, 1205475
0.07, 1205475
0.07, 1205475
0.07, 1205475
0.07, 1205475
0.07, 1205475
0.07, 1205475
0.07, 1205475
0.07, 1205475
0.07, 1205475
0.07, 1205475
0.07, 1205475
0.07, 1205475
0.07, 1205475
0.07, 1205475
0.07, 1205475
0.07, 1205475
0.07, 1205475
0.07, 1205475
0.07, 1205475
0.07, 1205475
0.07, 1205475
0.07, 1205475
0.07, 1205475
0.07, 1205475
0.07, 1205475
0.07, 1205475
0.07, 1205475
0.07, 1205475
0.07, 1205475
0.07, 1205475
0.07, 1205475
0.07, 1205475
0.07, 1205475
0.07, 1205475
0.07, 1205475
0.07, 1205475
0.07, 1205475
0.07, 1205475
0.07, 1205475
0.07, 1205475
0.07, 1205475
0.07, 1205475
0.07, 1205475
0.07, 1205475
0.07, 1205475
0.07, 1205475
0.07, 1205475
0.07, 1205475
0.07, 1205475
0.07, 1205475
0.07, 1205475
0.07, 1205475
0.07, 1205475
0.07, 1205475
0.07, 1205475
0.07, 1205475
0.07, 1205475
0.07, 1205475
0.07, 1205475
0.07, 1205475
0.07, 1205475
0.07, 1205475
0.07, 1205475
0.07, 1205475
0.07, 1205475
0.07, 1205475
0.07, 1205475
0.07, 1205475
0.07, 1205475
0.07, 1205475
0.07, 1205475
0.07, 1205475
0.07, 1205475
0.07, 1205475
0.07, 1205475
0.07, 1205475
0.07, 1205475
0.07, 1205475
0.07, 1205475
0.07, 1205475
0.07, 1205475
0.07, 1205475
0.07, 1205475
0.07, 1205475
0.07, 1205475
0.07, 1205475
0.07, 1205475
0.07, 1205475
0.07, 1205475
0.07, 1205475
0.07, 1205475
0.07, 1205475
0.07, 1205475
0.07, 1205475
0.07, 1205475
0.07, 1205475
0.07, 1205475
0.07, 1205475
0.07, 1205475
0.07, 1205475
0.07, 1205475
0.07, 1205475
0.07, 1205475
0.07, 1205475
0.07, 1205475
0.07, 1205475
0.07, 1205475
0.07, 1205475
0.07, 1205475
0.07, 1205475
0.07, 1205475
0.07, 1205475
0.07, 1205475
0.07, 1205475
0.07, 1205475
0.07, 1205475
0.07, 1205475
0.07, 1205475
0.07, 1205475
0.07, 1205475
0.07, 1205475
0.07, 1205475
0.07, 1205475
0.07, 1205475
0.07, 1205475
0.07, 1205475
0.07, 1205475
0.07, 1205475
0.07, 1205475
0.07, 1205475
0.07, 1205475
0.07, 1205475
0.07, 1205475
0.07, 1205475
0.07, 1205475
0.07, 1205475
0.07, 1205475
0.07, 1205475
0.07, 1205475
0.07, 1205475
0.07, 1205475
0.07, 1205475
0.07, 1205475
0.07, 1205475
0.07, 1205475
0.07, 1205475
0.07, 1205475
0.07, 1205475
0.07, 1205475
0.07, 1205475
0.07, 1205475
0.07, 1205475
0.07, 1205475
0.07, 1205475
0.07, 1205475
0.07, 1205475
0.07, 1205475
0.07, 1205475
0.07, 1205475
0.07, 1205475
0.07, 1205475
0.07, 1205475
0.07, 1205475
0.07, 1205475
0.07, 1205475
0.07, 1205475
0.07, 1205475
0.07, 1205475
0.07, 1205475
0.07, 1205475
0.07, 1205475
0.07, 1205475
0.07, 1205475
0.07, 1205475
0.07, 1205475
0.07, 1205475
0.07, 1205475
0.07, 1205475
0.07, 1205475
0.07, 1205475
0.07, 1205475
0.07, 1205475
0.07, 1205475
0.07, 1205475
0.07, 1205475
0.07, 1205475
0.07, 1205475
0.07, 1205475
0.07, 1205475
0.07, 1205475
0.07, 1205475
0.07, 1205475
0.07, 1205475
0.07, 1205475
0.07, 1205475
0.07, 1205475
0.07, 1205475
0.07, 1205475
0.07, 1205475
0.07, 1205475
0.07, 1205475
0.07, 1205475
0.07, 1205475
0.07, 1205475
0.07, 1205475
0.07, 1205475
0.07, 1205475
0.07, 1205475
0.07, 1205475
0.07, 1205475
0.07, 1205475
0.07, 1205475
0.07, 1205475
0.07, 1205475
0.07, 1205475
0.07, 1205475
0.07, 1205475
0.07, 1205475
0.07, 1205475
0.07, 1205475
0.07, 1205475
0.07, 1205475
0.07, 1205475
0.07, 1205475
0.07, 1205475
0.07, 1205475
0.07, 1205475
0.07, 1205475
0.07, 1205475
0.07, 1205475
0.07, 1205475
0.07, 1205475
0.07, 1205475
0.07, 1205475
0.07, 1205475
0.07, 1205475
0.07, 1205475
0.07, 1205475
0.07, 1205475
0.07, 1203901
0.07, 1203901
0.07, 1203901
0.07, 1203901
0.07, 1203901
0.07, 1203901
0.07, 1203901
0.07, 1203901
0.07, 1203901
0.07, 1203901
0.07, 1203901
0.07, 1203901
0.07, 1203901
0.07, 1203901
0.07, 1203901
0.07, 1203901
0.07, 1203901
0.07, 1203901
0.07, 1203901
0.07, 1203901
0.07, 1203901
0.07, 1203901
0.07, 1203901
0.07, 1203901
0.07, 1203901
0.07, 1203901
0.07, 1203901
0.07, 1203901
0.07, 1203901
0.07, 1203901
0.07, 1203901
0.07, 1203901
0.07, 1203901
0.07, 1203901
0.07, 1203901
0.07, 1203901
0.07, 1203901
0.07, 1203901
0.07, 1203901
0.07, 1203901
0.07, 1203901
0.07, 1203901
0.07, 1203901
0.07, 1203901
0.07, 1203901
0.07, 1203901
0.07, 1203901
0.07, 1203901
0.07, 1203901
0.07, 1203901
0.07, 1203901
0.07, 1203901
0.07, 1203901
0.07, 1203901
0.07, 1203901
0.07, 1203901
0.07, 1203901
0.07, 1203901
0.07, 1203901
0.07, 1203901
0.07, 1203901
0.07, 1203901
0.07, 1203901
0.07, 1203901
0.07, 1203901
0.07, 1203901
0.07, 1203901
0.07, 1203901
0.07, 1203901
0.07, 1198420
0.07, 1198420
0.07, 1198420
0.07, 1198420
0.07, 1198420
0.07, 1198420
0.07, 1198420
0.07, 1198420
0.07, 1198420
0.07, 1198420