0.00, 328922
0.00, 328922
0.00, 328922
0.00, 328922
0.00, 328922
0.00, 328922
0.00, 328922
0.00, 328922
0.00, 328922
0.00, 328922
0.00, 328922
0.00, 328922
0.00, 328922
0.00, 328922
0.01, 328922
0.01, 328922
0.01, 328922
0.01, 328922
0.01, 328922
0.01, 328922
0.01, 328922
0.01, 309444
0.01, 309444
0.01, 300101
0.01, 300101
0.01, 300101
0.01, 300101
0.01, 300101
0.01, 300101
0.01, 300101
0.01, 300101
0.01, 300101
0.01, 300101
0.01, 300101
0.01, 300101
0.01, 300101
0.01, 300101
0.01, 300101
0.01, 300101
0.01, 300101
0.01, 300101
0.01, 300101
0.01, 300101
0.01, 300101
0.01, 300101
0.01, 300101
0.01, 300101
0.01, 300101
0.01, 293284
0.01, 293284
0.01, 293284
0.01, 293284
0.01, 293284
0.01, 293284
0.01, 293284
0.01, 293284
0.01, 293284
0.01, 293284
0.01, 291279
0.01, 291279
0.01, 291279
0.01, 291279
0.01, 291279
0.01, 291279
0.01, 291279
0.01, 291279
0.01, 291279
0.01, 291279
0.01, 291279
0.01, 291279
0.02, 291279
0.02, 291279
0.02, 291279
0.02, 291279
0.02, 291279
0.02, 291279
0.02, 291279
0.02, 291279
0.02, 291279
0.02, 291279
0.02, 291279
0.02, 288558
0.02, 288558
0.02, 288558
0.02, 288558
0.02, 288558
0.02, 288558
0.02, 288558
0.02, 288558
0.02, 288558
0.02, 288558
0.02, 288558
0.02, 288558