0.00, 3971558
0.00, 3971558
0.00, 3936528
0.00, 3832308
0.00, 3832308
0.00, 3832308
0.00, 3832308
0.00, 3832308
0.00, 3832308
0.00, 3771684
0.00, 3670610
0.00, 3466611
0.00, 3466611
0.00, 3466611
0.00, 3466611
0.00, 3466611
0.00, 3466611
0.00, 3466611
0.00, 3466611
0.00, 3466611
0.00, 3466611
0.00, 3466611
0.00, 3466277
0.00, 3466277
0.00, 3463651
0.00, 3463651
0.00, 3463651
0.00, 3463651
0.00, 3463651
0.00, 3463651
0.00, 3463651
0.00, 3463651
0.00, 3463651
0.00, 3463651
0.00, 3463651
0.00, 3463651
0.00, 3463651
0.00, 3463651
0.00, 3463651
0.00, 3463651
0.00, 3463651
0.00, 3463651
0.00, 3463651
0.00, 3417518
0.00, 3408692
0.00, 3408692
0.00, 3391007
0.00, 3391007
0.00, 3384298
0.00, 3384298
0.00, 3376331
0.01, 3376331
0.01, 3376331
0.01, 3376331
0.01, 3376331
0.01, 3376331
0.01, 3376331
0.01, 3376331
0.01, 3376331
0.01, 3376331
0.01, 3339779
0.01, 3339779
0.01, 3339779
0.01, 3339779
0.01, 3339779
0.01, 3339779
0.01, 3339779
0.01, 3339779
0.01, 3227212
0.01, 3227212
0.01, 3227212
0.01, 3227212
0.01, 3227212
0.01, 3227212
0.01, 3154475
0.01, 3154475
0.01, 3154475
0.01, 3154475
0.01, 3154475
0.01, 3154475
0.01, 3154475
0.01, 3154475
0.01, 3154475
0.01, 3154475
0.01, 3026855
0.01, 3026855
0.01, 3026855
0.01, 3026855
0.01, 3026855
0.01, 3026855
0.01, 3026855
0.01, 3026855
0.01, 3026855
0.01, 2930526
0.01, 2930526
0.01, 2930526
0.01, 2930526
0.01, 2930526
0.01, 2930526
0.01, 2930526
0.01, 2930526
0.01, 2930526
0.01, 2930526
0.01, 2930526
0.01, 2930526
0.01, 2894669
0.01, 2894669
0.01, 2856626
0.01, 2856626
0.01, 2856626
0.01, 2856626
0.01, 2856626
0.01, 2856626
0.01, 2856626
0.01, 2856626
0.01, 2856626
0.01, 2856626
0.01, 2856626
0.01, 2856626
0.01, 2856626
0.01, 2856626
0.01, 2856626
0.01, 2856626
0.01, 2828161
0.01, 2828161
0.01, 2828161
0.01, 2828161
0.01, 2828161
0.01, 2770015
0.01, 2770015
0.01, 2770015
0.01, 2748438
0.01, 2748438
0.01, 2748438
0.01, 2748438
0.01, 2748438
0.01, 2748438
0.01, 2748438
0.01, 2748438
0.01, 2748438
0.01, 2748438
0.01, 2748438
0.01, 2748438
0.01, 2748438
0.01, 2748438
0.01, 2748438
0.01, 2748438
0.01, 2748438
0.01, 2748438
0.01, 2748438
0.01, 2748438
0.01, 2748438
0.01, 2748438
0.01, 2748438
0.01, 2748438
0.01, 2748438
0.01, 2748438
0.01, 2748438
0.01, 2685230
0.01, 2685230
0.01, 2685230
0.01, 2685230
0.01, 2672130
0.01, 2672130
0.01, 2672130
0.01, 2672130
0.01, 2672130
0.01, 2665752
0.01, 2665752
0.01, 2665752
0.01, 2616777
0.01, 2616777
0.01, 2616777
0.01, 2616777
0.01, 2616777
0.01, 2616777
0.01, 2616777
0.01, 2616777
0.01, 2616777
0.01, 2616777
0.01, 2616777
0.01, 2616777
0.01, 2616777
0.01, 2616777
0.01, 2616777
0.01, 2616777
0.01, 2616777
0.01, 2605444
0.01, 2605444
0.01, 2605444
0.01, 2605444
0.01, 2520403
0.01, 2520403
0.01, 2520403
0.01, 2520403
0.01, 2520403
0.01, 2520403
0.01, 2520403
0.01, 2520403
0.01, 2520403
0.02, 2520403
0.02, 2520403
0.02, 2520403
0.02, 2520403
0.02, 2520403
0.02, 2520403
0.02, 2520403
0.02, 2520403
0.02, 2491357
0.02, 2491357
0.02, 2491357
0.02, 2491357
0.02, 2491357
0.02, 2491357
0.02, 2491357
0.02, 2491357
0.02, 2491357
0.02, 2491357
0.02, 2491357
0.02, 2491357
0.02, 2491357
0.02, 2491357
0.02, 2491357
0.02, 2491357
0.02, 2491357
0.02, 2491357
0.02, 2491357
0.02, 2491357
0.02, 2491357
0.02, 2491357
0.02, 2491357
0.02, 2491357
0.02, 2491357
0.02, 2491357
0.02, 2491357
0.02, 2491357
0.02, 2491357
0.02, 2491357
0.02, 2491357
0.02, 2491357
0.02, 2491357
0.02, 2491357
0.02, 2486020
0.02, 2486020
0.02, 2486020
0.02, 2486020
0.02, 2486020
0.02, 2486020
0.02, 2486020
0.02, 2482506
0.02, 2482506
0.02, 2482506
0.02, 2444455
0.02, 2444455
0.02, 2444455
0.02, 2444455
0.02, 2444455
0.02, 2444455
0.02, 2444455
0.02, 2444455
0.02, 2444455
0.02, 2444455
0.02, 2444455
0.02, 2444455
0.02, 2444455
0.02, 2444455
0.02, 2444455
0.02, 2444455
0.02, 2444455
0.02, 2444455
0.02, 2444455
0.02, 2444455
0.02, 2444455
0.02, 2444455
0.02, 2444455
0.02, 2444455
0.02, 2444455
0.02, 2444455
0.02, 2444455
0.02, 2444455
0.02, 2444455
0.02, 2444455
0.02, 2444455
0.02, 2444455
0.02, 2444455
0.02, 2444455
0.02, 2444455
0.02, 2444455
0.02, 2444455
0.02, 2444455
0.02, 2444455
0.02, 2444455
0.02, 2444455
0.02, 2444455
0.02, 2444455
0.02, 2444455
0.02, 2444455
0.02, 2444455
0.02, 2444455
0.02, 2444455
0.02, 2444455
0.02, 2444455
0.02, 2444455
0.02, 2444455
0.02, 2444455
0.02, 2444455
0.02, 2444455
0.02, 2444455
0.02, 2444455
0.02, 2444455
0.02, 2444455
0.02, 2444455
0.02, 2444455
0.02, 2444455
0.02, 2444455
0.02, 2444455
0.02, 2444455
0.02, 2444455
0.02, 2444455
0.02, 2444455
0.02, 2444455
0.02, 2444455
0.02, 2444455
0.02, 2444455
0.02, 2444455
0.02, 2444455
0.02, 2444455
0.02, 2444455
0.02, 2444455
0.02, 2444455
0.02, 2444455
0.02, 2444455
0.02, 2444455
0.02, 2444455
0.02, 2444455
0.02, 2444455
0.02, 2444455
0.02, 2444455
0.02, 2444455
0.02, 2444455
0.02, 2444455
0.02, 2444455
0.02, 2318079
0.02, 2318079
0.02, 2318079
0.02, 2318079
0.02, 2318079
0.02, 2318079
0.02, 2318079
0.02, 2318079
0.02, 2318079
0.02, 2318079
0.02, 2318079
0.02, 2318079
0.02, 2318079
0.02, 2318079
0.02, 2318079
0.02, 2318079
0.02, 2318079
0.02, 2318079
0.02, 2318079
0.02, 2318079
0.02, 2318079
0.02, 2318079
0.02, 2318079
0.02, 2318079
0.02, 2318079
0.02, 2318079
0.02, 2318079
0.02, 2318079
0.02, 2318079
0.02, 2318079
0.02, 2318079
0.02, 2318079
0.02, 2318079
0.02, 2318079
0.02, 2318079
0.02, 2318079
0.02, 2318079
0.02, 2318079
0.02, 2318079
0.02, 2318079
0.02, 2318079
0.02, 2318079
0.02, 2318079
0.02, 2318079
0.02, 2318079
0.02, 2318079
0.02, 2318079
0.02, 2318079
0.02, 2318079
0.02, 2318079
0.02, 2318079
0.02, 2318079
0.02, 2318079
0.02, 2318079
0.02, 2318079
0.02, 2318079
0.02, 2318079
0.02, 2318079
0.02, 2318079
0.02, 2318079
0.02, 2318079
0.02, 2318079
0.02, 2318079
0.02, 2318079
0.02, 2318079
0.02, 2318079
0.02, 2318079
0.02, 2318079
0.02, 2318079
0.02, 2318079
0.02, 2318079
0.02, 2318079
0.02, 2318079
0.02, 2318079
0.02, 2318079
0.02, 2318079
0.02, 2318079
0.02, 2318079
0.02, 2318079
0.02, 2318079
0.02, 2318079
0.02, 2318079
0.02, 2318079
0.02, 2318079
0.02, 2318079
0.02, 2318079
0.02, 2318079
0.02, 2318079
0.02, 2318079
0.02, 2318079
0.03, 2318079
0.03, 2318079
0.03, 2318079
0.03, 2318079
0.03, 2318079
0.03, 2318079
0.03, 2318079
0.03, 2318079
0.03, 2318079
0.03, 2318079
0.03, 2318079
0.03, 2318079
0.03, 2318079
0.03, 2318079
0.03, 2318079
0.03, 2318079
0.03, 2318079
0.03, 2318079
0.03, 2318079
0.03, 2318079
0.03, 2318079
0.03, 2318079
0.03, 2318079
0.03, 2318079
0.03, 2318079
0.03, 2318079
0.03, 2318079
0.03, 2318079
0.03, 2318079
0.03, 2318079
0.03, 2318079
0.03, 2318079
0.03, 2318079
0.03, 2318079
0.03, 2318079
0.03, 2318079
0.03, 2318079
0.03, 2318079
0.03, 2318079
0.03, 2318079
0.03, 2318079
0.03, 2318079
0.03, 2318079
0.03, 2318079
0.03, 2318079
0.03, 2318079
0.03, 2318079
0.03, 2318079
0.03, 2318079
0.03, 2318079
0.03, 2318079
0.03, 2318079
0.03, 2318079
0.03, 2318079
0.03, 2318079
0.03, 2318079
0.03, 2318079
0.03, 2318079
0.03, 2318079
0.03, 2318079
0.03, 2318079
0.03, 2318079
0.03, 2318079
0.03, 2318079
0.03, 2318079
0.03, 2318079
0.03, 2318079
0.03, 2318079
0.03, 2318079
0.03, 2318079
0.03, 2318079
0.03, 2318079
0.03, 2318079
0.03, 2318079
0.03, 2318079
0.03, 2318079
0.03, 2318079
0.03, 2318079
0.03, 2318079
0.03, 2318079
0.03, 2318079
0.03, 2318079
0.03, 2318079
0.03, 2318079
0.03, 2318079
0.03, 2318079
0.03, 2318079
0.03, 2318079
0.03, 2318079
0.03, 2318079
0.03, 2318079
0.03, 2318079
0.03, 2274178
0.03, 2274178
0.03, 2274178
0.03, 2274178
0.03, 2274178
0.03, 2274178
0.03, 2274178
0.03, 2274178
0.03, 2274178
0.03, 2274178
0.03, 2274178
0.03, 2274178
0.03, 2274178
0.03, 2274178
0.03, 2274178
0.03, 2274178
0.03, 2274178
0.03, 2274178
0.03, 2274178
0.03, 2274178
0.03, 2274178
0.03, 2274178
0.03, 2274178
0.03, 2274178
0.03, 2274178
0.03, 2274178
0.03, 2274178
0.03, 2274178
0.03, 2274178
0.03, 2274178
0.03, 2274178
0.03, 2274178
0.03, 2274178
0.03, 2274178
0.03, 2274178
0.03, 2274178
0.03, 2274178
0.03, 2274178
0.03, 2274178
0.03, 2274178
0.03, 2274178
0.03, 2274178
0.03, 2274178
0.03, 2274178
0.03, 2274178
0.03, 2274178
0.03, 2274178
0.03, 2274178
0.03, 2274178
0.03, 2274178
0.03, 2274178
0.03, 2274178
0.03, 2274178
0.03, 2274178
0.03, 2274178
0.03, 2274178
0.03, 2274178
0.03, 2274178
0.03, 2274178
0.03, 2274178
0.03, 2274178
0.03, 2274178
0.03, 2274178
0.03, 2274178
0.03, 2274178
0.03, 2274178
0.03, 2274178
0.03, 2274178
0.03, 2274178
0.03, 2274178
0.03, 2274178
0.03, 2274178
0.03, 2274178
0.03, 2274178
0.03, 2274178
0.03, 2274178
0.03, 2274178
0.03, 2274178
0.03, 2274178
0.03, 2274178
0.03, 2274178
0.03, 2274178
0.03, 2274178
0.03, 2274178
0.03, 2274178
0.03, 2274178
0.03, 2274178
0.03, 2274178
0.03, 2274178
0.03, 2274178
0.03, 2274178
0.03, 2274178
0.03, 2274178
0.03, 2274178
0.03, 2274178
0.03, 2274178
0.03, 2274178
0.03, 2274178
0.03, 2274178
0.03, 2274178
0.03, 2274178
0.03, 2274178
0.03, 2274178
0.03, 2274178
0.03, 2274178
0.03, 2274178
0.03, 2274178
0.03, 2274178
0.03, 2274178
0.03, 2274178
0.03, 2274178
0.03, 2274178
0.03, 2274178
0.03, 2274178
0.03, 2274178
0.03, 2274178
0.03, 2274178
0.03, 2274178
0.03, 2274178
0.03, 2274178
0.03, 2274178
0.03, 2274178
0.03, 2274178
0.03, 2274178
0.03, 2274178
0.03, 2274178
0.03, 2274178
0.03, 2274178
0.03, 2274178
0.03, 2274178
0.03, 2274178
0.03, 2274178
0.03, 2274178
0.03, 2274178
0.03, 2274178
0.03, 2274178
0.03, 2274178
0.03, 2274178
0.03, 2274178
0.03, 2274178
0.03, 2274178
0.03, 2274178
0.03, 2274178
0.03, 2274178
0.03, 2274178
0.03, 2274178
0.03, 2274178
0.03, 2274178
0.03, 2274178
0.03, 2274178
0.03, 2274178
0.03, 2274178
0.03, 2274178
0.03, 2274178
0.03, 2274178
0.03, 2274178
0.03, 2274178
0.03, 2274178
0.03, 2274178
0.03, 2274178
0.03, 2274178
0.03, 2274178
0.03, 2274178
0.03, 2274178
0.03, 2274178
0.03, 2274178
0.03, 2274178
0.03, 2274178
0.03, 2274178
0.03, 2274178
0.04, 2274178
0.04, 2274178
0.04, 2274178
0.04, 2274178
0.04, 2274178
0.04, 2274178
0.04, 2274178
0.04, 2274178
0.04, 2274178
0.04, 2274178
0.04, 2274178
0.04, 2274178
0.04, 2274178
0.04, 2274178
0.04, 2274178
0.04, 2274178
0.04, 2274178
0.04, 2274178
0.04, 2274178
0.04, 2274178
0.04, 2274178
0.04, 2274178
0.04, 2274178
0.04, 2274178
0.04, 2274178
0.04, 2274178
0.04, 2274178
0.04, 2274178
0.04, 2274178
0.04, 2274178
0.04, 2274178
0.04, 2274178
0.04, 2274178
0.04, 2274178
0.04, 2274178
0.04, 2274178
0.04, 2274178
0.04, 2274178
0.04, 2274178
0.04, 2274178
0.04, 2274178
0.04, 2274178
0.04, 2274178
0.04, 2274178
0.04, 2274178
0.04, 2274178
0.04, 2274178
0.04, 2274178
0.04, 2274178
0.04, 2274178
0.04, 2274178
0.04, 2274178
0.04, 2274178
0.04, 2274178
0.04, 2274178
0.04, 2274178
0.04, 2274178
0.04, 2274178
0.04, 2274178
0.04, 2274178
0.04, 2274178
0.04, 2274178
0.04, 2274178
0.04, 2274178
0.04, 2274178
0.04, 2274178
0.04, 2274178
0.04, 2274178
0.04, 2274178
0.04, 2274178
0.04, 2274178
0.04, 2274178
0.04, 2274178
0.04, 2274178
0.04, 2274178
0.04, 2274178
0.04, 2274178
0.04, 2274178
0.04, 2274178
0.04, 2274178
0.04, 2274178
0.04, 2274178
0.04, 2274178
0.04, 2274178
0.04, 2274178
0.04, 2274178
0.04, 2274178
0.04, 2274178
0.04, 2274178
0.04, 2274178
0.04, 2274178
0.04, 2274178
0.04, 2274178
0.04, 2274178
0.04, 2274178
0.04, 2274178
0.04, 2274178
0.04, 2274178
0.04, 2274178
0.04, 2274178
0.04, 2274178
0.04, 2274178
0.04, 2274178
0.04, 2274178
0.04, 2274178
0.04, 2274178
0.04, 2274178
0.04, 2274178
0.04, 2274178
0.04, 2274178
0.04, 2274178
0.04, 2274178
0.04, 2274178
0.04, 2274178
0.04, 2274178
0.04, 2274178
0.04, 2274178
0.04, 2274178
0.04, 2274178
0.04, 2274178
0.04, 2274178
0.04, 2274178
0.04, 2274178
0.04, 2274178
0.04, 2274178
0.04, 2274178
0.04, 2274178
0.04, 2274178
0.04, 2274178
0.04, 2274178
0.04, 2274178
0.04, 2274178
0.04, 2274178
0.04, 2274178
0.04, 2274178
0.04, 2274178
0.04, 2274178
0.04, 2274178
0.04, 2274178
0.04, 2274178
0.04, 2274178
0.04, 2274178
0.04, 2274178
0.04, 2274178
0.04, 2274178
0.04, 2274178
0.04, 2274178
0.04, 2274178
0.04, 2274178
0.04, 2274178
0.04, 2274178
0.04, 2274178
0.04, 2274178
0.04, 2274178
0.04, 2274178
0.04, 2274178
0.04, 2274178
0.04, 2274178
0.04, 2274178
0.04, 2274178
0.04, 2274178
0.04, 2274178
0.04, 2274178
0.04, 2274178
0.04, 2274178
0.04, 2274178
0.04, 2274178
0.04, 2274178
0.04, 2274178
0.04, 2274178
0.04, 2274178
0.04, 2274178
0.04, 2274178
0.04, 2274178
0.04, 2274178
0.04, 2274178
0.04, 2274178
0.04, 2274178
0.04, 2274178
0.04, 2274178
0.04, 2274178
0.04, 2274178
0.04, 2274178
0.04, 2274178
0.04, 2274178
0.04, 2274178
0.04, 2274178
0.04, 2274178
0.04, 2274178
0.04, 2274178
0.04, 2274178
0.04, 2274178
0.04, 2274178
0.04, 2274178
0.04, 2274178
0.04, 2274178
0.04, 2274178
0.04, 2274178
0.04, 2274178
0.04, 2274178
0.04, 2274178
0.04, 2274178
0.04, 2274178
0.04, 2274178
0.04, 2274178
0.04, 2274178
0.04, 2274178
0.04, 2274178
0.04, 2274178
0.04, 2274178
0.04, 2274178
0.04, 2274178
0.04, 2274178
0.04, 2274178
0.04, 2274178
0.04, 2274178
0.04, 2274178
0.04, 2274178
0.04, 2274178
0.04, 2274178
0.04, 2274178
0.04, 2274178
0.04, 2274178
0.04, 2274178
0.04, 2274178
0.04, 2274178
0.04, 2274178
0.04, 2274178
0.04, 2274178
0.04, 2274178
0.04, 2274178
0.04, 2274178
0.04, 2274178
0.04, 2274178
0.04, 2274178
0.04, 2274178
0.04, 2274178
0.04, 2274178
0.04, 2274178
0.04, 2274178
0.04, 2274178
0.04, 2274178
0.04, 2274178
0.04, 2274178
0.04, 2274178
0.04, 2274178
0.04, 2274178
0.04, 2274178
0.04, 2274178
0.04, 2274178
0.04, 2274178
0.04, 2274178
0.04, 2274178
0.04, 2274178
0.04, 2274178
0.04, 2274178
0.04, 2274178
0.04, 2274178
0.04, 2274178
0.04, 2274178
0.04, 2274178
0.04, 2274178
0.04, 2274178
0.04, 2274178
0.04, 2274178
0.04, 2274178
0.04, 2274178
0.04, 2274178
0.04, 2274178
0.04, 2274178
0.04, 2274178
0.04, 2274178
0.04, 2274178
0.04, 2274178
0.04, 2274178
0.04, 2274178
0.04, 2274178
0.04, 2274178
0.04, 2274178
0.04, 2274178
0.04, 2274178
0.04, 2274178
0.04, 2274178
0.04, 2274178
0.04, 2274178
0.04, 2274178
0.04, 2274178
0.04, 2274178
0.04, 2274178
0.04, 2274178
0.04, 2274178
0.04, 2274178
0.04, 2274178
0.04, 2274178
0.04, 2274178
0.04, 2274178
0.04, 2274178
0.04, 2274178
0.04, 2274178
0.04, 2274178
0.04, 2274178
0.04, 2274178
0.04, 2274178
0.04, 2274178
0.05, 2274178
0.05, 2274178
0.05, 2274178
0.05, 2274178
0.05, 2274178
0.05, 2274178
0.05, 2274178
0.05, 2274178
0.05, 2274178
0.05, 2274178
0.05, 2274178
0.05, 2274178
0.05, 2274178
0.05, 2274178
0.05, 2274178
0.05, 2274178
0.05, 2274178
0.05, 2274178
0.05, 2274178
0.05, 2274178
0.05, 2274178
0.05, 2274178
0.05, 2274178
0.05, 2274178
0.05, 2274178
0.05, 2274178
0.05, 2274178
0.05, 2274178
0.05, 2274178
0.05, 2274178
0.05, 2274178
0.05, 2274178
0.05, 2274178
0.05, 2274178
0.05, 2274178
0.05, 2274178
0.05, 2274178
0.05, 2274178
0.05, 2274178
0.05, 2274178
0.05, 2274178
0.05, 2274178
0.05, 2274178
0.05, 2274178
0.05, 2274178
0.05, 2274178
0.05, 2274178
0.05, 2274178
0.05, 2274178
0.05, 2274178
0.05, 2274178
0.05, 2274178
0.05, 2274178
0.05, 2274178
0.05, 2274178
0.05, 2274178
0.05, 2274178
0.05, 2274178
0.05, 2274178
0.05, 2274178
0.05, 2274178
0.05, 2274178
0.05, 2274178
0.05, 2274178
0.05, 2274178
0.05, 2274178
0.05, 2274178
0.05, 2274178
0.05, 2274178
0.05, 2274178
0.05, 2274178
0.05, 2274178
0.05, 2274178
0.05, 2274178
0.05, 2274178
0.05, 2274178
0.05, 2274178
0.05, 2274178
0.05, 2274178
0.05, 2274178
0.05, 2274178
0.05, 2274178
0.05, 2274178
0.05, 2274178
0.05, 2274178
0.05, 2274178
0.05, 2274178
0.05, 2274178
0.05, 2274178
0.05, 2274178
0.05, 2274178
0.05, 2274178
0.05, 2274178
0.05, 2274178
0.05, 2274178
0.05, 2274178
0.05, 2274178
0.05, 2274178
0.05, 2274178
0.05, 2274178
0.05, 2274178
0.05, 2274178
0.05, 2274178
0.05, 2274178
0.05, 2274178
0.05, 2274178
0.05, 2274178
0.05, 2274178
0.05, 2274178
0.05, 2274178
0.05, 2274178
0.05, 2274178
0.05, 2274178
0.05, 2274178
0.05, 2274178
0.05, 2274178
0.05, 2274178
0.05, 2274178
0.05, 2274178
0.05, 2274178
0.05, 2274178
0.05, 2274178
0.05, 2274178
0.05, 2274178
0.05, 2274178
0.05, 2274178
0.05, 2274178
0.05, 2274178
0.05, 2274178
0.05, 2274178
0.05, 2274178
0.05, 2274178
0.05, 2274178
0.05, 2274178
0.05, 2274178
0.05, 2274178
0.05, 2274178
0.05, 2274178
0.05, 2274178
0.05, 2274178
0.05, 2274178
0.05, 2274178
0.05, 2274178
0.05, 2274178
0.05, 2274178
0.05, 2274178
0.05, 2274178
0.05, 2274178
0.05, 2274178
0.05, 2274178
0.05, 2274178
0.05, 2274178
0.05, 2274178
0.05, 2274178
0.05, 2274178
0.05, 2274178
0.05, 2274178
0.05, 2274178
0.05, 2274178
0.05, 2274178
0.05, 2274178
0.05, 2274178
0.05, 2274178
0.05, 2274178
0.05, 2274178
0.05, 2274178
0.05, 2274178
0.05, 2274178
0.05, 2274178
0.05, 2274178
0.05, 2274178
0.05, 2274178
0.05, 2274178
0.05, 2274178
0.05, 2274178
0.05, 2274178
0.05, 2274178
0.05, 2274178
0.05, 2274178
0.05, 2274178
0.05, 2274178
0.05, 2274178
0.05, 2274178
0.05, 2274178
0.05, 2274178
0.05, 2274178
0.05, 2274178
0.05, 2274178
0.05, 2274178
0.05, 2274178
0.05, 2274178
0.05, 2274178
0.05, 2274178
0.05, 2274178
0.05, 2274178
0.05, 2274178
0.05, 2274178
0.05, 2274178
0.05, 2274178
0.05, 2274178
0.05, 2274178
0.05, 2274178
0.05, 2274178
0.05, 2274178
0.05, 2274178
0.05, 2274178
0.05, 2274178
0.05, 2274178
0.05, 2274178
0.05, 2274178
0.05, 2274178
0.05, 2274178
0.05, 2274178
0.05, 2274178
0.05, 2274178
0.05, 2274178
0.05, 2274178
0.05, 2274178
0.05, 2274178
0.05, 2274178
0.05, 2274178
0.05, 2274178
0.05, 2274178
0.05, 2274178
0.05, 2274178
0.05, 2274178
0.05, 2274178
0.05, 2274178
0.05, 2274178
0.05, 2274178
0.05, 2274178
0.05, 2274178
0.05, 2274178
0.05, 2274178
0.05, 2274178
0.05, 2274178
0.05, 2274178
0.05, 2274178
0.05, 2274178
0.05, 2274178
0.05, 2274178
0.05, 2274178
0.05, 2274178
0.05, 2274178
0.05, 2274178
0.05, 2274178
0.05, 2274178
0.05, 2274178
0.05, 2274178
0.05, 2274178
0.05, 2274178
0.05, 2274178
0.05, 2274178
0.05, 2274178
0.05, 2274178
0.05, 2274178
0.05, 2274178
0.05, 2274178
0.05, 2274178
0.05, 2274178
0.05, 2274178
0.05, 2274178
0.05, 2274178
0.05, 2274178
0.05, 2274178
0.05, 2274178
0.05, 2274178
0.05, 2274178
0.05, 2274178
0.05, 2274178
0.05, 2274178
0.05, 2274178
0.05, 2274178
0.05, 2274178
0.05, 2274178
0.05, 2274178
0.05, 2274178
0.05, 2239896
0.05, 2239896
0.05, 2216606
0.05, 2216606
0.05, 2216606
0.05, 2216606
0.05, 2216606
0.05, 2216606
0.05, 2216606
0.05, 2216606
0.05, 2216606
0.05, 2216606
0.05, 2216606
0.05, 2216606
0.05, 2216606
0.05, 2216606
0.05, 2216606
0.05, 2216606
0.05, 2216606
0.05, 2216606
0.05, 2216606
0.05, 2196004
0.05, 2196004
0.05, 2196004
0.05, 2196004
0.05, 2196004
0.05, 2196004
0.05, 2196004
0.05, 2196004
0.05, 2196004
0.05, 2196004
0.05, 2196004
0.05, 2196004
0.05, 2196004
0.05, 2196004
0.05, 2196004
0.05, 2196004
0.05, 2196004
0.05, 2196004
0.05, 2196004
0.05, 2196004
0.05, 2196004
0.05, 2196004
0.05, 2196004
0.05, 2196004
0.05, 2196004
0.05, 2196004
0.05, 2196004
0.05, 2196004
0.05, 2196004
0.05, 2196004
0.05, 2196004
0.05, 2196004
0.05, 2196004
0.05, 2196004
0.05, 2196004
0.05, 2196004
0.05, 2196004
0.05, 2196004
0.05, 2196004
0.05, 2196004
0.05, 2196004
0.05, 2196004
0.05, 2196004
0.05, 2196004
0.05, 2196004
0.05, 2196004
0.05, 2196004
0.05, 2196004
0.05, 2196004
0.05, 2196004
0.05, 2196004
0.05, 2196004
0.05, 2196004
0.05, 1945442
0.05, 1765711
0.05, 1765711
0.05, 1765711
0.05, 1765711
0.05, 1765711
0.05, 1765711
0.05, 1765711
0.05, 1765711
0.05, 1765711
0.05, 1765711
0.05, 1765711
0.05, 1765711
0.05, 1765711
0.05, 1765711
0.05, 1765711
0.05, 1765711
0.05, 1765711
0.05, 1765711
0.05, 1765711
0.05, 1765711
0.05, 1765711
0.05, 1765711
0.05, 1765711
0.05, 1765711
0.05, 1765711
0.05, 1765711
0.05, 1759337
0.05, 1759337
0.05, 1759337
0.05, 1759337
0.05, 1759337
0.05, 1759337
0.05, 1759337
0.05, 1759337
0.05, 1759337
0.05, 1759337
0.05, 1759337
0.05, 1759337
0.05, 1759337
0.05, 1759337
0.05, 1755475
0.05, 1755475
0.05, 1755475
0.05, 1755475
0.05, 1755475
0.05, 1755475
0.05, 1755475
0.05, 1755475
0.05, 1744800
0.05, 1744800
0.05, 1744800
0.05, 1744800
0.05, 1744800
0.05, 1744800
0.05, 1744800
0.05, 1744800
0.05, 1744800
0.05, 1744800
0.05, 1744800
0.05, 1744800
0.05, 1744800
0.05, 1744800
0.05, 1744800
0.05, 1744800
0.05, 1744800
0.05, 1744800
0.05, 1744800
0.05, 1744800
0.05, 1744800
0.05, 1744800
0.05, 1744800
0.05, 1744800
0.05, 1744800
0.05, 1744800
0.05, 1744800
0.05, 1744800
0.05, 1744800
0.05, 1744800
0.05, 1744800
0.05, 1744800
0.05, 1744800
0.05, 1744800
0.05, 1744800
0.05, 1744800
0.05, 1744800
0.05, 1744800
0.05, 1744800
0.05, 1744800
0.05, 1744800
0.05, 1744800
0.05, 1744800
0.05, 1744800
0.05, 1744800
0.05, 1744800
0.05, 1744800
0.05, 1744800
0.05, 1744800
0.05, 1744800
0.05, 1744800
0.05, 1744800
0.05, 1744800
0.05, 1744800
0.06, 1744800
0.06, 1744800
0.06, 1744800
0.06, 1744800
0.06, 1744800
0.06, 1744800
0.06, 1744800
0.06, 1744800
0.06, 1744800
0.06, 1744800
0.06, 1744800
0.06, 1744800
0.06, 1744800
0.06, 1744800
0.06, 1744800
0.06, 1744800
0.06, 1744800
0.06, 1744800
0.06, 1744800
0.06, 1744800
0.06, 1744800
0.06, 1744800
0.06, 1744800
0.06, 1744800
0.06, 1744800
0.06, 1744800
0.06, 1744800
0.06, 1744800
0.06, 1744800
0.06, 1744800
0.06, 1744800
0.06, 1744800
0.06, 1744800
0.06, 1744800
0.06, 1744800
0.06, 1744800
0.06, 1744800
0.06, 1744800
0.06, 1744800
0.06, 1744800
0.06, 1744800
0.06, 1744800
0.06, 1744800
0.06, 1744800
0.06, 1744800
0.06, 1744800
0.06, 1744800
0.06, 1744800
0.06, 1744800
0.06, 1744800
0.06, 1744800
0.06, 1744800
0.06, 1744800
0.06, 1744800
0.06, 1744800
0.06, 1744800
0.06, 1744800
0.06, 1744800
0.06, 1744800
0.06, 1744800
0.06, 1744800
0.06, 1744800
0.06, 1744800
0.06, 1744800
0.06, 1744800
0.06, 1744800
0.06, 1744800
0.06, 1744800
0.06, 1744800
0.06, 1744800
0.06, 1744800
0.06, 1744800
0.06, 1744800
0.06, 1744800
0.06, 1744800
0.06, 1744800
0.06, 1744800
0.06, 1744800
0.06, 1744800
0.06, 1744800
0.06, 1744800
0.06, 1744800
0.06, 1744800
0.06, 1744800
0.06, 1744800
0.06, 1744800
0.06, 1744800
0.06, 1744800
0.06, 1744800
0.06, 1744800
0.06, 1744800
0.06, 1744800
0.06, 1744800
0.06, 1744800
0.06, 1744800
0.06, 1744800
0.06, 1744800
0.06, 1744800
0.06, 1744800
0.06, 1744800
0.06, 1744800
0.06, 1744800
0.06, 1744800
0.06, 1744800
0.06, 1744800
0.06, 1744800
0.06, 1744800
0.06, 1744800
0.06, 1744800
0.06, 1744800
0.06, 1744800
0.06, 1744800
0.06, 1744800
0.06, 1744800
0.06, 1744800
0.06, 1744800
0.06, 1744800
0.06, 1744800
0.06, 1744800
0.06, 1744800
0.06, 1744800
0.06, 1744800
0.06, 1744800
0.06, 1744800
0.06, 1744800
0.06, 1744800
0.06, 1744800
0.06, 1744800
0.06, 1744800
0.06, 1744800
0.06, 1744800
0.06, 1744800
0.06, 1744800
0.06, 1744800
0.06, 1744800
0.06, 1744800
0.06, 1744800
0.06, 1744800
0.06, 1744800
0.06, 1744800
0.06, 1744800
0.06, 1744800
0.06, 1744800
0.06, 1744800
0.06, 1744800
0.06, 1744800
0.06, 1744800
0.06, 1744800
0.06, 1744800
0.06, 1744800
0.06, 1744800
0.06, 1744800
0.06, 1744800
0.06, 1744800
0.06, 1744800
0.06, 1744800
0.06, 1744800
0.06, 1744800
0.06, 1744800
0.06, 1744800
0.06, 1744800
0.06, 1744800
0.06, 1744800
0.06, 1744800
0.06, 1744800
0.06, 1744800
0.06, 1744800
0.06, 1744800
0.06, 1744800
0.06, 1744800
0.06, 1744800
0.06, 1744800
0.06, 1744800
0.06, 1744800
0.06, 1744800
0.06, 1744800
0.06, 1744800
0.06, 1744800
0.06, 1744800
0.06, 1744800
0.06, 1744800
0.06, 1744800
0.06, 1744800
0.06, 1744800
0.06, 1744800
0.06, 1744800
0.06, 1744800
0.06, 1744800
0.06, 1744800
0.06, 1744800
0.06, 1744800
0.06, 1744800
0.06, 1744800
0.06, 1744800
0.06, 1744800
0.06, 1744800
0.06, 1744800
0.06, 1744800
0.06, 1744800
0.06, 1744800
0.06, 1744800
0.06, 1744800
0.06, 1744800
0.06, 1744800
0.06, 1744800
0.06, 1744800
0.06, 1744800
0.06, 1744800
0.06, 1744800
0.06, 1744800
0.06, 1744800
0.06, 1744800
0.06, 1744800
0.06, 1744800
0.06, 1744800
0.06, 1744800
0.06, 1744800
0.06, 1744800
0.06, 1744800
0.06, 1744800
0.06, 1744800
0.06, 1744800
0.06, 1744800
0.06, 1744800
0.06, 1744800
0.06, 1744800
0.06, 1744800
0.06, 1744800
0.06, 1744800
0.06, 1744800
0.06, 1744800
0.06, 1744800
0.06, 1744800
0.06, 1744800
0.06, 1744800
0.06, 1744800
0.06, 1744800
0.06, 1744800
0.06, 1744800
0.06, 1744800
0.06, 1744800
0.06, 1744800
0.06, 1744800
0.06, 1744800
0.06, 1744800
0.06, 1744800
0.06, 1744800
0.06, 1744800
0.06, 1744800
0.06, 1744800
0.06, 1744800
0.06, 1744800
0.06, 1744800
0.06, 1744800
0.06, 1744800
0.06, 1744800
0.06, 1744800
0.06, 1744800
0.06, 1744800
0.06, 1744800
0.06, 1744800
0.06, 1744800
0.06, 1744800
0.06, 1744800
0.06, 1744800
0.06, 1744800
0.06, 1744800
0.06, 1744800
0.06, 1744800
0.06, 1744800
0.06, 1744800
0.06, 1744800
0.06, 1744800
0.06, 1744800
0.06, 1744800
0.06, 1744800
0.06, 1744800
0.06, 1744800
0.06, 1744800
0.06, 1744800
0.06, 1744800
0.06, 1744800
0.06, 1744800
0.06, 1744800
0.06, 1744800
0.06, 1744800
0.06, 1744800
0.06, 1744800
0.06, 1744800
0.06, 1744800
0.06, 1744800
0.06, 1744800
0.06, 1744800
0.06, 1744800
0.06, 1744800
0.06, 1744800
0.06, 1744800
0.06, 1744800
0.06, 1744800
0.06, 1744800
0.06, 1744800
0.06, 1744800
0.06, 1744800
0.06, 1744800
0.06, 1744800
0.06, 1744800
0.06, 1744800
0.06, 1744800
0.06, 1744800
0.06, 1744800
0.06, 1744800
0.06, 1744800
0.06, 1744800
0.06, 1744800
0.06, 1744800
0.06, 1744800
0.06, 1744800
0.06, 1744800
0.06, 1744800
0.06, 1744800
0.06, 1744800
0.06, 1744800
0.06, 1744800
0.06, 1744800
0.06, 1744800
0.06, 1744800
0.06, 1744800
0.06, 1744800
0.06, 1744800
0.06, 1744800
0.06, 1744800
0.06, 1744800
0.06, 1744800
0.06, 1744800
0.06, 1744800
0.06, 1744800
0.06, 1744800
0.06, 1744800
0.06, 1744800
0.06, 1744800
0.06, 1744800
0.06, 1744800
0.06, 1744800
0.06, 1744800
0.06, 1744800
0.06, 1744800
0.06, 1744800
0.06, 1744800
0.06, 1744800
0.06, 1744800
0.06, 1744800
0.06, 1744800
0.06, 1744800
0.06, 1744800
0.06, 1744800
0.06, 1744800
0.06, 1744800
0.06, 1744800
0.06, 1744800
0.06, 1744800
0.06, 1744800
0.06, 1744800
0.06, 1744800
0.06, 1744800
0.06, 1744800
0.06, 1744800
0.06, 1744800
0.06, 1744800
0.06, 1744800
0.06, 1744800
0.06, 1744800
0.06, 1744800
0.06, 1744800
0.06, 1744800
0.06, 1744800
0.06, 1744800
0.06, 1744800
0.06, 1744800
0.06, 1744800
0.06, 1744800
0.06, 1744800
0.06, 1744800
0.06, 1744800
0.06, 1744800
0.06, 1744800
0.06, 1744800
0.06, 1744800
0.06, 1744800
0.06, 1744800
0.06, 1744800
0.06, 1744800
0.06, 1744800
0.06, 1744800
0.06, 1744800
0.06, 1744800
0.06, 1744800
0.06, 1744800
0.06, 1744800
0.06, 1744800
0.06, 1744800
0.06, 1744800
0.06, 1744800
0.06, 1744800
0.06, 1744800
0.06, 1744800
0.06, 1744800
0.06, 1744800
0.06, 1744800
0.06, 1744800
0.06, 1744800
0.06, 1744800
0.06, 1744800
0.06, 1744800
0.06, 1744800
0.06, 1744800
0.06, 1744800
0.06, 1744800
0.06, 1744800
0.06, 1744800
0.06, 1744800
0.06, 1744800
0.06, 1744800
0.06, 1744800
0.06, 1744800
0.06, 1744800
0.06, 1744800
0.06, 1744800
0.06, 1744800
0.06, 1744800
0.06, 1744800
0.06, 1744800
0.06, 1744800
0.06, 1744800
0.06, 1744800
0.06, 1744800
0.06, 1744800
0.06, 1744800
0.06, 1744800
0.06, 1744800
0.06, 1744800
0.06, 1744800
0.06, 1744800
0.06, 1744800
0.06, 1744800
0.06, 1744800
0.06, 1744800
0.06, 1744800
0.06, 1744800
0.06, 1744800
0.06, 1744800
0.06, 1744800
0.06, 1744800
0.06, 1744800
0.06, 1744800
0.06, 1744800
0.06, 1744800
0.06, 1744800
0.06, 1744800
0.06, 1744800
0.06, 1744800
0.06, 1744800
0.06, 1744800
0.06, 1744800
0.06, 1744800
0.06, 1744800
0.06, 1744800
0.06, 1744800
0.06, 1744800
0.06, 1744800
0.06, 1744800
0.06, 1744800
0.06, 1744800
0.06, 1744800
0.06, 1744800
0.06, 1744800
0.06, 1744800
0.06, 1744800
0.06, 1744800
0.06, 1744800
0.06, 1744800
0.06, 1744800
0.06, 1744800
0.06, 1744800
0.06, 1744800
0.06, 1744800
0.06, 1744800
0.06, 1744800
0.06, 1744800
0.06, 1744800
0.06, 1744800
0.06, 1744800
0.06, 1744800
0.06, 1744800
0.06, 1744800
0.06, 1744800
0.06, 1744800
0.06, 1744800
0.06, 1744800
0.06, 1744800
0.06, 1744800
0.06, 1744800
0.06, 1744800
0.06, 1744800
0.06, 1744800
0.06, 1744800
0.06, 1744800
0.06, 1744800
0.06, 1744800
0.06, 1744800
0.06, 1744800
0.06, 1744800
0.06, 1744800
0.06, 1744800
0.06, 1744800
0.06, 1744800
0.06, 1744800
0.06, 1744800
0.06, 1744800
0.06, 1744800
0.06, 1744800
0.06, 1744800
0.06, 1744800
0.06, 1744800
0.06, 1744800
0.06, 1744800
0.06, 1744800
0.06, 1744800
0.06, 1744800
0.06, 1744800
0.06, 1744800
0.06, 1744800
0.06, 1744800
0.06, 1744800
0.06, 1744800
0.06, 1744800
0.06, 1744800
0.06, 1744800
0.06, 1744800
0.06, 1744800
0.06, 1744800
0.06, 1744800
0.06, 1744800
0.06, 1744800
0.06, 1744800
0.06, 1744800
0.06, 1744800
0.06, 1744800
0.06, 1744800
0.06, 1744800
0.06, 1744800
0.06, 1744800
0.06, 1744800
0.06, 1744800
0.06, 1744800
0.06, 1744800
0.06, 1744800
0.06, 1744800
0.06, 1744800
0.06, 1744800
0.06, 1744800
0.06, 1744800
0.06, 1744800
0.06, 1744800
0.06, 1744800
0.06, 1744800
0.06, 1744800
0.06, 1744800
0.06, 1744800
0.06, 1744800
0.06, 1744800
0.06, 1744800
0.06, 1744800
0.06, 1744800
0.06, 1744800
0.06, 1744800
0.06, 1744800
0.06, 1744800
0.06, 1744800
0.06, 1744800
0.06, 1744800
0.06, 1744800
0.06, 1744800
0.06, 1744800
0.06, 1744800
0.06, 1744800
0.06, 1744800
0.06, 1744800
0.06, 1744800
0.06, 1744800
0.06, 1744800
0.06, 1744800
0.06, 1744800
0.06, 1744800
0.06, 1744800
0.06, 1744800
0.06, 1744800
0.06, 1744800
0.06, 1744800
0.06, 1744800
0.06, 1744800
0.06, 1744800
0.06, 1744800
0.06, 1744800
0.06, 1744800
0.06, 1744800
0.06, 1744800
0.06, 1744800
0.06, 1744800
0.06, 1744800
0.06, 1744800
0.06, 1744800
0.06, 1744800
0.06, 1744800
0.06, 1744800
0.06, 1744800
0.06, 1744800
0.06, 1744800
0.06, 1744800
0.06, 1744800
0.06, 1744800
0.06, 1744800
0.06, 1744800
0.06, 1744800
0.06, 1744800
0.06, 1744800
0.06, 1744800
0.06, 1744800
0.06, 1744800
0.06, 1744800
0.06, 1744800
0.06, 1744800
0.06, 1744800
0.06, 1744800
0.06, 1744800
0.06, 1744800
0.06, 1744800
0.06, 1744800
0.06, 1744800
0.06, 1744800
0.06, 1744800
0.06, 1744800
0.06, 1744800
0.06, 1744800
0.06, 1744800
0.06, 1744800
0.07, 1744800
0.07, 1744800
0.07, 1744800
0.07, 1744800
0.07, 1744800
0.07, 1744800
0.07, 1744800
0.07, 1744800
0.07, 1744800
0.07, 1744800
0.07, 1744800
0.07, 1744800
0.07, 1744800
0.07, 1744800
0.07, 1744800
0.07, 1744800
0.07, 1744800
0.07, 1706804
0.07, 1706804
0.07, 1706804
0.07, 1706804
0.07, 1706804
0.07, 1706804
0.07, 1706804
0.07, 1706804
0.07, 1706804
0.07, 1706804
0.07, 1706804
0.07, 1706804
0.07, 1706804
0.07, 1706804
0.07, 1696035
0.07, 1696035
0.07, 1696035
0.07, 1696035
0.07, 1696035
0.07, 1696035
0.07, 1696035
0.07, 1696035
0.07, 1696035
0.07, 1696035
0.07, 1696035
0.07, 1696035
0.07, 1696035
0.07, 1696035
0.07, 1696035
0.07, 1696035
0.07, 1696035
0.07, 1696035
0.07, 1696035
0.07, 1696035
0.07, 1696035
0.07, 1696035
0.07, 1696035
0.07, 1696035
0.07, 1696035
0.07, 1696035
0.07, 1696035
0.07, 1696035
0.07, 1696035
0.07, 1696035
0.07, 1696035
0.07, 1696035
0.07, 1696035
0.07, 1696035
0.07, 1696035
0.07, 1696035
0.07, 1696035
0.07, 1696035
0.07, 1696035
0.07, 1696035
0.07, 1693185
0.07, 1693185
0.07, 1693185
0.07, 1693185
0.07, 1693185
0.07, 1693185
0.07, 1693185
0.07, 1693185
0.07, 1693185
0.07, 1693185
0.07, 1693185
0.07, 1693185
0.07, 1693185
0.07, 1693185
0.07, 1693185
0.07, 1693185
0.07, 1693185
0.07, 1693185
0.07, 1693185
0.07, 1693185
0.07, 1693185
0.07, 1693185
0.07, 1693185
0.07, 1693185
0.07, 1693185
0.07, 1693185
0.07, 1693185
0.07, 1693185
0.07, 1693185
0.07, 1693185
0.07, 1693185
0.07, 1693185
0.07, 1693185
0.07, 1693185
0.07, 1693185
0.07, 1693185
0.07, 1693185
0.07, 1693185
0.07, 1693185
0.07, 1693185
0.07, 1693185
0.07, 1693185
0.07, 1693185
0.07, 1693185
0.07, 1693185
0.07, 1693185
0.07, 1681397
0.07, 1681397
0.07, 1681397
0.07, 1681397
0.07, 1681397
0.07, 1681397
0.07, 1681397
0.07, 1681397
0.07, 1681397
0.07, 1681397
0.07, 1681397
0.07, 1681397
0.07, 1681397
0.07, 1681397
0.07, 1681397
0.07, 1681397
0.07, 1681397
0.07, 1681397
0.07, 1681397
0.07, 1681397
0.07, 1681397
0.07, 1681397
0.07, 1681397
0.07, 1681397
0.07, 1681397
0.07, 1681397
0.07, 1681397
0.07, 1681397
0.07, 1681397
0.07, 1681397
0.07, 1681397
0.07, 1681397
0.07, 1681397
0.07, 1681397
0.07, 1681397
0.07, 1681397
0.07, 1681397
0.07, 1681397
0.07, 1681397
0.07, 1681397
0.07, 1681397
0.07, 1681397
0.07, 1681397
0.07, 1681397
0.07, 1681397
0.07, 1681397
0.07, 1681397
0.07, 1681397
0.07, 1681397
0.07, 1681397
0.07, 1681397
0.07, 1681397
0.07, 1681397
0.07, 1681397
0.07, 1681397
0.07, 1681397
0.07, 1681397
0.07, 1681397
0.07, 1681397
0.07, 1681397
0.07, 1681397
0.07, 1681397
0.07, 1681397
0.07, 1681397
0.07, 1681397
0.07, 1681397
0.07, 1681397
0.07, 1681397
0.07, 1681397
0.07, 1681397
0.07, 1681397
0.07, 1681397
0.07, 1681397
0.07, 1681397
0.07, 1681397
0.07, 1681397
0.07, 1681397
0.07, 1681397
0.07, 1681397
0.07, 1681397
0.07, 1681397
0.07, 1681397
0.07, 1681397
0.07, 1681397
0.07, 1681397
0.07, 1681397
0.07, 1681397
0.07, 1681397
0.07, 1681397
0.07, 1681397
0.07, 1681397
0.07, 1681397
0.07, 1681397
0.07, 1681397
0.07, 1681397
0.07, 1681397
0.07, 1681397
0.07, 1681397
0.07, 1681397
0.07, 1681397
0.07, 1681397
0.07, 1681397
0.07, 1681397
0.07, 1681397
0.07, 1681397
0.07, 1681397
0.07, 1681397
0.07, 1681397
0.07, 1681397
0.07, 1681397
0.07, 1681397
0.07, 1681397
0.07, 1681397
0.07, 1681397
0.07, 1681397
0.07, 1681397
0.07, 1681397
0.07, 1681397
0.07, 1681397
0.07, 1681397
0.07, 1681397
0.07, 1681397
0.07, 1681397
0.07, 1681397
0.07, 1681397
0.07, 1681397
0.07, 1681397
0.07, 1681397
0.07, 1681397
0.07, 1681397
0.07, 1681397
0.07, 1681397
0.07, 1681397
0.07, 1681397
0.07, 1681397
0.07, 1679360
0.07, 1679360
0.07, 1679360
0.07, 1679360
0.07, 1679360
0.07, 1673342
0.07, 1673342
0.07, 1673342
0.07, 1673342
0.07, 1673342
0.07, 1673342
0.07, 1673342
0.07, 1673342
0.07, 1673342
0.07, 1646526
0.07, 1646526
0.07, 1646526
0.07, 1646526
0.07, 1646526