0.00, 10751302
0.00, 10690860
0.00, 10690860
0.00, 10690860
0.00, 10690860
0.00, 10517368
0.00, 10517368
0.00, 10517368
0.00, 10517368
0.00, 10517368
0.00, 10504834
0.00, 10504834
0.00, 10504834
0.00, 10504834
0.00, 10504834
0.00, 10504834
0.00, 10504834
0.00, 10504834
0.00, 10504834
0.00, 10504834
0.00, 10504834
0.00, 10504834
0.00, 10504834
0.00, 10369946
0.00, 10369946
0.00, 10195267
0.00, 10195267
0.00, 10195267
0.00, 10195267
0.00, 10168373
0.00, 10168373
0.00, 10168373
0.00, 9970579
0.00, 9967744
0.01, 9939764
0.01, 9939764
0.01, 9939764
0.01, 9939764
0.01, 9939764
0.01, 9939764
0.01, 9939764
0.01, 9939764
0.01, 9939764
0.01, 9939764
0.01, 9939764
0.01, 9939764
0.01, 9939764
0.01, 9939764
0.01, 9939764
0.01, 9928911
0.01, 9928911
0.01, 9925050
0.01, 9887280
0.01, 9716832
0.01, 9659655
0.01, 9554680
0.01, 9554680
0.01, 9263276
0.01, 9263276
0.01, 9263276
0.01, 9263276
0.01, 9161850
0.01, 9129484
0.01, 9129484
0.01, 9129484
0.01, 9129484
0.01, 9030018
0.01, 9030018
0.01, 9030018
0.01, 9030018
0.01, 9030018
0.01, 9030018
0.01, 9030018
0.01, 9030018
0.01, 9030018
0.01, 9030018
0.01, 9030018
0.01, 9023765
0.01, 9023765
0.01, 8968671
0.01, 8968671
0.01, 8874590
0.01, 8874590
0.01, 8874590
0.01, 8817241
0.01, 8817241
0.01, 8817241
0.01, 8784602
0.01, 8747349
0.01, 8747349
0.01, 8747349
0.01, 8747349
0.01, 8747349
0.01, 8747349
0.01, 8747349
0.01, 8747349
0.01, 8741311
0.01, 8741311
0.01, 8741311
0.01, 8741311
0.01, 8741311
0.01, 8741311
0.01, 8741311
0.01, 8741311
0.01, 8741311
0.01, 8741311
0.01, 8732269
0.01, 8732269
0.02, 8732269
0.02, 8732269
0.02, 8732269
0.02, 8693366
0.02, 8693366
0.02, 8693366
0.02, 8693366
0.02, 8693366
0.02, 8693366
0.02, 8693366
0.02, 8693366
0.02, 8634517
0.02, 8571632
0.02, 8571632
0.02, 8571632
0.02, 8571632
0.02, 8571632
0.02, 8571632
0.02, 8571632
0.02, 8571632
0.02, 8571632
0.02, 8571632
0.02, 8571632
0.02, 8571632
0.02, 8571632
0.02, 8571632
0.02, 8571632
0.02, 8571632
0.02, 8571632
0.02, 8567478
0.02, 8567478
0.02, 8567478
0.02, 8567478
0.02, 8523091
0.02, 8523091
0.02, 8523091
0.02, 8523091
0.02, 8523091
0.02, 8484270
0.02, 8484270
0.02, 8484270
0.02, 8484270
0.02, 8484270
0.02, 8484270
0.02, 8484270
0.02, 8484270
0.02, 8484270
0.02, 8484270
0.02, 8484270
0.02, 8484270
0.02, 8484270
0.02, 8484270
0.02, 8484270
0.02, 8484270
0.02, 8484270
0.02, 8399730
0.02, 8399730
0.02, 8177285
0.02, 8177285
0.02, 8175776
0.02, 8175776
0.02, 8117217
0.02, 8117217
0.02, 8117217
0.02, 8117217
0.02, 8041343
0.02, 8038442
0.02, 7959153
0.02, 7959153
0.02, 7959153
0.02, 7959153
0.02, 7959153
0.02, 7959153
0.02, 7959153
0.02, 7959153
0.02, 7959153
0.02, 7959153
0.02, 7959153
0.02, 7959153
0.02, 7959153
0.02, 7959153
0.02, 7959153
0.02, 7959153
0.02, 7959153
0.02, 7955478
0.02, 7955478
0.02, 7948980
0.02, 7948980
0.02, 7830807
0.02, 7830807
0.02, 7830807
0.02, 7665101
0.02, 7665101
0.02, 7540542
0.02, 7540542
0.02, 7540542
0.02, 7540542
0.02, 7513701
0.02, 7513701
0.02, 7504722
0.02, 7471782
0.03, 7471782
0.03, 7426456
0.03, 7426456
0.03, 7369076
0.03, 7369076
0.03, 7369076
0.03, 7369076
0.03, 7369076
0.03, 7369076
0.03, 7369076
0.03, 7369076
0.03, 7369076
0.03, 7369076
0.03, 7369076
0.03, 7369076
0.03, 7369076
0.03, 7369076
0.03, 7369076
0.03, 7369076
0.03, 7369076
0.03, 7369076
0.03, 7369076
0.03, 7369076
0.03, 7369076
0.03, 7369076
0.03, 7369076
0.03, 7369076
0.03, 7369076
0.03, 7369076
0.03, 7369076
0.03, 7369076
0.03, 7369076
0.03, 7345296
0.03, 7345296
0.03, 7345296
0.03, 7345296
0.03, 7345296
0.03, 7345296
0.03, 7345296
0.03, 7268122
0.03, 7268122
0.03, 7268122
0.03, 7268122
0.03, 7268122
0.03, 7205077
0.03, 7205077
0.03, 7205077
0.03, 7205077
0.03, 7205077
0.03, 7205077
0.03, 7205077
0.03, 7205077
0.03, 7205077
0.03, 7205077
0.03, 7205077
0.03, 7205077
0.03, 7205077
0.03, 7205077
0.03, 7197467
0.03, 7197467
0.03, 7197467
0.03, 7197467
0.03, 7197467
0.03, 7195822
0.03, 7195822
0.03, 7195822
0.03, 7195822
0.03, 7195822
0.03, 7195822
0.03, 7195822
0.03, 7195822
0.03, 7195822
0.03, 7195822
0.03, 7195822
0.03, 7173831
0.03, 7124561
0.03, 7124561
0.03, 7121475
0.03, 7121475
0.03, 7121475
0.03, 7121475
0.03, 7092615
0.03, 7088133
0.03, 7003153
0.03, 7003153
0.03, 7003153
0.03, 7003153
0.03, 6959175
0.03, 6959175
0.03, 6950891
0.03, 6950891
0.03, 6950891
0.03, 6950891
0.03, 6915937
0.03, 6915937
0.03, 6915937
0.03, 6915937
0.03, 6915937
0.03, 6915937
0.03, 6915937
0.03, 6915937
0.03, 6869774
0.03, 6869774
0.03, 6869774
0.03, 6869774
0.03, 6866787
0.03, 6866787
0.03, 6866787
0.03, 6866787
0.03, 6866787
0.03, 6866787
0.03, 6866787
0.03, 6864206
0.03, 6864206
0.03, 6854436
0.03, 6854436
0.03, 6854436
0.03, 6826527
0.03, 6816958
0.03, 6816958
0.03, 6816958
0.03, 6816958
0.03, 6816958
0.03, 6816958
0.03, 6816958
0.03, 6816958
0.03, 6816958
0.03, 6816958
0.03, 6816958
0.03, 6816958
0.03, 6777969
0.03, 6777969
0.03, 6777969
0.03, 6777969
0.03, 6728246
0.03, 6728246
0.03, 6728246
0.03, 6728246
0.03, 6728246
0.03, 6728246
0.03, 6728246
0.03, 6728246
0.03, 6675390
0.03, 6554301
0.03, 6554301
0.03, 6554301
0.03, 6542758
0.03, 6542758
0.03, 6542758
0.03, 6542758
0.03, 6542758
0.03, 6542758
0.03, 6542758
0.03, 6542758
0.03, 6428333
0.03, 6428333
0.03, 6428333
0.03, 6428333
0.03, 6428333
0.03, 6428333
0.04, 6428333
0.04, 6428333
0.04, 6428333
0.04, 6428333
0.04, 6428333
0.04, 6428333
0.04, 6428333
0.04, 6428333
0.04, 6428333
0.04, 6428333
0.04, 6428333
0.04, 6428333
0.04, 6428333
0.04, 6428333
0.04, 6428333
0.04, 6428333
0.04, 6428333
0.04, 6428333
0.04, 6428333
0.04, 6428333
0.04, 6428333
0.04, 6428333
0.04, 6377610
0.04, 6239959
0.04, 6239959
0.04, 6239959
0.04, 6239959
0.04, 6239959
0.04, 6239555
0.04, 6195634
0.04, 6195634
0.04, 6195634
0.04, 6195634
0.04, 6195634
0.04, 6195634
0.04, 6195634
0.04, 6195634
0.04, 6195634
0.04, 6195634
0.04, 6116824
0.04, 6116824
0.04, 6116824
0.04, 6116824
0.04, 6116824
0.04, 6116824
0.04, 6116824
0.04, 5989496
0.04, 5989496
0.04, 5989496
0.04, 5880790
0.04, 5880790
0.04, 5880790
0.04, 5831817
0.04, 5831817
0.04, 5831817
0.04, 5831817
0.04, 5831817
0.04, 5831817
0.04, 5831817
0.04, 5831817
0.04, 5831817
0.04, 5831817
0.04, 5831817
0.04, 5831817
0.04, 5831817
0.04, 5831817
0.04, 5831817
0.04, 5776502
0.04, 5776502
0.04, 5776502
0.04, 5776502
0.04, 5776502
0.04, 5711468
0.04, 5711468
0.04, 5711468
0.04, 5711468
0.04, 5711468
0.04, 5476339
0.04, 5476339
0.04, 5476339
0.04, 5476339
0.04, 5476339
0.04, 5476339
0.04, 5439153
0.04, 5415663
0.04, 5295673
0.04, 5295673
0.04, 5295673
0.04, 5295673
0.04, 5295673
0.04, 5295673
0.04, 5295673
0.04, 5295673
0.04, 5295673
0.04, 5295673
0.04, 5295673
0.04, 5295673
0.04, 5295673
0.04, 5295673
0.04, 5295673
0.04, 5295673
0.04, 5291839
0.04, 5288405
0.04, 5288405
0.04, 5288405
0.04, 5288405
0.04, 5288405
0.04, 5288405
0.04, 5288405
0.04, 5288405
0.04, 5288405
0.04, 5288405
0.04, 5288405
0.04, 5288405
0.04, 5288405
0.04, 5288405
0.04, 5288405
0.04, 5288405
0.04, 5288405
0.04, 5288405
0.04, 5288405
0.04, 5288405
0.04, 5288405
0.04, 5288405
0.04, 5288405
0.04, 5288405
0.04, 5288405
0.04, 5288405
0.04, 5288405
0.04, 5288405
0.04, 5288405
0.04, 5288405
0.04, 5288405
0.04, 5288405
0.04, 5288405
0.04, 5288405
0.04, 5288405
0.04, 5288405
0.04, 5288405
0.04, 5288405
0.04, 5288405
0.04, 5288405
0.04, 5286408
0.04, 5286408
0.04, 5286408
0.04, 5286408
0.04, 5286408
0.04, 5286408
0.04, 5286408
0.04, 5286408
0.04, 5286408
0.04, 5286408
0.04, 5286408
0.04, 5286408
0.04, 5286408
0.04, 5286408
0.04, 5286408
0.04, 5286408
0.04, 5286408
0.04, 5286408
0.04, 5286408
0.04, 5286408
0.04, 5286408
0.04, 5286408
0.04, 5286408
0.04, 5286408
0.04, 5286408
0.04, 5286408
0.04, 5286408
0.04, 5286408
0.04, 5286408
0.04, 5286408
0.04, 5286408
0.04, 5286408
0.04, 5286408
0.04, 5286408
0.05, 5286408
0.05, 5286408
0.05, 5286408
0.05, 5286408
0.05, 5286408
0.05, 5286408
0.05, 5286408
0.05, 5286408
0.05, 5286408
0.05, 5286408
0.05, 5286408
0.05, 5286408
0.05, 5286408
0.05, 5286408
0.05, 5286408
0.05, 5286408
0.05, 5286408
0.05, 5286408
0.05, 5286408
0.05, 5286408
0.05, 5286408
0.05, 5286408
0.05, 5286408
0.05, 5286408
0.05, 5286408
0.05, 5286408
0.05, 5286408
0.05, 5286408
0.05, 5286408
0.05, 5286408
0.05, 5286408
0.05, 5286408
0.05, 5286408
0.05, 5286408
0.05, 5286408
0.05, 5286408
0.05, 5286408
0.05, 5286408
0.05, 5286408
0.05, 5286408
0.05, 5286408
0.05, 5286408
0.05, 5286408
0.05, 5286408
0.05, 5286408
0.05, 5286408
0.05, 5286408
0.05, 5286408
0.05, 5286408
0.05, 5286408
0.05, 5286408
0.05, 5286408
0.05, 5286408
0.05, 5286408
0.05, 5286408
0.05, 5286408
0.05, 5286408
0.05, 5286408
0.05, 5286408
0.05, 5286408
0.05, 5286408
0.05, 5255150
0.05, 5255150
0.05, 5255150
0.05, 5255150
0.05, 5255150
0.05, 5255150
0.05, 5255150
0.05, 5255150
0.05, 5255150
0.05, 5255150
0.05, 5255150
0.05, 5255150
0.05, 5255150
0.05, 5255150
0.05, 5255150
0.05, 5255150
0.05, 5255150
0.05, 5255150
0.05, 5255150
0.05, 5255150
0.05, 5255150
0.05, 5255150
0.05, 5255150
0.05, 5255150
0.05, 5255150
0.05, 5255150
0.05, 5255150
0.05, 5255150
0.05, 5255150
0.05, 5255150
0.05, 5255150
0.05, 5255150
0.05, 5255150
0.05, 5255150
0.05, 5255150
0.05, 5255150
0.05, 5255150
0.05, 5255150
0.05, 5255150
0.05, 5245568
0.05, 5245568
0.05, 5245568
0.05, 5245568
0.05, 5245568
0.05, 5245568
0.05, 5245568
0.05, 5245568
0.05, 5245568
0.05, 5245568
0.05, 5245568
0.05, 5156764
0.05, 5144522
0.05, 5144522
0.05, 5097002
0.05, 5097002
0.05, 5060299
0.05, 5060299
0.05, 5060299
0.05, 5060299
0.05, 5060299
0.05, 5060299
0.05, 5060299
0.05, 5060299
0.05, 5060299
0.05, 5060299
0.05, 5060299
0.05, 5060299
0.05, 5060299
0.05, 5018710
0.05, 5018710
0.05, 5018710
0.05, 5018710
0.05, 5018710
0.05, 5018710
0.05, 5018710
0.05, 5018710
0.05, 5018710
0.05, 4994366
0.05, 4994366
0.05, 4994366
0.05, 4994366
0.05, 4925138
0.05, 4925138
0.05, 4925138
0.05, 4925138
0.05, 4925138
0.05, 4925138
0.05, 4925138
0.05, 4925138
0.05, 4925138
0.05, 4925138
0.05, 4925138
0.05, 4925138
0.05, 4925138
0.05, 4925138
0.05, 4925138
0.05, 4925138
0.05, 4877984
0.05, 4877984
0.05, 4877984
0.05, 4855010
0.05, 4786133
0.05, 4786133
0.05, 4786133
0.05, 4786133
0.05, 4786133
0.05, 4786133
0.05, 4709895
0.05, 4707646
0.05, 4707646
0.05, 4707646
0.05, 4707646
0.05, 4707646
0.05, 4707646
0.05, 4707646
0.05, 4707646
0.05, 4707646
0.05, 4707646
0.05, 4707646
0.05, 4707646
0.05, 4707646
0.05, 4707646
0.05, 4707646
0.05, 4707646
0.05, 4707646
0.05, 4707646
0.05, 4707646
0.05, 4707646
0.05, 4707646
0.05, 4707646
0.05, 4707646
0.05, 4707646
0.05, 4707646
0.05, 4707646
0.05, 4707646
0.05, 4707646
0.05, 4707646
0.05, 4707646
0.05, 4707646
0.05, 4707646
0.05, 4707646
0.05, 4707646
0.05, 4707646
0.05, 4703139
0.05, 4703139
0.05, 4703139
0.05, 4591819
0.05, 4591819
0.05, 4591819
0.05, 4591819
0.05, 4591819
0.05, 4591819
0.05, 4591819
0.05, 4591819
0.05, 4591819
0.05, 4591819
0.05, 4591819
0.05, 4591819
0.05, 4591819
0.05, 4591819
0.05, 4591819
0.05, 4591819
0.05, 4591819
0.05, 4591819
0.05, 4591819
0.05, 4591819
0.05, 4591819
0.05, 4591819
0.05, 4591819
0.05, 4591819
0.05, 4591819
0.05, 4591819
0.05, 4591819
0.05, 4591819
0.05, 4591819
0.05, 4591819
0.05, 4591819
0.05, 4591819
0.05, 4591819
0.05, 4591819
0.05, 4591819
0.05, 4591819
0.05, 4591819
0.05, 4591819
0.05, 4591819
0.05, 4591819
0.05, 4591819
0.05, 4591819
0.05, 4591819
0.05, 4591819
0.05, 4591819
0.05, 4591819
0.05, 4591819
0.05, 4591819
0.05, 4591819
0.05, 4591819
0.05, 4564047
0.05, 4564047
0.05, 4564047
0.05, 4564047
0.05, 4564047
0.05, 4564047
0.05, 4564047
0.05, 4564047
0.05, 4564047
0.05, 4564047
0.05, 4564047
0.05, 4564047
0.05, 4564047
0.05, 4529389
0.05, 4529389
0.05, 4529389
0.05, 4529389
0.05, 4529389
0.05, 4529389
0.05, 4529389
0.05, 4529389
0.05, 4529389
0.05, 4529389
0.05, 4529389
0.05, 4529389
0.05, 4529389
0.05, 4529389
0.05, 4529389
0.05, 4529389
0.05, 4529389
0.05, 4529389
0.05, 4529389
0.05, 4529389
0.05, 4529389
0.05, 4529389
0.05, 4529389
0.05, 4529389
0.05, 4529389
0.05, 4529389
0.05, 4529389
0.05, 4529389
0.05, 4529389
0.05, 4529389
0.05, 4529389
0.05, 4529389
0.05, 4529389
0.05, 4529389
0.05, 4529389
0.05, 4529389
0.05, 4529389
0.05, 4529389
0.05, 4529389
0.05, 4529389
0.05, 4529389
0.05, 4529389
0.05, 4489571
0.05, 4489571
0.05, 4489571
0.05, 4489571
0.05, 4489571
0.05, 4489571
0.05, 4489571
0.05, 4489571
0.05, 4489571
0.05, 4489571
0.05, 4489571
0.05, 4489571
0.05, 4489571
0.05, 4489571
0.05, 4479585
0.05, 4479585
0.05, 4479585
0.05, 4479585
0.05, 4479585
0.05, 4479585
0.05, 4479585
0.05, 4479585
0.05, 4479585
0.05, 4479585
0.05, 4479585
0.05, 4479585
0.05, 4479585
0.05, 4479585
0.05, 4479585
0.05, 4479585
0.05, 4479585
0.05, 4479585
0.05, 4467239
0.05, 4467239
0.05, 4467239
0.05, 4467239
0.05, 4467239
0.05, 4467239
0.05, 4461714
0.05, 4461714
0.05, 4461714
0.05, 4461714
0.05, 4461714
0.05, 4461714
0.05, 4461714
0.05, 4461714
0.05, 4461714
0.05, 4461714
0.05, 4461714
0.05, 4461714
0.05, 4461714
0.05, 4461714
0.05, 4461714
0.05, 4461714
0.06, 4461714
0.06, 4461714
0.06, 4461714
0.06, 4461714
0.06, 4461714
0.06, 4461714
0.06, 4461714
0.06, 4461714
0.06, 4461714
0.06, 4461714
0.06, 4461714
0.06, 4461714
0.06, 4461714
0.06, 4461714
0.06, 4461714
0.06, 4461714
0.06, 4461714
0.06, 4461714
0.06, 4461714
0.06, 4434501
0.06, 4434501
0.06, 4434501
0.06, 4434501
0.06, 4434501
0.06, 4434501
0.06, 4434501
0.06, 4434501
0.06, 4434501
0.06, 4433769
0.06, 4433769
0.06, 4433769
0.06, 4433769
0.06, 4433769
0.06, 4433769
0.06, 4433769
0.06, 4433769
0.06, 4433769
0.06, 4433769
0.06, 4433769
0.06, 4433769
0.06, 4433769
0.06, 4433769
0.06, 4433769
0.06, 4433769
0.06, 4433769
0.06, 4433769
0.06, 4433769
0.06, 4433769
0.06, 4433769
0.06, 4433769
0.06, 4433769
0.06, 4433769
0.06, 4433769
0.06, 4433769
0.06, 4433769
0.06, 4433769
0.06, 4433769
0.06, 4433769
0.06, 4433769
0.06, 4433769
0.06, 4433769
0.06, 4433769
0.06, 4433769
0.06, 4433769
0.06, 4433769
0.06, 4433769
0.06, 4433769
0.06, 4433769
0.06, 4433769
0.06, 4433769
0.06, 4433769
0.06, 4433769
0.06, 4433769
0.06, 4433769
0.06, 4433769
0.06, 4433769
0.06, 4433769
0.06, 4433769
0.06, 4433769
0.06, 4433769
0.06, 4433769
0.06, 4433769
0.06, 4433769
0.06, 4433769
0.06, 4433769
0.06, 4433769
0.06, 4433769
0.06, 4433769
0.06, 4433769
0.06, 4433769
0.06, 4433769
0.06, 4433769
0.06, 4433769
0.06, 4433769
0.06, 4433769
0.06, 4433769
0.06, 4433769
0.06, 4433769
0.06, 4433769
0.06, 4433261
0.06, 4433261
0.06, 4433261
0.06, 4433261
0.06, 4433261
0.06, 4433261
0.06, 4433261
0.06, 4433261
0.06, 4433261
0.06, 4433261
0.06, 4433261
0.06, 4433261
0.06, 4433261
0.06, 4433261
0.06, 4433261
0.06, 4433261
0.06, 4433261
0.06, 4433261
0.06, 4433261
0.06, 4433261
0.06, 4433261
0.06, 4433261
0.06, 4433261
0.06, 4433261
0.06, 4433261
0.06, 4433261
0.06, 4433261
0.06, 4433261
0.06, 4433261
0.06, 4433261
0.06, 4433261
0.06, 4433261
0.06, 4433261
0.06, 4433261
0.06, 4433261
0.06, 4433261
0.06, 4433261
0.06, 4433261
0.06, 4433261
0.06, 4433261
0.06, 4433261
0.06, 4433261
0.06, 4433261
0.06, 4433261
0.06, 4433261
0.06, 4433261
0.06, 4433261
0.06, 4433261
0.06, 4433261
0.06, 4433261
0.06, 4433261
0.06, 4433261
0.06, 4433261
0.06, 4433261
0.06, 4433261
0.06, 4433261
0.06, 4433261
0.06, 4433261
0.06, 4433261
0.06, 4433261
0.06, 4433261
0.06, 4433261
0.06, 4433261
0.06, 4433261
0.06, 4433261
0.06, 4433261
0.06, 4433261
0.06, 4433261
0.06, 4433261
0.06, 4433261
0.06, 4433261
0.06, 4314764
0.06, 4314764
0.06, 4314764
0.06, 4314764
0.06, 4314764
0.06, 4314764
0.06, 4314764
0.06, 4314764
0.06, 4314764
0.06, 4314764
0.06, 4314764
0.06, 4314764
0.06, 4314764
0.06, 4314764
0.06, 4314764
0.06, 4314764
0.06, 4314764
0.06, 4314764
0.06, 4314764
0.06, 4314764
0.06, 4314764
0.06, 4314764
0.06, 4314764
0.06, 4314764
0.06, 4314764
0.06, 4314764
0.06, 4314764
0.06, 4314764
0.06, 4314764
0.06, 4314764
0.06, 4314764
0.06, 4314764
0.06, 4314764
0.06, 4314764
0.06, 4314764
0.06, 4311812
0.06, 4311812
0.06, 4311812
0.06, 4311812
0.06, 4311812
0.06, 4311812
0.06, 4311812
0.06, 4311812
0.06, 4311812
0.06, 4311812
0.06, 4306662
0.06, 4306662
0.06, 4306662
0.06, 4306662
0.06, 4306662
0.06, 4306662
0.06, 4306662
0.06, 4306662
0.06, 4306662
0.06, 4306662
0.06, 4302437
0.07, 4302437
0.07, 4302437
0.07, 4302437
0.07, 4302437
0.07, 4302437
0.07, 4302437
0.07, 4249458
0.07, 4249458
0.07, 4249458
0.07, 4249458
0.07, 4249458
0.07, 4249458
0.07, 4249458
0.07, 4249458
0.07, 4246718
0.07, 4246718
0.07, 4246718
0.07, 4246718
0.07, 4246718
0.07, 4246718
0.07, 4246718
0.07, 4246718
0.07, 4246718
0.07, 4246718
0.07, 4246718
0.07, 4246718
0.07, 4246718
0.07, 4246718
0.07, 4246718
0.07, 4246718
0.07, 4246718
0.07, 4246718
0.07, 4246718
0.07, 4246718
0.07, 4246718
0.07, 4246718
0.07, 4246718
0.07, 4246718
0.07, 4246718
0.07, 4246718
0.07, 4246718
0.07, 4246718
0.07, 4246718
0.07, 4246718
0.07, 4246718
0.07, 4246718
0.07, 4246718
0.07, 4246718
0.07, 4246718
0.07, 4246718
0.07, 4246718
0.07, 4246718
0.07, 4246718
0.07, 4246718
0.07, 4246718
0.07, 4246718
0.07, 4246718
0.07, 4246718
0.07, 4246718
0.07, 4246718
0.07, 4246718
0.07, 4246718
0.07, 4246718
0.07, 4246718
0.07, 4246718
0.07, 4246718
0.07, 4246718
0.07, 4246718
0.07, 4246718
0.07, 4246718
0.07, 4246718
0.07, 4246718
0.07, 4246718
0.07, 4246718
0.07, 4246718
0.07, 4246718
0.07, 4246718
0.07, 4246718
0.07, 4246718
0.07, 4246718
0.07, 4246718
0.07, 4246718
0.07, 4246718
0.07, 4246718
0.07, 4246718
0.07, 4246718
0.07, 4246718
0.07, 4246718
0.07, 4246718
0.07, 4238707
0.07, 4238707
0.07, 4238707
0.07, 4229096
0.07, 4229096
0.07, 4191521
0.07, 4191521
0.07, 4191521
0.07, 4191521
0.07, 4191521
0.07, 4191521
0.07, 4191521
0.07, 4191521
0.07, 4174222
0.07, 4174222
0.07, 4174222
0.07, 4174222
0.07, 4174222
0.07, 4174222
0.07, 4174222
0.07, 4174222
0.07, 4174222
0.07, 4174222
0.07, 4174222
0.07, 4129491
0.07, 4129491
0.07, 4129491
0.07, 4129491
0.07, 4129491
0.07, 4129491
0.07, 4129491
0.07, 4129491
0.07, 4129491
0.07, 4129491
0.07, 4129491
0.07, 4129491
0.07, 4129491
0.07, 4129491
0.07, 4129491
0.07, 4129491
0.07, 4129491
0.07, 4129491
0.07, 4129491
0.07, 4129491
0.07, 4129491
0.07, 4129491
0.07, 4129491
0.07, 4129491
0.07, 4129491
0.07, 4129491
0.07, 4129491
0.07, 4129491
0.07, 4129491
0.07, 4129491
0.07, 4129491
0.07, 4129491
0.07, 4129491
0.07, 4129491
0.07, 4129491
0.07, 4129491
0.07, 4129491
0.07, 4129491
0.07, 4129491
0.07, 4129491
0.07, 4129491
0.07, 4129491
0.07, 4129491
0.07, 4129491
0.07, 4129491
0.07, 4129491
0.07, 4129491
0.07, 4129491
0.07, 4129491
0.07, 4129491
0.07, 4129491
0.07, 4129491
0.07, 4116746
0.07, 4116746
0.07, 4116746
0.07, 4116746
0.07, 4116746
0.07, 4116746
0.07, 4116746
0.07, 4116746
0.07, 4116746
0.07, 4116746
0.07, 4116746
0.07, 4116746
0.07, 4116746
0.07, 4116746
0.07, 4116746
0.07, 4116746
0.07, 4116746
0.07, 4116746
0.07, 4116746
0.07, 4116746
0.07, 4116746
0.07, 4116746
0.07, 4116746
0.07, 4116746
0.07, 4116746
0.07, 4116746
0.07, 4116746
0.07, 4116746
0.07, 4116746
0.07, 4116746
0.07, 4116746
0.07, 4116746
0.07, 4116746
0.07, 4111252
0.07, 4111252
0.07, 4111252
0.07, 4111252
0.07, 4111252
0.07, 4111252
0.07, 4111252
0.07, 4111252
0.07, 4111252
0.07, 4111252
0.07, 4111252
0.07, 4111252
0.07, 4111252
0.07, 4111252
0.07, 4111252
0.07, 4111252
0.07, 4111252
0.07, 4111252
0.07, 4111252
0.07, 4111252
0.07, 4111252
0.07, 4111252
0.07, 4111252
0.07, 4111252
0.07, 4111252
0.07, 4111252
0.07, 4111252
0.07, 4111252
0.07, 4111252
0.07, 4111252
0.07, 4111252
0.07, 4111252
0.07, 4111252
0.07, 4111252
0.07, 4111252
0.07, 4079893
0.07, 4079893
0.07, 4079893
0.07, 4079893
0.07, 4079893
0.07, 4079893
0.07, 4062961
0.07, 4062961
0.07, 4062961
0.07, 4062961
0.07, 4062961
0.07, 4062961
0.07, 4062961
0.07, 4062961
0.07, 4062961
0.07, 4062961
0.07, 4062961
0.07, 4062961
0.07, 4062961
0.07, 4062961
0.07, 4062961
0.07, 4062961
0.07, 4062961
0.07, 4062961
0.07, 4062961
0.07, 4062961
0.07, 4062961
0.07, 4062961
0.07, 4062961
0.07, 4062961
0.07, 4062961
0.07, 4062961
0.07, 4062961
0.07, 4062961
0.07, 4058319
0.07, 4058319
0.07, 4015908
0.07, 4015908
0.07, 4015908
0.07, 4015908
0.07, 4015908
0.07, 4015908
0.07, 4015908
0.07, 4015908
0.07, 4015908
0.07, 4015908
0.07, 4015908
0.07, 4015908
0.07, 4015908
0.07, 4015908
0.07, 4015908
0.07, 4015908
0.07, 4015908
0.07, 4015908
0.07, 4015908
0.07, 4015908
0.07, 4015908
0.07, 4015908
0.07, 4015908
0.07, 4006578
0.07, 4006578
0.07, 4006578
0.07, 4006578
0.07, 4006578
0.07, 4006578
0.07, 4006578
0.07, 4006578
0.07, 4006578
0.07, 4006578
0.07, 4006578
0.07, 4006578
0.07, 4006578
0.07, 4006578
0.07, 4006578
0.07, 4006578
0.07, 4006578
0.07, 4006578
0.07, 4006578
0.07, 4006578
0.07, 4006578
0.07, 4006578
0.07, 4006578
0.07, 4006578
0.07, 4006578
0.07, 4006578
0.07, 4006578
0.07, 4006578
0.07, 4006578
0.07, 4006578
0.07, 4006578
0.07, 4006578
0.07, 4006578
0.07, 4006578
0.07, 4006578
0.07, 3978595
0.07, 3978595
0.07, 3978595
0.07, 3978595
0.07, 3978595
0.07, 3978595
0.07, 3978595
0.07, 3978595
0.07, 3978595
0.07, 3978595
0.07, 3978595
0.07, 3978595
0.07, 3978595
0.07, 3978595
0.07, 3978595
0.07, 3978595
0.07, 3978595
0.07, 3978595
0.07, 3978595
0.07, 3978595
0.07, 3978595
0.07, 3978595
0.07, 3978595
0.07, 3891798
0.07, 3891798
0.07, 3891798
0.07, 3867407
0.07, 3867407
0.07, 3867407
0.07, 3867407
0.07, 3867407
0.07, 3867407
0.07, 3867407
0.07, 3867407
0.07, 3867407
0.07, 3867407
0.08, 3867407
0.08, 3867407
0.08, 3867407
0.08, 3867407
0.08, 3867407
0.08, 3867407
0.08, 3867407
0.08, 3867407
0.08, 3867407
0.08, 3867407
0.08, 3867407
0.08, 3867407
0.08, 3867407
0.08, 3867407
0.08, 3864908
0.08, 3864908
0.08, 3864908
0.08, 3864908
0.08, 3864908
0.08, 3864908
0.08, 3864908
0.08, 3864908
0.08, 3858242
0.08, 3858242
0.08, 3858242
0.08, 3858242
0.08, 3858242
0.08, 3858242
0.08, 3858242
0.08, 3858242
0.08, 3858242
0.08, 3858242
0.08, 3858242
0.08, 3858242
0.08, 3858242
0.08, 3858242
0.08, 3858242
0.08, 3858242
0.08, 3858242
0.08, 3858242
0.08, 3858242
0.08, 3858242
0.08, 3858242
0.08, 3858242
0.08, 3858242
0.08, 3858242
0.08, 3858242
0.08, 3858242
0.08, 3858242
0.08, 3858242
0.08, 3858242
0.08, 3858242
0.08, 3858242
0.08, 3858242
0.08, 3858242
0.08, 3858242
0.08, 3858242
0.08, 3858242
0.08, 3858242
0.08, 3858242
0.08, 3858242
0.08, 3858242
0.08, 3858242
0.08, 3858242
0.08, 3858242
0.08, 3858242
0.08, 3858242
0.08, 3858242
0.08, 3858242
0.08, 3858242
0.08, 3858242
0.08, 3858242
0.08, 3858242
0.08, 3858242
0.08, 3858242
0.08, 3858242
0.08, 3858242
0.08, 3858242
0.08, 3858242
0.08, 3858242
0.08, 3858242
0.08, 3858242
0.08, 3858242
0.08, 3858242
0.08, 3858242
0.08, 3858242
0.08, 3858242
0.08, 3858242
0.08, 3858242
0.08, 3858242
0.08, 3858242
0.08, 3858242
0.08, 3858242
0.08, 3858242
0.08, 3858242
0.08, 3858242
0.08, 3858242
0.08, 3858242
0.08, 3858242
0.08, 3858242
0.08, 3858242
0.08, 3858242
0.08, 3858242
0.08, 3858242
0.08, 3858242
0.08, 3858242
0.08, 3858242
0.08, 3858242
0.08, 3858242
0.08, 3858242
0.08, 3858242
0.08, 3858242
0.08, 3858242
0.08, 3858242
0.08, 3858242
0.08, 3858242
0.08, 3858242
0.08, 3858242
0.08, 3858242
0.08, 3858242
0.08, 3858242
0.08, 3858242
0.08, 3858242
0.08, 3858242
0.08, 3858242
0.08, 3858242
0.08, 3858242
0.08, 3858242
0.08, 3858242
0.08, 3858242
0.08, 3858242
0.08, 3858242
0.08, 3858242
0.08, 3858242
0.08, 3858242
0.08, 3858242
0.08, 3858242
0.08, 3858242
0.08, 3858242
0.08, 3858242
0.08, 3858242
0.08, 3858242
0.08, 3858242
0.08, 3858242
0.08, 3858242
0.08, 3858242
0.08, 3858242
0.08, 3858242
0.08, 3858242
0.08, 3858242
0.08, 3858242
0.08, 3858242
0.08, 3858242
0.08, 3858242
0.08, 3858242
0.08, 3858242
0.08, 3858242
0.08, 3858242
0.08, 3858242
0.08, 3858242
0.08, 3858242
0.08, 3858242
0.08, 3858242
0.08, 3858242
0.08, 3858242
0.08, 3858242
0.08, 3858242
0.08, 3858242
0.08, 3858242
0.08, 3858242
0.08, 3858242
0.08, 3858242
0.08, 3858242
0.08, 3858242
0.08, 3858242
0.08, 3858242
0.08, 3858242
0.08, 3858242
0.08, 3858242
0.08, 3858242
0.08, 3858242
0.08, 3858242
0.08, 3858242
0.08, 3858242
0.08, 3858242
0.08, 3858242
0.08, 3858242
0.08, 3858242
0.08, 3858242
0.08, 3858242
0.08, 3858242
0.08, 3858242
0.08, 3858242
0.08, 3858242
0.08, 3858242
0.08, 3858242
0.08, 3858242
0.08, 3858242
0.08, 3858242
0.08, 3858242
0.08, 3858242
0.08, 3858242
0.08, 3858242
0.08, 3858242
0.08, 3858242
0.08, 3858242
0.08, 3858242
0.08, 3858242
0.08, 3858242
0.08, 3858242
0.08, 3858242
0.08, 3858242
0.08, 3858242
0.08, 3858242
0.08, 3858242
0.08, 3858242
0.08, 3858242
0.08, 3858242
0.08, 3858242
0.08, 3858242
0.08, 3858242
0.08, 3858242
0.08, 3858242
0.08, 3858242
0.08, 3858242
0.08, 3858242
0.08, 3858242
0.08, 3858242
0.08, 3858242
0.08, 3858242
0.08, 3858242
0.08, 3858242
0.08, 3858242
0.08, 3858242
0.08, 3858242
0.08, 3858242
0.08, 3858242
0.08, 3858242
0.08, 3858242
0.08, 3858242
0.08, 3858242
0.08, 3858242
0.08, 3858242
0.08, 3858242
0.08, 3858242
0.08, 3858242
0.08, 3858242
0.08, 3858242
0.08, 3858242
0.08, 3858242
0.08, 3858242
0.08, 3858242
0.08, 3858242
0.08, 3858242
0.08, 3858242
0.08, 3858242
0.08, 3858242
0.08, 3858242
0.08, 3858242
0.08, 3858242
0.08, 3858242
0.08, 3858242
0.08, 3858242
0.08, 3858242
0.08, 3858242
0.08, 3858242
0.08, 3858242
0.08, 3858242
0.08, 3858242
0.08, 3858242
0.08, 3858242
0.08, 3858242
0.08, 3858242
0.08, 3858242
0.08, 3858242
0.08, 3858242
0.08, 3858242
0.08, 3858242
0.08, 3858242
0.08, 3858242
0.08, 3858242
0.08, 3858242
0.08, 3858242
0.08, 3858242
0.08, 3858242
0.08, 3858242
0.08, 3858242
0.08, 3858242
0.08, 3858242
0.08, 3858242
0.08, 3858242
0.08, 3858242
0.08, 3858242
0.08, 3858242
0.08, 3858242
0.08, 3858242
0.08, 3858242
0.08, 3858242
0.08, 3858242
0.08, 3858242
0.08, 3858242
0.08, 3858242
0.08, 3858242
0.08, 3858242
0.08, 3858242
0.08, 3858242
0.08, 3858242
0.08, 3858242
0.08, 3858242
0.08, 3858242
0.08, 3858242
0.08, 3858242
0.08, 3858242
0.08, 3858242
0.08, 3858242
0.08, 3858242
0.08, 3858242
0.08, 3858242
0.08, 3858242
0.08, 3858242
0.08, 3858242
0.08, 3858242
0.08, 3858242
0.08, 3858242
0.08, 3858242
0.08, 3858242
0.08, 3858242
0.08, 3858242
0.08, 3858242
0.08, 3858242
0.08, 3858242
0.08, 3858242
0.08, 3858242
0.08, 3858242
0.08, 3858242
0.08, 3858242
0.08, 3858242
0.08, 3858242
0.08, 3858242
0.08, 3858242
0.08, 3858242
0.08, 3858242
0.08, 3858242
0.08, 3858242
0.08, 3858242
0.08, 3858242
0.08, 3858242
0.08, 3858242
0.08, 3858242
0.08, 3858242
0.08, 3858242
0.08, 3858242
0.08, 3858242
0.08, 3858242
0.08, 3858242
0.08, 3858242
0.08, 3858242
0.08, 3858242
0.08, 3858242
0.08, 3858242
0.08, 3858242
0.08, 3858242
0.08, 3858242
0.08, 3858242
0.08, 3858242
0.08, 3858242
0.08, 3858242
0.08, 3858242
0.08, 3858242
0.08, 3858242
0.08, 3858242
0.08, 3858242
0.08, 3858242
0.08, 3858242
0.08, 3858242
0.08, 3858242
0.08, 3858242
0.08, 3858242
0.08, 3858242
0.08, 3858242
0.08, 3858242
0.08, 3858242
0.08, 3858242
0.08, 3858242
0.08, 3858242
0.08, 3858242
0.08, 3858242
0.08, 3858242
0.08, 3858242
0.08, 3858242
0.09, 3858242
0.09, 3858242
0.09, 3858242
0.09, 3858242
0.09, 3858242
0.09, 3858242
0.09, 3858242
0.09, 3858242
0.09, 3858242
0.09, 3858242
0.09, 3858242
0.09, 3858242
0.09, 3858242
0.09, 3858242
0.09, 3858242
0.09, 3858242
0.09, 3858242
0.09, 3858242
0.09, 3858242
0.09, 3858242
0.09, 3858242
0.09, 3858242
0.09, 3858242
0.09, 3858242
0.09, 3858242
0.09, 3858242
0.09, 3858242
0.09, 3858242
0.09, 3858242
0.09, 3858242
0.09, 3858242
0.09, 3858242
0.09, 3858242
0.09, 3858242
0.09, 3858242
0.09, 3858242
0.09, 3858242
0.09, 3858242
0.09, 3858242
0.09, 3858242
0.09, 3858242
0.09, 3858242
0.09, 3858242
0.09, 3858242
0.09, 3858242
0.09, 3858242
0.09, 3858242
0.09, 3858242
0.09, 3858242
0.09, 3858242
0.09, 3858242
0.09, 3858242
0.09, 3858242
0.09, 3858242
0.09, 3858242
0.09, 3858242
0.09, 3858242
0.09, 3858242
0.09, 3858242
0.09, 3858242
0.09, 3858242
0.09, 3858242
0.09, 3858242
0.09, 3858242
0.09, 3858242
0.09, 3858242
0.09, 3858242
0.09, 3858242
0.09, 3858242
0.09, 3858242
0.09, 3858242
0.09, 3858242
0.09, 3858242
0.09, 3858242
0.09, 3858242
0.09, 3858242
0.09, 3858242
0.09, 3858242
0.09, 3858242
0.09, 3858242
0.09, 3858242
0.09, 3858242
0.09, 3858242
0.09, 3858242
0.09, 3858242
0.09, 3858242
0.09, 3858242
0.09, 3858242
0.09, 3858242
0.09, 3858242
0.09, 3858242
0.09, 3858242
0.09, 3858242
0.09, 3858242
0.09, 3858242
0.09, 3858242
0.09, 3858242
0.09, 3858242
0.09, 3858242
0.09, 3858242
0.09, 3858242
0.09, 3858242
0.09, 3858242
0.09, 3858242
0.09, 3858242
0.09, 3858242
0.09, 3858242
0.09, 3858242
0.09, 3858242
0.09, 3858242
0.09, 3858242
0.09, 3858242
0.09, 3858242
0.09, 3858242
0.09, 3858242
0.09, 3858242
0.09, 3858242
0.09, 3858242
0.09, 3858242
0.09, 3858242
0.09, 3858242
0.09, 3858242
0.09, 3858242
0.09, 3858242
0.09, 3858242
0.09, 3858242
0.09, 3858242
0.09, 3858242
0.09, 3858242
0.09, 3858242
0.09, 3858242
0.09, 3858242
0.09, 3858242
0.09, 3858242
0.09, 3858242
0.09, 3858242
0.09, 3858242
0.09, 3858242
0.09, 3858242
0.09, 3858242
0.09, 3858242
0.09, 3858242
0.09, 3858242
0.09, 3858242
0.09, 3858242
0.09, 3858242
0.09, 3858242
0.09, 3858242
0.09, 3858242
0.09, 3858242
0.09, 3858242
0.09, 3858242
0.09, 3858242
0.09, 3858242
0.09, 3858242
0.09, 3858242
0.09, 3858242
0.09, 3858242
0.09, 3858242
0.09, 3858242
0.09, 3858242
0.09, 3858242
0.09, 3858242
0.09, 3858242
0.09, 3858242
0.09, 3858242
0.09, 3858242
0.09, 3813415
0.09, 3813415
0.09, 3813415
0.09, 3756753
0.09, 3756753
0.09, 3756753
0.09, 3756753
0.09, 3756753
0.09, 3756753
0.09, 3756753
0.09, 3756753
0.09, 3756753
0.09, 3756753
0.09, 3756753
0.09, 3756753
0.09, 3756753
0.09, 3756753
0.09, 3756753
0.09, 3756753
0.09, 3756753
0.09, 3756753
0.09, 3756753
0.09, 3756753
0.09, 3756753
0.09, 3756753
0.09, 3756753
0.09, 3756753
0.09, 3756753
0.09, 3756753
0.09, 3756753
0.09, 3756753
0.09, 3756753
0.09, 3756753
0.09, 3756753
0.09, 3756753
0.09, 3756753
0.09, 3756753
0.09, 3756753
0.09, 3756753
0.09, 3756753
0.09, 3756753
0.09, 3756753
0.09, 3708323
0.09, 3708323
0.09, 3708323
0.09, 3708323
0.09, 3708323
0.09, 3708323
0.09, 3708323
0.09, 3708323
0.09, 3708323
0.09, 3708323
0.09, 3708323
0.09, 3708323
0.09, 3708323
0.09, 3708323
0.09, 3708323
0.09, 3708323
0.09, 3708323
0.09, 3708323
0.09, 3708323
0.09, 3708323
0.09, 3708323
0.09, 3708323
0.09, 3708323
0.09, 3708323
0.09, 3708323
0.09, 3708323
0.09, 3708323
0.09, 3708323
0.09, 3708323
0.09, 3708323
0.09, 3708323
0.09, 3708323
0.09, 3708323
0.09, 3708323
0.09, 3708323
0.09, 3708323
0.09, 3708323
0.09, 3708323
0.09, 3708323
0.09, 3708323
0.09, 3708323
0.09, 3708323
0.09, 3708323
0.09, 3708323
0.09, 3708323
0.09, 3708323
0.09, 3708323
0.09, 3708323
0.09, 3708323
0.09, 3708323
0.09, 3708323
0.09, 3708323
0.09, 3708323
0.09, 3708323
0.09, 3708323
0.09, 3708323
0.09, 3708323
0.09, 3708323
0.09, 3708323
0.09, 3708323
0.09, 3708323
0.09, 3708323
0.09, 3708323
0.09, 3708323
0.09, 3708323
0.09, 3708323
0.09, 3708323
0.09, 3708323
0.09, 3708323
0.09, 3708323
0.09, 3708323
0.09, 3708323
0.09, 3708323
0.09, 3708323
0.09, 3708323
0.09, 3708323
0.09, 3708323
0.09, 3708323
0.09, 3708323
0.09, 3708323
0.09, 3708323
0.09, 3708323
0.09, 3708323
0.09, 3708323
0.09, 3708323
0.09, 3708323
0.09, 3708323
0.09, 3708323
0.09, 3708323
0.09, 3708323
0.09, 3708323
0.09, 3708323
0.09, 3708323
0.09, 3708323
0.09, 3708323
0.09, 3708323
0.09, 3708323
0.09, 3708323
0.09, 3708323
0.09, 3708323
0.09, 3708323
0.09, 3708323
0.09, 3708323
0.09, 3708323
0.09, 3708323
0.09, 3708323
0.09, 3708323
0.09, 3708323
0.09, 3708323
0.09, 3708323
0.09, 3708323
0.09, 3708323
0.09, 3708323
0.09, 3708323
0.09, 3708323
0.09, 3708323
0.09, 3708323
0.09, 3708323
0.09, 3708323
0.09, 3708323
0.09, 3708323
0.09, 3708323
0.09, 3708323
0.09, 3708323
0.09, 3708323
0.09, 3708323
0.09, 3708323
0.09, 3708323
0.09, 3708323
0.09, 3708323
0.09, 3708323
0.09, 3708323
0.09, 3708323
0.09, 3708323
0.09, 3708323
0.09, 3708323
0.09, 3708323
0.09, 3708323
0.09, 3708323
0.09, 3708323
0.09, 3708323
0.09, 3708323
0.09, 3708323
0.09, 3708323
0.09, 3708323
0.09, 3708323
0.09, 3708323
0.09, 3708323
0.09, 3708323
0.09, 3708323
0.09, 3708323
0.09, 3708323
0.09, 3708323
0.09, 3708323
0.09, 3708323
0.09, 3708323
0.09, 3708323
0.09, 3708323
0.09, 3708323
0.09, 3708323
0.09, 3708323
0.09, 3708323
0.09, 3708323
0.09, 3708323
0.09, 3708323
0.09, 3708323
0.09, 3708323
0.09, 3708323
0.09, 3708323
0.09, 3708323
0.09, 3708323
0.09, 3708323
0.09, 3708323
0.09, 3708323
0.09, 3708323
0.09, 3708323
0.09, 3708323
0.09, 3708323
0.09, 3708323
0.09, 3708323
0.09, 3708323
0.09, 3708323
0.09, 3708323
0.09, 3708323
0.09, 3708323
0.09, 3708323
0.09, 3708323
0.09, 3708323
0.09, 3708323
0.09, 3708323
0.09, 3708323
0.09, 3708323
0.09, 3708323
0.09, 3708323
0.09, 3708323
0.09, 3708323
0.09, 3708323
0.09, 3708323
0.09, 3708323
0.09, 3708323
0.09, 3708323
0.09, 3708323
0.09, 3708323
0.09, 3708323
0.09, 3708323
0.09, 3708323
0.09, 3708323
0.09, 3708323
0.09, 3708323
0.09, 3708323
0.09, 3708323
0.09, 3708323
0.09, 3708323
0.09, 3708323
0.09, 3708323
0.09, 3708323
0.09, 3708323
0.09, 3708323
0.09, 3708323
0.09, 3708323
0.09, 3708323
0.09, 3708323
0.09, 3708323
0.09, 3708323
0.09, 3708323
0.09, 3708323
0.09, 3708323
0.09, 3708323
0.09, 3708323
0.09, 3708323
0.09, 3708323
0.09, 3708323
0.09, 3708323
0.09, 3708323
0.09, 3708323
0.09, 3708323
0.09, 3708323
0.09, 3708323
0.09, 3708323
0.09, 3708323
0.09, 3708323
0.09, 3708323
0.09, 3708323
0.09, 3708323
0.09, 3708323
0.09, 3708323
0.09, 3708323
0.09, 3708323
0.09, 3708323
0.09, 3708323
0.09, 3708323
0.09, 3708323
0.09, 3708323
0.09, 3708323
0.09, 3708323
0.09, 3708323
0.09, 3708323
0.09, 3708323
0.09, 3708323
0.09, 3708323
0.09, 3708323
0.09, 3708323
0.09, 3708323
0.09, 3708323
0.09, 3708323
0.09, 3708323
0.09, 3708323
0.09, 3708323
0.09, 3708323
0.09, 3708323
0.09, 3708323
0.09, 3708323
0.09, 3708323
0.09, 3708323
0.09, 3708323
0.09, 3708323
0.09, 3708323
0.09, 3708323
0.09, 3708323
0.09, 3708323
0.09, 3708323
0.09, 3708323
0.09, 3708323
0.09, 3708323
0.09, 3708323
0.09, 3708323
0.09, 3708323
0.09, 3708323
0.09, 3708323
0.09, 3708323
0.09, 3708323
0.09, 3708323
0.09, 3708323
0.09, 3708323
0.09, 3708323
0.09, 3708323
0.09, 3708323
0.09, 3708323
0.09, 3708323
0.09, 3708323
0.09, 3708323
0.09, 3708323
0.09, 3708323
0.09, 3708323
0.09, 3708323
0.09, 3708323
0.09, 3708323
0.09, 3708323
0.09, 3708323
0.09, 3708323
0.09, 3708323
0.09, 3708323
0.09, 3708323
0.09, 3708323
0.09, 3708323
0.09, 3708323
0.09, 3708323
0.09, 3708323
0.09, 3708323
0.09, 3708323
0.09, 3708323
0.09, 3708323
0.09, 3708323
0.09, 3708323
0.09, 3708323
0.09, 3708323
0.09, 3708323
0.09, 3708323
0.09, 3708323
0.09, 3708323
0.09, 3708323
0.09, 3708323
0.09, 3708323
0.09, 3708323
0.09, 3708323
0.09, 3708323
0.09, 3708323
0.09, 3708323
0.09, 3708323
0.09, 3708323
0.09, 3708323
0.09, 3708323
0.09, 3708323
0.09, 3708323
0.09, 3708323
0.09, 3708323
0.09, 3708323
0.09, 3708323
0.09, 3708323
0.09, 3708323
0.09, 3708323
0.09, 3708323
0.09, 3708323
0.09, 3708323
0.09, 3708323
0.09, 3708323
0.09, 3708323
0.09, 3708323
0.09, 3708323
0.09, 3708323
0.09, 3708323
0.09, 3708323
0.09, 3708323
0.10, 3708323
0.10, 3708323
0.10, 3708323
0.10, 3708323
0.10, 3708323
0.10, 3708323
0.10, 3708323
0.10, 3708323
0.10, 3708323
0.10, 3708323
0.10, 3708323
0.10, 3708323
0.10, 3708323
0.10, 3708323
0.10, 3708323
0.10, 3708323
0.10, 3708323
0.10, 3708323
0.10, 3708323
0.10, 3708323
0.10, 3708323
0.10, 3708323
0.10, 3708323
0.10, 3708323
0.10, 3708323
0.10, 3708323
0.10, 3708323
0.10, 3708323
0.10, 3708323
0.10, 3708323
0.10, 3708323
0.10, 3708323
0.10, 3708323
0.10, 3708323
0.10, 3708323
0.10, 3708323
0.10, 3708323
0.10, 3708323
0.10, 3708323
0.10, 3708323
0.10, 3708323
0.10, 3708323
0.10, 3708323
0.10, 3708323
0.10, 3708323
0.10, 3708323
0.10, 3708323
0.10, 3708323
0.10, 3708323
0.10, 3708323
0.10, 3708323
0.10, 3708323
0.10, 3708323
0.10, 3708323
0.10, 3708323
0.10, 3708323
0.10, 3708323
0.10, 3708323
0.10, 3708323
0.10, 3708323
0.10, 3708323
0.10, 3708323
0.10, 3708323
0.10, 3708323
0.10, 3708323
0.10, 3708323
0.10, 3708323
0.10, 3708323
0.10, 3708323
0.10, 3708323
0.10, 3708323
0.10, 3708323
0.10, 3708323
0.10, 3708323
0.10, 3708323
0.10, 3708323
0.10, 3708323
0.10, 3708323
0.10, 3708323
0.10, 3708323
0.10, 3708323
0.10, 3708323
0.10, 3708323
0.10, 3708323
0.10, 3708323
0.10, 3708323
0.10, 3708323
0.10, 3708323
0.10, 3708323
0.10, 3708323
0.10, 3708323
0.10, 3708323
0.10, 3708323
0.10, 3708323
0.10, 3708323
0.10, 3708323
0.10, 3708323
0.10, 3708323
0.10, 3708323
0.10, 3708323
0.10, 3708323
0.10, 3708323
0.10, 3708323
0.10, 3708323
0.10, 3708323
0.10, 3708323
0.10, 3708323
0.10, 3708323
0.10, 3708323
0.10, 3708323
0.10, 3708323
0.10, 3708323
0.10, 3708323
0.10, 3708323
0.10, 3708323
0.10, 3708323
0.10, 3708323
0.10, 3708323
0.10, 3708323
0.10, 3708323
0.10, 3708323
0.10, 3708323
0.10, 3708323
0.10, 3708323
0.10, 3708323
0.10, 3708323
0.10, 3708323
0.10, 3708323
0.10, 3708323
0.10, 3708323
0.10, 3708323
0.10, 3708323
0.10, 3708323
0.10, 3708323
0.10, 3708323
0.10, 3708323
0.10, 3708323
0.10, 3708323
0.10, 3708323
0.10, 3708323
0.10, 3708323
0.10, 3708323
0.10, 3708323
0.10, 3708323
0.10, 3708323
0.10, 3708323
0.10, 3708323
0.10, 3708323
0.10, 3708323
0.10, 3708323
0.10, 3708323
0.10, 3708323
0.10, 3708323
0.10, 3708323
0.10, 3708323
0.10, 3708323
0.10, 3708323
0.10, 3708323
0.10, 3708323
0.10, 3708323
0.10, 3708323
0.10, 3708323
0.10, 3708323
0.10, 3708323
0.10, 3708323
0.10, 3708323
0.10, 3708323
0.10, 3708323
0.10, 3708323
0.10, 3708323
0.10, 3708323
0.10, 3708323
0.10, 3708323
0.10, 3708323
0.10, 3708323
0.10, 3708323
0.10, 3708323
0.10, 3708323
0.10, 3708323
0.10, 3708323
0.10, 3708323
0.10, 3708323
0.10, 3708323
0.10, 3708323
0.10, 3708323
0.10, 3708323
0.10, 3708323
0.10, 3708323
0.10, 3708323
0.10, 3708323
0.10, 3708323
0.10, 3708323
0.10, 3708323
0.10, 3708323
0.10, 3708323
0.10, 3708323
0.10, 3708323
0.10, 3708323
0.10, 3708323
0.10, 3708323
0.10, 3708323
0.10, 3708323
0.10, 3708323
0.10, 3708323
0.10, 3708323
0.10, 3708323
0.10, 3708323
0.10, 3708323
0.10, 3708323
0.10, 3708323
0.10, 3708323
0.10, 3708323
0.10, 3708323
0.10, 3708323
0.10, 3708323
0.10, 3708323
0.10, 3708323
0.10, 3708323
0.10, 3708323
0.10, 3708323
0.10, 3708323
0.10, 3708323
0.10, 3708323
0.10, 3708323
0.10, 3708323
0.10, 3708323
0.10, 3708323
0.10, 3708323
0.10, 3708323
0.10, 3708323
0.10, 3708323
0.10, 3708323
0.10, 3708323
0.10, 3708323
0.10, 3708323
0.10, 3708323
0.10, 3708323
0.10, 3708323
0.10, 3708323
0.10, 3708323
0.10, 3708323
0.10, 3708323
0.10, 3708323
0.10, 3708323
0.10, 3708323
0.10, 3708323
0.10, 3708323
0.10, 3708323
0.10, 3708323
0.10, 3708323
0.10, 3708323
0.10, 3708323
0.10, 3708323
0.10, 3708323
0.10, 3708323
0.10, 3708323
0.10, 3708323
0.10, 3708323
0.10, 3708323
0.10, 3708323
0.10, 3708323
0.10, 3708323
0.10, 3708323
0.10, 3708323
0.10, 3708323
0.10, 3708323
0.10, 3708323
0.10, 3708323
0.10, 3708323
0.10, 3708323
0.10, 3708323
0.10, 3708323
0.10, 3708323
0.10, 3708323
0.10, 3708323
0.10, 3708323
0.10, 3708323
0.10, 3708323
0.10, 3708323
0.10, 3708323
0.10, 3708323
0.10, 3708323
0.10, 3708323
0.10, 3708323
0.10, 3708323
0.10, 3708323
0.10, 3708323
0.10, 3708323
0.10, 3708323
0.10, 3708323
0.10, 3708323
0.10, 3708323
0.10, 3708323
0.10, 3708323
0.10, 3708323
0.10, 3708323
0.10, 3708323
0.10, 3708323
0.10, 3708323
0.10, 3708323
0.10, 3708323
0.10, 3708323
0.10, 3708323
0.10, 3708323
0.10, 3708323
0.10, 3708323
0.10, 3708323
0.10, 3708323
0.10, 3708323
0.10, 3708323
0.10, 3708323
0.10, 3708323
0.10, 3708323
0.10, 3708323
0.10, 3708323
0.10, 3708323
0.10, 3708323
0.10, 3708323
0.11, 3708323
0.11, 3708323
0.11, 3708323
0.11, 3708323
0.11, 3708323
0.11, 3708323
0.11, 3708323
0.11, 3708323
0.11, 3708323
0.11, 3708323
0.11, 3708323
0.11, 3708323
0.11, 3708323
0.11, 3708323
0.11, 3708323
0.11, 3708323
0.11, 3708323
0.11, 3708323
0.11, 3708323
0.11, 3708323
0.11, 3708323
0.11, 3708323
0.11, 3708323
0.11, 3708323
0.11, 3708323
0.11, 3708323
0.11, 3708323
0.11, 3708323
0.11, 3708323
0.11, 3708323
0.11, 3708323
0.11, 3708323
0.11, 3708323
0.11, 3708323
0.11, 3708323
0.11, 3708323
0.11, 3708323
0.11, 3708323
0.11, 3708323
0.11, 3708323
0.11, 3708323
0.11, 3708323
0.11, 3708323
0.11, 3708323
0.11, 3708323
0.11, 3708323
0.11, 3708323
0.11, 3708323
0.11, 3708323
0.11, 3708323
0.11, 3708323
0.11, 3708323
0.11, 3708323
0.11, 3708323
0.11, 3708323
0.11, 3708323
0.11, 3708323
0.11, 3708323
0.11, 3708323
0.11, 3708323
0.11, 3708323
0.11, 3708323
0.11, 3708323
0.11, 3708323
0.11, 3708323
0.11, 3708323
0.11, 3708323
0.11, 3708323
0.11, 3708323
0.11, 3708323
0.11, 3708323
0.11, 3708323
0.11, 3708323
0.11, 3708323
0.11, 3708323
0.11, 3708323
0.11, 3708323
0.11, 3708323
0.11, 3708323
0.11, 3708323
0.11, 3708323
0.11, 3708323
0.11, 3708323
0.11, 3708323
0.11, 3708323
0.11, 3708323
0.11, 3708323
0.11, 3708323
0.11, 3708323
0.11, 3708323
0.11, 3708323
0.11, 3708323
0.11, 3708323
0.11, 3708323
0.11, 3708323
0.11, 3708323
0.11, 3708323
0.11, 3708323
0.11, 3708323
0.11, 3708323
0.11, 3708323
0.11, 3708323
0.11, 3708323
0.11, 3708323
0.11, 3708323
0.11, 3708323
0.11, 3708323
0.11, 3708323
0.11, 3708323
0.11, 3708323
0.11, 3708323
0.11, 3708323
0.11, 3708323
0.11, 3708323
0.11, 3708323
0.11, 3708323
0.11, 3708323
0.11, 3708323
0.11, 3708323
0.11, 3708323
0.11, 3708323
0.11, 3708323
0.11, 3708323
0.11, 3708323
0.11, 3708323
0.11, 3708323
0.11, 3708323
0.11, 3708323
0.11, 3708323
0.11, 3708323
0.11, 3708323
0.11, 3708323
0.11, 3708323
0.11, 3708323
0.11, 3708323
0.11, 3708323
0.11, 3708323
0.11, 3708323
0.11, 3708323
0.11, 3708323
0.11, 3708323
0.11, 3708323
0.11, 3708323
0.11, 3708323
0.11, 3708323
0.11, 3708323
0.11, 3708323
0.11, 3708323
0.11, 3708323
0.11, 3708323
0.11, 3708323
0.11, 3708323
0.11, 3708323
0.11, 3708323
0.11, 3708323
0.11, 3708323
0.11, 3708323
0.11, 3708323
0.11, 3708323
0.11, 3708323
0.11, 3708323
0.11, 3708323
0.11, 3708323
0.11, 3681645
0.11, 3681645
0.11, 3681645
0.11, 3681645
0.11, 3681645
0.11, 3681645
0.11, 3681645
0.11, 3681645
0.11, 3681645
0.11, 3681645
0.11, 3681645
0.11, 3681645
0.11, 3681645
0.11, 3681645
0.11, 3681645
0.11, 3681645
0.11, 3681645
0.11, 3681645
0.11, 3681645
0.11, 3681645
0.11, 3681645
0.11, 3681645
0.11, 3681645
0.11, 3681645
0.11, 3681645
0.11, 3681645
0.11, 3681645
0.11, 3681645
0.11, 3681645
0.11, 3681645
0.11, 3681645
0.11, 3681645
0.11, 3681645
0.11, 3681645
0.11, 3681645
0.11, 3681645
0.11, 3681645
0.11, 3681645
0.11, 3681645
0.11, 3681645
0.11, 3681645
0.11, 3681645
0.11, 3681645
0.11, 3681645
0.11, 3681645
0.11, 3681645
0.11, 3681645
0.11, 3681645
0.11, 3681645
0.11, 3681645
0.11, 3681645
0.11, 3681645
0.11, 3681645
0.11, 3681645
0.11, 3681645
0.11, 3681645
0.11, 3681645
0.11, 3681645
0.11, 3681645
0.11, 3681645
0.11, 3681645
0.11, 3681645
0.11, 3681645
0.11, 3681645
0.11, 3681645
0.11, 3681645
0.11, 3681645
0.11, 3681645
0.11, 3681645
0.11, 3681645
0.11, 3681645
0.11, 3681645
0.11, 3681645
0.11, 3681645
0.11, 3681645
0.11, 3681645
0.11, 3681645
0.11, 3681645
0.11, 3681645
0.11, 3681645
0.11, 3681645
0.11, 3681645
0.11, 3681645
0.11, 3681645
0.11, 3681645
0.11, 3681645
0.11, 3681645
0.11, 3681645
0.11, 3681645
0.11, 3681645
0.11, 3681645
0.11, 3681645
0.11, 3681645
0.11, 3681645
0.11, 3681645
0.11, 3681645
0.11, 3681645
0.11, 3681645
0.11, 3681645
0.11, 3681645
0.11, 3681645
0.11, 3681645
0.11, 3681645
0.11, 3681645
0.11, 3681645
0.11, 3681645
0.11, 3681645
0.11, 3681645
0.11, 3681645
0.11, 3681645
0.11, 3681645
0.11, 3681645
0.11, 3681645
0.11, 3681645
0.11, 3681645
0.11, 3681645
0.11, 3681645
0.11, 3681645
0.11, 3681645
0.11, 3681645
0.11, 3681645
0.11, 3681645
0.11, 3681645
0.11, 3681645
0.11, 3681645
0.11, 3681645
0.11, 3681645
0.11, 3681645
0.11, 3681645
0.11, 3681645
0.11, 3681645
0.11, 3681645
0.11, 3681645
0.11, 3681645
0.11, 3681645
0.11, 3681645
0.11, 3681645
0.11, 3681645
0.11, 3681645
0.11, 3681645
0.11, 3681645
0.11, 3681645
0.11, 3681645
0.11, 3681645
0.11, 3681645
0.11, 3681645
0.11, 3681645
0.11, 3681645
0.11, 3681645
0.11, 3681645
0.11, 3681645
0.11, 3681645
0.11, 3681645
0.11, 3681645
0.11, 3681645
0.11, 3681645
0.11, 3681645
0.11, 3681645
0.11, 3681645
0.11, 3681645
0.11, 3681645
0.11, 3681645
0.11, 3681645
0.11, 3681645
0.11, 3681645
0.11, 3681645
0.11, 3681645
0.11, 3681645
0.11, 3681645
0.11, 3681645
0.11, 3681645
0.11, 3681645
0.11, 3681645
0.11, 3681645
0.11, 3681645
0.11, 3681645
0.11, 3681645
0.11, 3681645
0.11, 3681645
0.11, 3681645
0.11, 3681645
0.11, 3681645
0.11, 3681645
0.11, 3681645
0.11, 3681645
0.11, 3681645
0.11, 3681645
0.11, 3681645
0.11, 3681645
0.11, 3681645
0.11, 3681645
0.11, 3681645
0.11, 3681645
0.11, 3681645
0.11, 3681645
0.11, 3681645
0.11, 3681645
0.11, 3681645
0.11, 3681645
0.11, 3681645
0.11, 3681645
0.11, 3681645
0.11, 3681645
0.11, 3681645
0.11, 3681645
0.11, 3681645
0.11, 3681645
0.11, 3681645
0.11, 3681645
0.11, 3681645
0.11, 3681645
0.11, 3681645
0.11, 3681645
0.11, 3681645
0.11, 3681645
0.11, 3681645
0.11, 3681645
0.12, 3681645
0.12, 3681645
0.12, 3681645
0.12, 3681645
0.12, 3681645
0.12, 3681645
0.12, 3681645
0.12, 3681645
0.12, 3681645
0.12, 3681645
0.12, 3681645
0.12, 3681645
0.12, 3681645
0.12, 3681645
0.12, 3681645
0.12, 3681645
0.12, 3681645
0.12, 3681645
0.12, 3681645
0.12, 3681645
0.12, 3681645
0.12, 3681645
0.12, 3681645
0.12, 3681645
0.12, 3681645
0.12, 3681645
0.12, 3681645
0.12, 3681645
0.12, 3681645
0.12, 3681645
0.12, 3681645
0.12, 3681645
0.12, 3681645
0.12, 3681645
0.12, 3681645
0.12, 3681645
0.12, 3681645
0.12, 3681645
0.12, 3681645
0.12, 3681645
0.12, 3681645
0.12, 3681645
0.12, 3681645
0.12, 3681645
0.12, 3681645
0.12, 3681645
0.12, 3681645
0.12, 3681645
0.12, 3681645
0.12, 3681645
0.12, 3681645
0.12, 3681645
0.12, 3681645
0.12, 3681645
0.12, 3681645
0.12, 3681645
0.12, 3681645
0.12, 3681645
0.12, 3681645
0.12, 3681645
0.12, 3681645
0.12, 3681645
0.12, 3602229
0.12, 3602229
0.12, 3602229
0.12, 3602229
0.12, 3594921
0.12, 3594921
0.12, 3594921
0.12, 3594921
0.12, 3594921
0.12, 3594921
0.12, 3594921
0.12, 3594921
0.12, 3594921
0.12, 3594921
0.12, 3594921
0.12, 3594921
0.12, 3594921
0.12, 3594921
0.12, 3594921
0.12, 3594921
0.12, 3594921
0.12, 3594921
0.12, 3594921
0.12, 3594921
0.12, 3594921
0.12, 3594921
0.12, 3594921
0.12, 3594921
0.12, 3594921
0.12, 3594921
0.12, 3594921
0.12, 3594921
0.12, 3594921
0.12, 3594921
0.12, 3594921
0.12, 3594921
0.12, 3594921
0.12, 3594921
0.12, 3594921
0.12, 3594921
0.12, 3594921
0.12, 3594921
0.12, 3594921
0.12, 3594921
0.12, 3594921
0.12, 3594921
0.12, 3594921
0.12, 3594921
0.12, 3594921
0.12, 3594921
0.12, 3594921
0.12, 3594921
0.12, 3594921
0.12, 3594921
0.12, 3594921
0.12, 3594921
0.12, 3594921
0.12, 3594921
0.12, 3594921
0.12, 3594921
0.12, 3594921
0.12, 3594921
0.12, 3594921
0.12, 3594921
0.12, 3594921
0.12, 3594921
0.12, 3594921
0.12, 3594921
0.12, 3594921
0.12, 3594921
0.12, 3594921
0.12, 3594921
0.12, 3594921
0.12, 3594921
0.12, 3594921
0.12, 3594921
0.12, 3594921
0.12, 3594921
0.12, 3594921
0.12, 3594921
0.12, 3594921
0.12, 3594921
0.12, 3594921
0.12, 3594921
0.12, 3594921
0.12, 3594921
0.12, 3594921
0.12, 3594921
0.12, 3594921
0.12, 3594921
0.12, 3594921
0.12, 3594921
0.12, 3594921
0.12, 3594921
0.12, 3594921
0.12, 3594921
0.12, 3594921
0.12, 3594921
0.12, 3594921
0.12, 3594921
0.12, 3594921
0.12, 3594921
0.12, 3594921
0.12, 3594921
0.12, 3594921
0.12, 3594921
0.12, 3594921
0.12, 3594921
0.12, 3594921
0.12, 3594921
0.12, 3594921
0.12, 3594921
0.12, 3594921
0.12, 3594921
0.12, 3594921
0.12, 3594921
0.12, 3594921
0.12, 3594921
0.12, 3594921
0.12, 3594921
0.12, 3594921
0.12, 3594921
0.12, 3594921
0.12, 3594921
0.12, 3594921
0.12, 3594921
0.12, 3594921
0.12, 3594921
0.12, 3594921
0.12, 3594921
0.12, 3594921
0.12, 3594921
0.12, 3594921
0.12, 3594921
0.12, 3594921
0.12, 3594921
0.12, 3594921
0.12, 3594921
0.12, 3594921
0.12, 3594921
0.12, 3594921
0.12, 3594921
0.12, 3594921
0.12, 3594921
0.12, 3594921
0.12, 3594921
0.12, 3594921
0.12, 3594921
0.12, 3594921
0.12, 3594921
0.12, 3594921
0.12, 3594921
0.12, 3594921
0.12, 3594921
0.12, 3594921
0.12, 3594921
0.12, 3594921
0.12, 3594921
0.12, 3594921
0.12, 3594921
0.12, 3594921
0.12, 3594921
0.12, 3594921
0.12, 3594921
0.12, 3594921
0.12, 3594921
0.12, 3594921
0.12, 3594921
0.12, 3594921
0.12, 3594921
0.12, 3594921
0.12, 3594921
0.12, 3594921
0.12, 3594921
0.12, 3594921
0.12, 3594921
0.12, 3594921
0.12, 3594921
0.12, 3594921
0.12, 3594921
0.12, 3594921
0.12, 3594921
0.12, 3594921
0.12, 3594921
0.12, 3594921
0.12, 3594921
0.12, 3594921
0.12, 3594921
0.12, 3594921
0.12, 3594921
0.12, 3594921
0.12, 3594921
0.12, 3594921
0.12, 3594921
0.12, 3594921
0.12, 3594921
0.12, 3594921
0.12, 3594921
0.12, 3594921
0.12, 3594921
0.12, 3594921
0.12, 3594921
0.12, 3594921
0.12, 3594921
0.12, 3594921
0.12, 3594921
0.12, 3594921
0.12, 3594921
0.12, 3594921
0.12, 3594921
0.12, 3594921
0.12, 3594921
0.12, 3594921
0.12, 3594921
0.12, 3594921
0.12, 3594921
0.12, 3594921
0.12, 3594921
0.12, 3594921
0.12, 3594921
0.12, 3594921
0.12, 3594921
0.12, 3594921
0.12, 3594921
0.12, 3594921
0.12, 3594921
0.12, 3594921
0.12, 3594921
0.12, 3594921
0.12, 3594921
0.12, 3594921
0.12, 3594921
0.12, 3594921
0.12, 3594921
0.12, 3594921
0.12, 3594921
0.12, 3594921
0.12, 3594921
0.12, 3594921
0.12, 3594921
0.12, 3594921
0.12, 3594921
0.12, 3594921
0.12, 3594921
0.12, 3594921
0.12, 3594921
0.12, 3594921
0.12, 3594921
0.12, 3594921
0.12, 3594921
0.12, 3594921
0.12, 3594921
0.12, 3594921
0.12, 3594921
0.12, 3594921
0.12, 3594921
0.12, 3594921
0.12, 3594921
0.12, 3594921
0.12, 3594921
0.12, 3594921
0.12, 3594921
0.12, 3594921
0.12, 3594921
0.12, 3594921
0.12, 3594921
0.12, 3594921
0.12, 3594921
0.12, 3594921
0.12, 3594921
0.12, 3594921
0.12, 3594921
0.12, 3594921
0.12, 3594921
0.12, 3594921
0.12, 3594921
0.12, 3594921
0.12, 3594921
0.12, 3594921
0.12, 3594921
0.12, 3594921
0.12, 3594921
0.12, 3594921
0.12, 3594921
0.12, 3594921
0.12, 3594921
0.12, 3594921
0.12, 3594921
0.12, 3594921
0.12, 3594921
0.12, 3594921
0.12, 3594921
0.12, 3594921
0.12, 3594921
0.12, 3594921
0.12, 3594921
0.12, 3594921
0.12, 3594921
0.12, 3594921
0.12, 3594921
0.12, 3594921
0.12, 3594921
0.12, 3594921
0.12, 3594921
0.12, 3594921
0.12, 3594921
0.12, 3594921
0.12, 3594921
0.12, 3594921
0.12, 3594921
0.12, 3594921
0.12, 3594921
0.12, 3594921
0.12, 3594921
0.12, 3594921
0.12, 3594921
0.12, 3594921
0.12, 3594921
0.12, 3594921
0.12, 3594921
0.12, 3594921
0.12, 3594921
0.12, 3594921
0.12, 3594921
0.12, 3594921
0.12, 3594921
0.12, 3594921
0.12, 3594921
0.12, 3594921
0.12, 3594921
0.12, 3594921
0.12, 3594921
0.12, 3594921
0.12, 3594921
0.12, 3594921
0.12, 3594921
0.12, 3594921
0.12, 3594921
0.12, 3594921
0.12, 3594921
0.12, 3594921
0.12, 3594921
0.12, 3594921
0.12, 3594921
0.12, 3594921
0.12, 3594921
0.12, 3594921
0.12, 3594921
0.12, 3594921
0.12, 3594921
0.12, 3594921
0.12, 3594921
0.12, 3594921
0.12, 3594921
0.12, 3594921
0.12, 3594921
0.12, 3594921
0.12, 3594921
0.12, 3594921
0.12, 3594921
0.12, 3594921
0.12, 3594921
0.12, 3594921
0.12, 3594921
0.12, 3594921
0.12, 3594921
0.12, 3594921
0.12, 3594921
0.12, 3594921
0.12, 3594921
0.12, 3594921
0.12, 3594921
0.12, 3594921
0.12, 3594921
0.12, 3594921
0.12, 3594921
0.12, 3594921
0.12, 3594921
0.12, 3594921
0.12, 3594921
0.12, 3594921
0.12, 3577615
0.12, 3577615
0.12, 3577615
0.12, 3577615
0.12, 3577615
0.12, 3577615
0.12, 3577615
0.12, 3577615
0.12, 3577615
0.12, 3577615
0.12, 3577615
0.12, 3577615
0.12, 3577615
0.12, 3577615
0.12, 3577615
0.12, 3577615
0.12, 3577615
0.12, 3577615
0.12, 3577615
0.12, 3577615
0.12, 3577615
0.12, 3577615
0.12, 3577615
0.12, 3577615
0.12, 3577615
0.12, 3577615
0.12, 3577615
0.12, 3577615
0.12, 3577615
0.12, 3577615
0.12, 3577615
0.12, 3577615
0.12, 3577615
0.12, 3577615
0.12, 3577615
0.12, 3577615
0.12, 3577615
0.12, 3577615
0.12, 3577615
0.12, 3577615
0.12, 3577615
0.12, 3577615
0.12, 3577615
0.12, 3577615
0.12, 3577615
0.12, 3577615
0.12, 3577615
0.12, 3577615
0.12, 3577615
0.12, 3577615
0.12, 3577615
0.12, 3577615
0.12, 3577615
0.12, 3577615
0.12, 3577615
0.12, 3577615
0.12, 3577615
0.12, 3577615
0.12, 3577615
0.12, 3577615
0.12, 3577615
0.12, 3577615
0.12, 3577615
0.12, 3577615
0.12, 3577615
0.12, 3577615
0.12, 3577615
0.12, 3577615
0.12, 3577615
0.12, 3577615
0.12, 3577615
0.12, 3577615
0.12, 3577615
0.12, 3577615
0.12, 3577615
0.12, 3577615
0.12, 3577615
0.12, 3577615
0.12, 3577615
0.12, 3577615
0.12, 3577615
0.12, 3577615
0.12, 3577615
0.12, 3577615
0.12, 3577615
0.12, 3577615
0.12, 3577615
0.12, 3577615
0.12, 3577615
0.12, 3513526
0.12, 3513526
0.12, 3513526
0.12, 3513526
0.12, 3513526
0.12, 3513526
0.12, 3513526
0.12, 3513526
0.12, 3513526
0.12, 3513526
0.12, 3513526
0.12, 3513526
0.12, 3513526
0.12, 3513526
0.12, 3513526
0.12, 3513526
0.12, 3513526
0.12, 3513526
0.12, 3513526
0.12, 3513526
0.12, 3513526
0.12, 3513526
0.12, 3513526
0.12, 3513526
0.12, 3513526
0.12, 3513526
0.12, 3513526
0.12, 3513526
0.12, 3513526
0.12, 3513526
0.12, 3513526
0.12, 3513526
0.12, 3513526
0.12, 3513526
0.12, 3513526
0.12, 3513526
0.12, 3513526
0.12, 3513526
0.12, 3513526
0.12, 3513526
0.12, 3513526
0.12, 3513526
0.12, 3513526
0.12, 3513526
0.12, 3513526
0.12, 3513526
0.12, 3513526
0.12, 3513526
0.12, 3513526
0.12, 3513526
0.12, 3513526
0.12, 3513526
0.12, 3513526
0.12, 3513526
0.12, 3513526
0.12, 3513526
0.12, 3513526
0.12, 3513526
0.12, 3513526
0.12, 3513526
0.12, 3513526
0.12, 3513526
0.12, 3513526
0.12, 3513526
0.12, 3513526
0.12, 3513526
0.12, 3513526
0.12, 3513526
0.12, 3513526
0.12, 3513526
0.12, 3513526
0.12, 3513526
0.12, 3513526
0.12, 3513526
0.12, 3513526
0.12, 3513526
0.12, 3513526
0.12, 3513526
0.12, 3513526
0.12, 3513526
0.12, 3513526
0.12, 3513526
0.12, 3513526
0.12, 3513526
0.12, 3513526
0.12, 3513526
0.12, 3513526
0.12, 3513526
0.12, 3513526
0.12, 3513526
0.12, 3513526
0.12, 3513526
0.12, 3513526
0.12, 3513526
0.12, 3513526
0.12, 3513526
0.12, 3513526
0.12, 3513526
0.12, 3513526
0.12, 3513526
0.12, 3513526
0.12, 3485777
0.12, 3447504
0.12, 3447504
0.12, 3447504
0.12, 3447504
0.12, 3447504
0.12, 3447504
0.12, 3447504
0.12, 3447504
0.12, 3447504
0.12, 3447504
0.12, 3447504
0.12, 3447504
0.12, 3447504
0.12, 3447504
0.12, 3447504
0.12, 3447504
0.12, 3447504
0.12, 3447504
0.12, 3447504
0.12, 3447504
0.12, 3447504
0.12, 3447504
0.12, 3447504
0.12, 3447504
0.12, 3447504
0.12, 3447504
0.12, 3447504
0.12, 3447504
0.12, 3447504
0.12, 3447504
0.12, 3447504
0.12, 3447504
0.12, 3447504
0.12, 3447504
0.12, 3447504
0.12, 3447504
0.12, 3447504
0.12, 3447504
0.12, 3447504
0.12, 3447504
0.12, 3447504
0.12, 3447504
0.12, 3447504
0.12, 3447504
0.12, 3447504
0.12, 3447504
0.12, 3447504
0.12, 3447504
0.12, 3447504
0.12, 3447504
0.12, 3447504
0.12, 3447504
0.12, 3447504
0.12, 3447504
0.12, 3447504
0.12, 3447504
0.12, 3447504
0.12, 3447504
0.12, 3447504
0.12, 3447504
0.12, 3447504
0.12, 3447504
0.12, 3447504
0.12, 3447504
0.12, 3447504
0.12, 3447504
0.12, 3447504
0.12, 3447504
0.12, 3447504
0.12, 3447504
0.12, 3447504
0.12, 3447504
0.12, 3447504
0.12, 3447504
0.12, 3447504
0.12, 3447504
0.12, 3447504
0.12, 3447504
0.12, 3447504
0.12, 3447504
0.12, 3447504
0.12, 3447504
0.12, 3447504
0.12, 3447504
0.12, 3447504
0.12, 3447504
0.12, 3447504
0.12, 3447504
0.12, 3447504
0.12, 3447504
0.12, 3447504
0.12, 3447504
0.12, 3447504
0.12, 3447504
0.12, 3447504
0.12, 3447504
0.12, 3447504
0.12, 3447504
0.12, 3447504
0.12, 3447504
0.12, 3447504
0.12, 3447504
0.12, 3447504
0.12, 3447504
0.12, 3447504
0.12, 3447504
0.12, 3447504
0.12, 3447504
0.12, 3447504
0.12, 3447504
0.12, 3447504
0.12, 3447504
0.12, 3447504
0.12, 3447504
0.12, 3447504
0.12, 3447504
0.12, 3447504
0.12, 3447504
0.12, 3447504
0.12, 3447504
0.12, 3447504
0.12, 3447504
0.12, 3447504
0.12, 3447504
0.12, 3447504
0.12, 3447504
0.12, 3447504
0.12, 3447504
0.12, 3447504
0.12, 3447504
0.12, 3447504
0.12, 3447504
0.12, 3447504
0.12, 3447504
0.12, 3447504
0.12, 3447504
0.12, 3447504
0.12, 3447504
0.12, 3447504
0.12, 3447504
0.12, 3447504
0.12, 3447504
0.12, 3447504
0.12, 3447504
0.12, 3447504
0.12, 3447504
0.12, 3447504
0.12, 3447504
0.12, 3447504
0.12, 3447504
0.12, 3447504
0.12, 3447504
0.12, 3447504
0.12, 3447504
0.12, 3447504
0.12, 3447504
0.12, 3447504
0.12, 3447504
0.12, 3447504
0.12, 3447504
0.12, 3447504
0.12, 3447504
0.12, 3447504
0.13, 3447504
0.13, 3447504
0.13, 3447504
0.13, 3447504
0.13, 3447504
0.13, 3447504
0.13, 3447504
0.13, 3447504
0.13, 3447504
0.13, 3447504
0.13, 3447504
0.13, 3447504
0.13, 3447504
0.13, 3447504
0.13, 3447504
0.13, 3447504
0.13, 3447504
0.13, 3447504
0.13, 3447504
0.13, 3447504
0.13, 3447504
0.13, 3447504
0.13, 3447504
0.13, 3447504
0.13, 3447504
0.13, 3447504
0.13, 3447504
0.13, 3447504
0.13, 3447504
0.13, 3447504
0.13, 3447504
0.13, 3447504
0.13, 3447504
0.13, 3447504
0.13, 3447504
0.13, 3447504
0.13, 3447504
0.13, 3447504
0.13, 3447504
0.13, 3447504
0.13, 3447504
0.13, 3447504
0.13, 3447504
0.13, 3447504
0.13, 3447504
0.13, 3447504
0.13, 3447504
0.13, 3447504
0.13, 3447504
0.13, 3447504
0.13, 3447504
0.13, 3447504
0.13, 3447504
0.13, 3447504
0.13, 3447504
0.13, 3447504
0.13, 3447504
0.13, 3447504
0.13, 3447504
0.13, 3447504
0.13, 3447504
0.13, 3447504
0.13, 3447504
0.13, 3447504
0.13, 3447504
0.13, 3447504
0.13, 3447504
0.13, 3447504
0.13, 3447504
0.13, 3447504
0.13, 3447504
0.13, 3447504
0.13, 3447504
0.13, 3447504
0.13, 3447504
0.13, 3447504
0.13, 3447504
0.13, 3447504
0.13, 3447504
0.13, 3447504
0.13, 3447504
0.13, 3447504
0.13, 3447504
0.13, 3447504
0.13, 3447504
0.13, 3447504
0.13, 3447504
0.13, 3447504
0.13, 3447504
0.13, 3447504
0.13, 3447504
0.13, 3447504
0.13, 3447504
0.13, 3447504
0.13, 3447504
0.13, 3447504
0.13, 3447504
0.13, 3447504
0.13, 3447504
0.13, 3447504
0.13, 3447504
0.13, 3447504
0.13, 3447504
0.13, 3447504
0.13, 3447504
0.13, 3447504
0.13, 3447504
0.13, 3447504
0.13, 3447504
0.13, 3447504
0.13, 3447504
0.13, 3447504
0.13, 3447504
0.13, 3447504
0.13, 3447504
0.13, 3447504
0.13, 3447504
0.13, 3447504
0.13, 3447504
0.13, 3447504
0.13, 3447504
0.13, 3447504
0.13, 3447504
0.13, 3447504
0.13, 3447504
0.13, 3447504
0.13, 3447504
0.13, 3447504
0.13, 3447504
0.13, 3447504
0.13, 3447504
0.13, 3447504
0.13, 3447504
0.13, 3447504
0.13, 3447504
0.13, 3447504
0.13, 3447504
0.13, 3447504
0.13, 3447504
0.13, 3447504
0.13, 3447504
0.13, 3447504
0.13, 3447504
0.13, 3447504
0.13, 3447504
0.13, 3447504
0.13, 3447504
0.13, 3447504
0.13, 3447504
0.13, 3447504
0.13, 3447504
0.13, 3447504
0.13, 3447504
0.13, 3447504
0.13, 3447504
0.13, 3447504
0.13, 3447504
0.13, 3447504
0.13, 3447504
0.13, 3447504
0.13, 3447504
0.13, 3447504
0.13, 3447504
0.13, 3447504
0.13, 3447504
0.13, 3447504
0.13, 3447504
0.13, 3447504
0.13, 3447504
0.13, 3447504
0.13, 3447504
0.13, 3447504
0.13, 3447504
0.13, 3447504
0.13, 3447504
0.13, 3447504
0.13, 3447504
0.13, 3447504
0.13, 3447504
0.13, 3447504
0.13, 3447504
0.13, 3447504
0.13, 3447504
0.13, 3447504
0.13, 3447504
0.13, 3447504
0.13, 3447504
0.13, 3447504
0.13, 3447504
0.13, 3447504
0.13, 3447504
0.13, 3447504
0.13, 3447504
0.13, 3447504
0.13, 3447504
0.13, 3447504
0.13, 3447504
0.13, 3447504
0.13, 3447504
0.13, 3447504
0.13, 3447504
0.13, 3447504
0.13, 3447504
0.13, 3447504
0.13, 3447504
0.13, 3447504
0.13, 3447504
0.13, 3447504
0.13, 3447504
0.13, 3447504
0.13, 3447504
0.13, 3447504
0.13, 3447504
0.13, 3447504
0.13, 3447504
0.13, 3447504
0.13, 3447504
0.13, 3447504
0.13, 3447504
0.13, 3447504
0.13, 3447504
0.13, 3447504
0.13, 3447504
0.13, 3447504
0.13, 3447504
0.13, 3447504
0.13, 3447504
0.13, 3447504
0.13, 3447504
0.13, 3447504
0.13, 3447504
0.13, 3447504
0.13, 3447504
0.13, 3447504
0.13, 3447504
0.13, 3447504
0.13, 3447504
0.13, 3447504
0.13, 3447504
0.13, 3447504
0.13, 3447504
0.13, 3447504
0.13, 3447504
0.13, 3447504
0.13, 3447504
0.13, 3447504
0.13, 3447504
0.13, 3447504
0.13, 3447504
0.13, 3447504
0.13, 3447504
0.13, 3447504
0.13, 3447504
0.13, 3447504
0.13, 3447504
0.13, 3447504
0.13, 3447504
0.13, 3447504
0.13, 3447504
0.13, 3447504
0.13, 3447504
0.13, 3447504
0.13, 3447504
0.13, 3447504
0.13, 3447504
0.13, 3447504
0.13, 3447504
0.13, 3447504
0.13, 3447504
0.13, 3447504
0.13, 3447504
0.13, 3447504
0.13, 3447504
0.13, 3447504
0.13, 3447504
0.13, 3447504
0.13, 3447504
0.13, 3447504
0.13, 3447504
0.13, 3447504
0.13, 3447504
0.13, 3447504
0.13, 3447504
0.13, 3447504
0.13, 3447504
0.13, 3447504
0.13, 3447504
0.13, 3447504
0.13, 3447504
0.13, 3447504
0.13, 3447504
0.13, 3447504
0.13, 3447504
0.13, 3447504
0.13, 3447504
0.13, 3447504
0.13, 3447504
0.13, 3447504
0.13, 3447504
0.13, 3447504
0.13, 3447504
0.13, 3447504
0.13, 3447504
0.13, 3447504
0.13, 3447504
0.13, 3447504
0.13, 3447504
0.13, 3447504
0.13, 3447504
0.13, 3447504
0.13, 3447504
0.13, 3447504
0.13, 3447504
0.13, 3447504
0.13, 3447504
0.13, 3447504
0.13, 3447504
0.13, 3447504
0.13, 3447504
0.13, 3447504
0.13, 3447504
0.13, 3447504
0.13, 3447504
0.13, 3447504
0.13, 3447504
0.13, 3447504
0.13, 3447504
0.13, 3447504
0.13, 3447504
0.13, 3447504
0.13, 3447504
0.13, 3447504
0.13, 3447504
0.13, 3447504
0.13, 3447504
0.13, 3447504
0.13, 3447504
0.13, 3447504
0.13, 3447504
0.13, 3447504
0.13, 3447504
0.13, 3447504
0.13, 3447504
0.13, 3447504
0.13, 3447504
0.13, 3447504
0.13, 3447504
0.13, 3447504
0.13, 3447504
0.13, 3447504
0.13, 3447504
0.13, 3447504
0.13, 3447504
0.13, 3447504
0.13, 3447504
0.13, 3447504
0.13, 3447504
0.13, 3447504
0.13, 3447504
0.13, 3447504
0.13, 3447504
0.13, 3447504
0.13, 3447504
0.13, 3447504
0.13, 3447504
0.13, 3447504
0.13, 3447504
0.13, 3447504
0.13, 3447504
0.13, 3447504
0.13, 3447504
0.13, 3447504
0.13, 3447504
0.13, 3447504
0.13, 3447504
0.13, 3447504
0.13, 3447504
0.13, 3447504
0.13, 3447504
0.13, 3447504
0.13, 3447504
0.13, 3447504
0.13, 3447504
0.13, 3447504
0.13, 3447504
0.13, 3447504
0.13, 3447504
0.13, 3447504
0.13, 3447504
0.13, 3447504
0.13, 3447504
0.13, 3447504
0.13, 3447504
0.13, 3447504
0.13, 3447504
0.13, 3447504
0.13, 3447504
0.13, 3447504
0.13, 3447504
0.13, 3447504
0.13, 3447504
0.13, 3447504
0.13, 3447504
0.13, 3447504
0.13, 3447504
0.13, 3447504
0.13, 3447504
0.13, 3447504
0.13, 3447504
0.13, 3447504
0.13, 3447504
0.13, 3447504
0.13, 3447504
0.13, 3447504
0.13, 3447504
0.13, 3447504
0.13, 3447504
0.13, 3447504
0.13, 3447504
0.13, 3447504
0.13, 3447504
0.13, 3447504
0.13, 3447504
0.13, 3447504
0.13, 3447504
0.13, 3447504
0.13, 3447504
0.13, 3447504
0.13, 3447504
0.13, 3447504
0.13, 3447504
0.13, 3447504
0.13, 3447504
0.13, 3447504
0.13, 3447504
0.13, 3447504
0.13, 3447504
0.13, 3447504
0.13, 3447504
0.13, 3447504
0.13, 3447504
0.13, 3447504
0.13, 3447504
0.13, 3447504
0.14, 3447504
0.14, 3447504
0.14, 3447504
0.14, 3447504
0.14, 3447504
0.14, 3447504
0.14, 3447504
0.14, 3447504
0.14, 3447504
0.14, 3447504
0.14, 3447504
0.14, 3447504
0.14, 3447504
0.14, 3447504
0.14, 3447504
0.14, 3447504
0.14, 3447504
0.14, 3447504
0.14, 3447504
0.14, 3447504
0.14, 3447504
0.14, 3447504
0.14, 3447504
0.14, 3447504
0.14, 3447504
0.14, 3447504
0.14, 3447504
0.14, 3447504
0.14, 3447504
0.14, 3447504
0.14, 3447504
0.14, 3447504
0.14, 3447504
0.14, 3447504
0.14, 3447504
0.14, 3447504
0.14, 3447504
0.14, 3447504
0.14, 3447504
0.14, 3447504
0.14, 3447504
0.14, 3447504
0.14, 3447504
0.14, 3447504
0.14, 3447504
0.14, 3447504
0.14, 3447504
0.14, 3447504
0.14, 3447504
0.14, 3447504
0.14, 3447504
0.14, 3447504
0.14, 3447504
0.14, 3447504
0.14, 3447504
0.14, 3447504
0.14, 3447504
0.14, 3447504
0.14, 3447504
0.14, 3447504
0.14, 3447504
0.14, 3447504
0.14, 3447504
0.14, 3447504
0.14, 3447504
0.14, 3447504
0.14, 3447504
0.14, 3447504
0.14, 3447504
0.14, 3447504
0.14, 3447504
0.14, 3447504
0.14, 3447504
0.14, 3447504
0.14, 3447504
0.14, 3447504
0.14, 3447504
0.14, 3447504
0.14, 3447504
0.14, 3447504
0.14, 3447504
0.14, 3447504
0.14, 3447504
0.14, 3447504
0.14, 3447504
0.14, 3447504
0.14, 3447504
0.14, 3447504
0.14, 3447504
0.14, 3447504
0.14, 3447504
0.14, 3447504
0.14, 3447504
0.14, 3447504
0.14, 3447504
0.14, 3447504
0.14, 3447504
0.14, 3447504
0.14, 3447504
0.14, 3447504
0.14, 3447504
0.14, 3447504
0.14, 3447504
0.14, 3447504
0.14, 3447504
0.14, 3447504
0.14, 3447504
0.14, 3447504
0.14, 3447504
0.14, 3447504
0.14, 3447504
0.14, 3447504
0.14, 3447504
0.14, 3447504
0.14, 3447504
0.14, 3447504
0.14, 3447504
0.14, 3447504
0.14, 3447504
0.14, 3447504
0.14, 3447504
0.14, 3447504
0.14, 3447504
0.14, 3447504
0.14, 3447504
0.14, 3447504
0.14, 3447504
0.14, 3447504
0.14, 3447504
0.14, 3447504
0.14, 3447504
0.14, 3447504
0.14, 3447504
0.14, 3447504
0.14, 3447504
0.14, 3447504
0.14, 3447504
0.14, 3447504
0.14, 3447504
0.14, 3447504
0.14, 3447504
0.14, 3447504
0.14, 3447504
0.14, 3447504
0.14, 3447504
0.14, 3447504
0.14, 3447504
0.14, 3447504
0.14, 3447504
0.14, 3447504
0.14, 3447504
0.14, 3447504
0.14, 3447504
0.14, 3447504
0.14, 3447504
0.14, 3447504
0.14, 3447504
0.14, 3447504
0.14, 3447504
0.14, 3447504
0.14, 3447504
0.14, 3447504
0.14, 3447504
0.14, 3447504
0.14, 3447504
0.14, 3447504
0.14, 3447504
0.14, 3447504
0.14, 3447504
0.14, 3447504
0.14, 3447504
0.14, 3447504
0.14, 3447504
0.14, 3447504
0.14, 3447504
0.14, 3447504
0.14, 3447504
0.14, 3447504
0.14, 3447504
0.14, 3447504
0.14, 3447504
0.14, 3447504
0.14, 3447504
0.14, 3447504
0.14, 3447504
0.14, 3447504
0.14, 3447504
0.14, 3447504
0.14, 3447504
0.14, 3447504
0.14, 3447504
0.14, 3447504
0.14, 3447504
0.14, 3411825
0.14, 3411825
0.14, 3411825
0.14, 3411825
0.14, 3411825
0.14, 3411825
0.14, 3411825
0.14, 3411825
0.14, 3411825
0.14, 3411825
0.14, 3411825
0.14, 3411825
0.14, 3411825
0.14, 3411825
0.14, 3411825
0.14, 3411825
0.14, 3411825
0.14, 3411825
0.14, 3411825
0.14, 3411825
0.14, 3411825
0.14, 3411825
0.14, 3411825
0.14, 3411825
0.14, 3411825
0.14, 3411825
0.14, 3411825
0.14, 3411825
0.14, 3411825
0.14, 3411825
0.14, 3411825
0.14, 3411825
0.14, 3411825
0.14, 3411825
0.14, 3411825
0.14, 3411825
0.14, 3411825
0.14, 3411825
0.14, 3411825
0.14, 3411825
0.14, 3411825
0.14, 3411825
0.14, 3411825
0.14, 3411825
0.14, 3411825
0.14, 3411825
0.14, 3411825
0.14, 3411825
0.14, 3411825
0.14, 3411825
0.14, 3411825
0.14, 3411825
0.14, 3411825
0.14, 3411825
0.14, 3411825
0.14, 3411825
0.14, 3411825
0.14, 3411825
0.14, 3411825
0.14, 3411825
0.14, 3411825
0.14, 3411825
0.14, 3411825
0.14, 3411825
0.14, 3411825
0.14, 3411825
0.14, 3411825
0.14, 3411825
0.14, 3411825
0.14, 3411825
0.14, 3411825
0.14, 3411825
0.14, 3411825
0.14, 3411825
0.14, 3411825
0.14, 3411825
0.14, 3411825
0.14, 3411825
0.14, 3411825
0.14, 3411825
0.14, 3411825
0.14, 3411825
0.14, 3411825
0.14, 3411825
0.14, 3411825
0.14, 3411825
0.14, 3411825
0.14, 3411825
0.14, 3411825
0.14, 3411825
0.14, 3411825
0.14, 3411825
0.14, 3411825
0.14, 3411825
0.14, 3411825
0.14, 3411825
0.14, 3411825
0.14, 3411825
0.14, 3411825
0.14, 3411825
0.14, 3411825
0.14, 3411825
0.14, 3411825
0.14, 3411825
0.14, 3411825
0.14, 3411825
0.14, 3411825
0.14, 3411825
0.14, 3411825
0.14, 3411825
0.14, 3411825
0.14, 3411825
0.14, 3411825
0.14, 3411825
0.14, 3411825
0.14, 3411825
0.14, 3411825
0.14, 3411825
0.14, 3411825
0.14, 3411825
0.14, 3411825
0.14, 3411825
0.14, 3411825
0.14, 3411825
0.14, 3411825
0.14, 3411825
0.14, 3411825
0.14, 3411825
0.14, 3411825
0.14, 3411825
0.14, 3411825
0.14, 3411825
0.14, 3411825
0.14, 3411825
0.14, 3411825
0.14, 3411825
0.14, 3411825
0.14, 3411825
0.14, 3411825
0.14, 3411825
0.14, 3411825
0.14, 3411825
0.14, 3411825
0.14, 3411825
0.14, 3411825
0.14, 3411825
0.14, 3411825
0.14, 3411825
0.14, 3411825
0.14, 3411825
0.14, 3411825
0.14, 3411825
0.14, 3411825
0.14, 3411825
0.14, 3411825
0.14, 3411825
0.14, 3411825
0.14, 3411825
0.14, 3411825
0.14, 3411825
0.14, 3411825
0.14, 3411825
0.14, 3411825
0.14, 3411825
0.14, 3411825
0.14, 3411825
0.14, 3411825
0.14, 3411825
0.14, 3411825
0.14, 3411825
0.14, 3411825
0.14, 3411825
0.14, 3411825
0.14, 3411825
0.14, 3411825
0.14, 3411825
0.14, 3411825
0.14, 3411825
0.14, 3411825
0.14, 3411825
0.14, 3411825
0.14, 3411825
0.14, 3411825
0.14, 3411825
0.14, 3411825
0.14, 3411825
0.14, 3411825
0.14, 3411825
0.14, 3411825
0.14, 3411825
0.14, 3411825
0.14, 3411825
0.14, 3411825
0.14, 3411825
0.14, 3411825
0.14, 3411825
0.14, 3411825
0.14, 3411825
0.14, 3411825
0.14, 3411825
0.14, 3411825
0.14, 3411825
0.14, 3411825
0.14, 3411825
0.14, 3411825
0.14, 3411825
0.14, 3411825
0.14, 3411825
0.14, 3411825
0.14, 3411825
0.14, 3411825
0.14, 3411825
0.14, 3411825
0.14, 3411825
0.14, 3411825
0.14, 3411825
0.14, 3411825
0.14, 3411825
0.14, 3411825
0.14, 3411825
0.14, 3411825
0.14, 3411825
0.14, 3411825
0.14, 3411825
0.14, 3411825
0.14, 3411825
0.14, 3411825
0.14, 3411825
0.14, 3411825
0.14, 3411825
0.14, 3411825
0.14, 3411825
0.14, 3411825
0.14, 3411825
0.14, 3411825
0.14, 3411825
0.14, 3411825
0.14, 3411825
0.14, 3411825
0.14, 3411825
0.14, 3411825
0.14, 3411825
0.14, 3411825
0.14, 3411825
0.14, 3411825
0.14, 3411825
0.14, 3411825
0.14, 3411825
0.14, 3411825
0.14, 3411825
0.14, 3411825
0.14, 3411825
0.14, 3411825
0.14, 3411825
0.14, 3411825
0.14, 3411825
0.14, 3411825
0.14, 3411825
0.14, 3411825
0.14, 3411825
0.14, 3411825
0.14, 3411825
0.14, 3411825
0.14, 3411825
0.14, 3409033
0.14, 3409033
0.14, 3409033
0.14, 3353376
0.14, 3353376
0.14, 3353376
0.14, 3353376
0.14, 3353376
0.14, 3353376
0.14, 3339665
0.14, 3339665
0.14, 3339665
0.14, 3278338
0.14, 3278338
0.14, 3278338
0.14, 3278338
0.14, 3278338
0.14, 3278338
0.14, 3278338
0.14, 3278338
0.14, 3278338
0.14, 3278338
0.14, 3278338
0.14, 3278338
0.14, 3278338
0.14, 3278338
0.14, 3278338
0.14, 3278338
0.14, 3278338
0.14, 3278338
0.14, 3278338
0.14, 3278338
0.14, 3278338
0.14, 3278338
0.14, 3278338
0.14, 3278338
0.14, 3278338
0.14, 3278338
0.14, 3278338
0.14, 3278338
0.14, 3278338
0.14, 3278338
0.14, 3278338
0.14, 3278338
0.14, 3278338
0.14, 3278338
0.14, 3278338
0.14, 3278338
0.14, 3278338
0.14, 3278338
0.14, 3278338
0.14, 3278338
0.14, 3278338
0.14, 3278338
0.14, 3278338
0.14, 3278338
0.14, 3278338
0.14, 3278338
0.14, 3278338
0.14, 3278338
0.14, 3278338
0.14, 3278338
0.14, 3278338
0.14, 3278338
0.14, 3278338
0.14, 3278338
0.14, 3278338
0.14, 3278338
0.14, 3278338
0.14, 3278338
0.14, 3278338
0.14, 3278338
0.14, 3278338
0.14, 3278338
0.14, 3278338
0.14, 3278338
0.14, 3278338
0.14, 3278338
0.14, 3278338
0.14, 3278338
0.14, 3278338
0.14, 3278338
0.14, 3278338
0.14, 3278338
0.15, 3278338
0.15, 3278338
0.15, 3278338
0.15, 3278338
0.15, 3278338
0.15, 3278338
0.15, 3278338
0.15, 3278338
0.15, 3278338
0.15, 3278338
0.15, 3278338
0.15, 3278338
0.15, 3278338
0.15, 3278338
0.15, 3278338
0.15, 3278338
0.15, 3278338
0.15, 3278338
0.15, 3278338
0.15, 3278338
0.15, 3278338
0.15, 3278338
0.15, 3278338
0.15, 3278338
0.15, 3278338
0.15, 3278338
0.15, 3278338
0.15, 3278338
0.15, 3278338
0.15, 3278338
0.15, 3278338
0.15, 3278338
0.15, 3278338
0.15, 3278338
0.15, 3278338
0.15, 3278338
0.15, 3278338
0.15, 3278338
0.15, 3278338
0.15, 3278338
0.15, 3278338
0.15, 3278338
0.15, 3278338
0.15, 3278338
0.15, 3278338
0.15, 3278338
0.15, 3278338
0.15, 3278338
0.15, 3278338
0.15, 3278338
0.15, 3278338
0.15, 3278338
0.15, 3278338
0.15, 3278338
0.15, 3278338
0.15, 3278338
0.15, 3278338
0.15, 3278338
0.15, 3278338
0.15, 3278338
0.15, 3278338
0.15, 3278338
0.15, 3278338
0.15, 3278338
0.15, 3278338
0.15, 3278338
0.15, 3278338
0.15, 3278338
0.15, 3278338
0.15, 3278338
0.15, 3278338
0.15, 3278338
0.15, 3278338
0.15, 3278338
0.15, 3278338
0.15, 3278338
0.15, 3278338
0.15, 3278338
0.15, 3278338
0.15, 3278338
0.15, 3278338
0.15, 3278338
0.15, 3278338
0.15, 3278338
0.15, 3278338
0.15, 3278338
0.15, 3278338
0.15, 3278338
0.15, 3278338
0.15, 3278338
0.15, 3278338
0.15, 3278338
0.15, 3278338
0.15, 3278338
0.15, 3278338
0.15, 3278338
0.15, 3278338
0.15, 3278338
0.15, 3278338
0.15, 3278338
0.15, 3278338
0.15, 3278338
0.15, 3278338
0.15, 3278338
0.15, 3278338
0.15, 3278338
0.15, 3278338
0.15, 3278338
0.15, 3278338
0.15, 3278338
0.15, 3278338
0.15, 3278338
0.15, 3278338
0.15, 3278338
0.15, 3278338
0.15, 3278338
0.15, 3278338
0.15, 3278338
0.15, 3278338
0.15, 3278338
0.15, 3278338
0.15, 3278338
0.15, 3278338
0.15, 3278338
0.15, 3278338
0.15, 3278338
0.15, 3278338
0.15, 3278338
0.15, 3278338
0.15, 3278338
0.15, 3278338
0.15, 3278338
0.15, 3278338
0.15, 3278338
0.15, 3278338
0.15, 3278338
0.15, 3278338
0.15, 3278338
0.15, 3278338
0.15, 3278338
0.15, 3278338
0.15, 3278338
0.15, 3278338
0.15, 3278338
0.15, 3278338
0.15, 3278338
0.15, 3278338
0.15, 3278338
0.15, 3278338
0.15, 3278338
0.15, 3278338
0.15, 3278338
0.15, 3278338
0.15, 3278338
0.15, 3278338
0.15, 3278338
0.15, 3278338
0.15, 3278338
0.15, 3278338
0.15, 3278338
0.15, 3278338
0.15, 3278338
0.15, 3278338
0.15, 3278338
0.15, 3278338
0.15, 3278338
0.15, 3278338
0.15, 3278338
0.15, 3278338
0.15, 3278338
0.15, 3278338
0.15, 3278338
0.15, 3278338
0.15, 3278338
0.15, 3278338
0.15, 3278338
0.15, 3278338
0.15, 3278338
0.15, 3278338
0.15, 3278338
0.15, 3278338
0.15, 3278338
0.15, 3278338
0.15, 3278338
0.15, 3278338
0.15, 3278338
0.15, 3278338
0.15, 3278338
0.15, 3278338
0.15, 3278338
0.15, 3278338
0.15, 3278338
0.15, 3278338
0.15, 3278338
0.15, 3278338
0.15, 3278338
0.15, 3278338
0.15, 3278338
0.15, 3278338
0.15, 3278338
0.15, 3278338
0.15, 3278338
0.15, 3278338
0.15, 3278338
0.15, 3278338
0.15, 3278338
0.15, 3278338
0.15, 3278338
0.15, 3278338
0.15, 3278338
0.15, 3278338
0.15, 3278338
0.15, 3278338
0.15, 3278338
0.15, 3278338
0.15, 3278338
0.15, 3278338
0.15, 3278338
0.15, 3278338
0.15, 3278338
0.15, 3278338
0.15, 3278338
0.15, 3278338
0.15, 3278338
0.15, 3278338
0.15, 3278338
0.15, 3278338
0.15, 3278338
0.15, 3278338
0.15, 3278338
0.15, 3278338
0.15, 3278338
0.15, 3278338
0.15, 3278338
0.15, 3278338
0.15, 3278338
0.15, 3278338
0.15, 3278338
0.15, 3278338
0.15, 3278338
0.15, 3278338
0.15, 3278338
0.15, 3278338
0.15, 3278338
0.15, 3278338
0.15, 3278338
0.15, 3278338
0.15, 3278338
0.15, 3278338
0.15, 3278338
0.15, 3278338
0.15, 3278338
0.15, 3278338
0.15, 3278338
0.15, 3278338
0.15, 3278338
0.15, 3278338
0.15, 3278338
0.15, 3278338
0.15, 3278338
0.15, 3278338
0.15, 3278338
0.15, 3278338
0.15, 3278338
0.15, 3278338
0.15, 3278338
0.15, 3278338
0.15, 3278338
0.15, 3278338
0.15, 3278338
0.15, 3277488
0.15, 3277488
0.15, 3277488
0.15, 3277488
0.15, 3277488
0.15, 3277488
0.15, 3277488
0.15, 3277488
0.15, 3277488
0.15, 3277488
0.15, 3277488
0.15, 3277488
0.15, 3277488
0.15, 3277488
0.15, 3277488
0.15, 3277488
0.15, 3277488
0.15, 3277488
0.15, 3277488
0.15, 3277488
0.15, 3277488
0.15, 3277488
0.15, 3277488
0.15, 3277488
0.15, 3277488
0.15, 3277488
0.15, 3277488
0.15, 3277488
0.15, 3277488
0.15, 3277488
0.15, 3277488
0.15, 3277488
0.15, 3277488
0.15, 3277488
0.15, 3277488
0.15, 3277488
0.15, 3277488
0.15, 3277488
0.15, 3277488
0.15, 3277488
0.15, 3277488
0.15, 3277488
0.15, 3277488
0.15, 3277488
0.15, 3277488
0.15, 3277488
0.15, 3277488
0.15, 3277488
0.15, 3277488
0.15, 3277488
0.15, 3277488
0.15, 3277488
0.15, 3277488
0.15, 3277488
0.15, 3277488
0.15, 3277488
0.15, 3277488
0.15, 3277488
0.15, 3277488
0.15, 3277488
0.15, 3277488
0.15, 3277488
0.15, 3277488
0.15, 3277488
0.15, 3277488
0.15, 3277488
0.15, 3277488
0.15, 3184009
0.15, 3184009
0.15, 3184009
0.15, 3184009
0.15, 3184009
0.15, 3184009
0.15, 3184009
0.15, 3184009
0.15, 3184009
0.15, 3184009
0.15, 3184009
0.15, 3119759
0.15, 3119759
0.15, 3119759
0.15, 3119759
0.15, 3119759
0.15, 3119759
0.15, 3119759
0.15, 3119759
0.15, 3119759
0.15, 3119759
0.15, 3119759
0.15, 3119759
0.15, 3119759
0.15, 3119759
0.15, 3119759
0.15, 3119759
0.15, 3119759
0.15, 3119759
0.15, 3119759
0.15, 3119759
0.15, 3119759
0.15, 3119759
0.15, 3119759
0.15, 3119759
0.15, 3119759
0.15, 3119759
0.15, 3119759
0.15, 3119759
0.15, 3119759
0.15, 3119759
0.15, 3119759
0.15, 3119759
0.15, 3119759
0.15, 3119759
0.15, 3119759
0.15, 3119759
0.15, 3119759
0.15, 3119759
0.15, 3119759
0.15, 3119759
0.15, 3119759
0.15, 3119759
0.15, 3119759
0.15, 3119759
0.15, 3119759
0.15, 3119759
0.15, 3119759
0.15, 3119759
0.15, 3119759
0.15, 3119759
0.15, 3119759
0.15, 3119759
0.15, 3119759
0.15, 3119759
0.15, 3119759
0.15, 3119759
0.15, 3119759
0.15, 3119759
0.15, 3119759
0.15, 3119759
0.15, 3029342
0.15, 3029342
0.15, 3029342
0.15, 3029342
0.15, 3029342
0.15, 3029342
0.15, 3029342
0.15, 3029342
0.15, 3029342
0.15, 3029342
0.15, 3029342
0.15, 3029342
0.15, 3029342
0.15, 3029342
0.15, 3029342
0.15, 3029342
0.15, 3029342
0.15, 3029342
0.15, 3029342
0.15, 3029342
0.15, 3029342
0.15, 3029342
0.15, 3025941
0.15, 3025941
0.15, 3025941
0.15, 3025941
0.15, 3025941
0.15, 3025941
0.15, 3025941
0.15, 3025941
0.15, 3025941
0.15, 3025941
0.15, 3025941
0.15, 3025941
0.15, 3025941
0.15, 3025941
0.15, 3025941
0.15, 3025941
0.15, 3025941
0.15, 3025941
0.15, 3025941
0.15, 3025941
0.15, 3025941
0.15, 3025941
0.15, 3025941
0.15, 3025941
0.15, 3025941
0.15, 3025941
0.15, 3025941
0.15, 3025941
0.15, 3025941
0.15, 3025941
0.15, 3025941
0.15, 3025941
0.15, 3025941
0.15, 3025941
0.15, 3025941
0.15, 3025941
0.15, 3025941
0.15, 3025941
0.15, 3025941
0.15, 3025941
0.15, 3025941
0.15, 3025941
0.15, 3025941
0.15, 3025941
0.15, 3025941
0.15, 3025941
0.15, 3025941
0.15, 3025941
0.15, 3025941
0.15, 3025941
0.15, 3025941
0.15, 3025941
0.15, 3025941
0.15, 3025941
0.15, 3025941
0.15, 3025941
0.15, 3025941
0.15, 3025941
0.15, 3025941
0.15, 3025941
0.15, 3025941
0.15, 3025941
0.15, 3025941
0.15, 3025941
0.15, 3025941
0.15, 3025941
0.15, 3025941
0.15, 3025941
0.15, 3025941
0.15, 3025941
0.15, 3025941
0.15, 3025941
0.15, 3025941
0.15, 3025941
0.15, 3025941
0.15, 3025941
0.15, 3025941
0.15, 3025941
0.15, 3025941
0.15, 3025941
0.15, 3025941
0.15, 3025941
0.15, 3025941
0.15, 3025941
0.15, 3025941
0.15, 3025941
0.15, 3025941
0.15, 3025941
0.15, 3025941
0.15, 3025941
0.15, 3025941
0.15, 3025941
0.15, 3025941
0.15, 3025941
0.15, 3025941
0.15, 2994955
0.15, 2994955
0.15, 2994955
0.15, 2977325
0.15, 2977325
0.15, 2977325
0.15, 2977325
0.15, 2977325
0.15, 2977325
0.15, 2977325
0.15, 2977325
0.15, 2977325
0.15, 2977325
0.15, 2977325
0.15, 2977325
0.15, 2977325
0.15, 2977325
0.15, 2977325
0.15, 2977325
0.15, 2977325
0.15, 2977325
0.15, 2977325
0.15, 2977325
0.15, 2977325
0.15, 2977325
0.15, 2953335
0.15, 2953335
0.15, 2953335
0.15, 2953335
0.15, 2953335
0.15, 2953335
0.15, 2953335
0.15, 2953335
0.15, 2953335
0.15, 2953335
0.15, 2953335
0.15, 2953335
0.15, 2953335
0.15, 2953335
0.15, 2953335
0.15, 2953335
0.15, 2953335
0.15, 2953335
0.15, 2953335
0.15, 2953335
0.15, 2953335
0.15, 2953335
0.15, 2953335
0.15, 2953335
0.15, 2953335
0.15, 2953335
0.15, 2953335
0.15, 2953335
0.15, 2953335
0.15, 2953335
0.15, 2953335
0.15, 2953335
0.15, 2953335
0.15, 2953335
0.15, 2953335
0.15, 2953335
0.15, 2953335
0.15, 2953335
0.15, 2953335
0.15, 2953335
0.15, 2953335
0.15, 2953335
0.15, 2953335
0.15, 2953335
0.15, 2953335
0.15, 2935121
0.15, 2935121
0.15, 2935121
0.15, 2935121
0.15, 2935121
0.15, 2935121
0.15, 2935121
0.15, 2935121
0.15, 2935121
0.15, 2935121
0.15, 2935121
0.15, 2935121
0.15, 2935121
0.15, 2935121
0.15, 2935121
0.15, 2884425
0.15, 2884425
0.15, 2884425
0.15, 2884425
0.15, 2884425
0.15, 2884425
0.15, 2884425
0.15, 2884425
0.15, 2884425
0.15, 2884425
0.15, 2884425
0.15, 2884425
0.15, 2884425
0.15, 2884425
0.15, 2884425
0.15, 2884425
0.15, 2884425
0.15, 2884425
0.15, 2884425
0.15, 2877741
0.15, 2877741
0.15, 2877741
0.15, 2877741
0.15, 2877741
0.15, 2877741
0.15, 2877741
0.15, 2877741
0.15, 2877741
0.15, 2877741
0.15, 2877741
0.15, 2877741
0.15, 2877741
0.15, 2877741
0.15, 2877741
0.15, 2877741
0.15, 2877741
0.15, 2877741
0.15, 2877741
0.15, 2877741
0.15, 2877741
0.15, 2877741
0.15, 2877741
0.15, 2877741
0.15, 2877741
0.15, 2877741
0.15, 2877741
0.15, 2877741
0.15, 2877741
0.15, 2877741
0.15, 2877741
0.15, 2877741
0.15, 2877741
0.15, 2877741
0.15, 2877741
0.15, 2877741
0.15, 2877741
0.15, 2877741
0.15, 2877741
0.15, 2877741
0.15, 2877741
0.15, 2877741
0.15, 2877741
0.15, 2877741
0.15, 2877741
0.15, 2877741
0.15, 2877741
0.15, 2877741
0.15, 2877741
0.15, 2877741
0.15, 2877741
0.15, 2877741
0.15, 2877741
0.15, 2877741
0.15, 2877741
0.15, 2877741
0.15, 2877741
0.15, 2877741
0.15, 2877741
0.15, 2877741
0.15, 2877741
0.15, 2877741
0.15, 2877741
0.15, 2877741
0.15, 2877741
0.15, 2877741
0.15, 2877741
0.15, 2877741
0.15, 2877741
0.15, 2877741
0.15, 2877741
0.15, 2877741
0.15, 2877741
0.15, 2877741
0.15, 2877741
0.15, 2877741
0.15, 2877741
0.15, 2877741
0.15, 2877741
0.15, 2877741
0.15, 2877741
0.15, 2877741
0.15, 2877741
0.15, 2877741
0.15, 2877741
0.15, 2877741
0.15, 2877741
0.15, 2877741
0.15, 2877741
0.15, 2877741
0.15, 2877741
0.15, 2877741
0.15, 2877741
0.15, 2877741
0.15, 2877741
0.15, 2877741
0.15, 2877741
0.15, 2877741
0.15, 2877741
0.15, 2877741
0.15, 2877741
0.15, 2877741
0.15, 2877741
0.15, 2877741
0.15, 2877741
0.15, 2877741
0.15, 2877741
0.15, 2877741
0.15, 2877741
0.15, 2877741
0.15, 2877741
0.15, 2877741
0.15, 2877741
0.15, 2877741
0.15, 2877741
0.15, 2877741
0.15, 2877741
0.15, 2877741
0.15, 2877268
0.15, 2877268
0.15, 2877268
0.15, 2877268
0.15, 2877268
0.15, 2877268
0.15, 2877268
0.15, 2877268
0.15, 2877268
0.15, 2877268
0.15, 2877268
0.15, 2877268
0.15, 2877268
0.15, 2877268
0.15, 2877268
0.15, 2877268
0.15, 2877268
0.15, 2877268
0.15, 2877268
0.15, 2877268
0.15, 2877268
0.15, 2877268
0.15, 2877268
0.15, 2877268
0.15, 2877268
0.15, 2877268
0.15, 2877268
0.15, 2877268
0.15, 2877268
0.15, 2877268
0.15, 2877268
0.15, 2877268
0.15, 2877268
0.15, 2877268
0.15, 2877268
0.15, 2877268
0.15, 2877268
0.15, 2877268
0.15, 2877268
0.15, 2877268
0.15, 2877268
0.15, 2877268
0.15, 2877268
0.15, 2877268
0.15, 2877268
0.15, 2877268
0.15, 2877268
0.15, 2877268
0.15, 2877268
0.15, 2877268
0.15, 2877268
0.15, 2877268
0.15, 2877268
0.15, 2877268
0.15, 2877268
0.15, 2877268
0.15, 2877268
0.15, 2877268
0.15, 2877268
0.15, 2877268
0.15, 2877268
0.15, 2877268
0.15, 2877268
0.15, 2877268
0.15, 2877268
0.15, 2877268
0.15, 2877268
0.15, 2877268
0.15, 2877268
0.15, 2877268
0.15, 2877268
0.15, 2877268
0.15, 2877268
0.15, 2877268
0.15, 2877268
0.15, 2877268
0.15, 2877268
0.15, 2877268
0.15, 2877268
0.15, 2877268
0.15, 2877268
0.15, 2877268
0.15, 2877268
0.15, 2877268
0.15, 2877268
0.15, 2877268
0.15, 2877268
0.15, 2877268
0.15, 2877268
0.15, 2877268
0.15, 2877268
0.15, 2877268
0.15, 2877268
0.15, 2877268
0.15, 2877268
0.15, 2877268
0.15, 2877268
0.15, 2876083
0.15, 2876083
0.15, 2876083
0.15, 2876083
0.15, 2876083
0.15, 2876083
0.15, 2876083
0.15, 2876083
0.15, 2876083
0.15, 2876083
0.15, 2876083
0.15, 2876083
0.15, 2876083
0.15, 2876083
0.15, 2876083
0.15, 2876083
0.15, 2876083
0.15, 2876083
0.15, 2876083
0.15, 2876083
0.15, 2876083
0.15, 2876083
0.15, 2876083
0.15, 2876083
0.15, 2876083
0.15, 2876083
0.15, 2876083
0.15, 2876083
0.15, 2876083
0.15, 2876083
0.15, 2876083
0.15, 2876083
0.15, 2875590
0.15, 2875590
0.15, 2875590
0.15, 2875590
0.15, 2875590
0.15, 2875590
0.15, 2875590
0.15, 2875590
0.15, 2875590
0.15, 2875590
0.15, 2875590
0.15, 2875590
0.15, 2875590
0.15, 2875590
0.15, 2875590
0.15, 2875590
0.15, 2875590
0.15, 2875590
0.15, 2875590
0.15, 2875590
0.15, 2875590
0.15, 2875590
0.15, 2875590
0.15, 2875590
0.15, 2875590
0.15, 2875590
0.15, 2875590
0.15, 2875590
0.15, 2875590
0.15, 2858956
0.15, 2858956
0.15, 2858956
0.15, 2858956
0.15, 2847239
0.15, 2847239
0.15, 2847239
0.15, 2847239
0.15, 2847239
0.15, 2847239
0.15, 2847239
0.15, 2847239
0.15, 2802928
0.15, 2802928
0.15, 2802928
0.15, 2802928
0.15, 2802928
0.15, 2802928
0.15, 2802928
0.15, 2802928
0.15, 2802928
0.15, 2802928
0.15, 2802928
0.15, 2802928
0.15, 2802928
0.15, 2802928
0.15, 2802928
0.15, 2802928
0.15, 2801353
0.15, 2801353
0.15, 2801353
0.15, 2801353
0.15, 2801353
0.15, 2801353
0.15, 2801353
0.15, 2801353
0.15, 2801353
0.15, 2801353
0.15, 2801353
0.15, 2801353
0.15, 2801353
0.15, 2801353
0.15, 2801353
0.15, 2801353
0.15, 2801353
0.15, 2801353
0.15, 2801353
0.15, 2801353
0.15, 2801353
0.15, 2801353
0.15, 2801353
0.15, 2801353
0.15, 2801353
0.15, 2801353
0.15, 2801353
0.15, 2801353
0.15, 2801353
0.15, 2801353
0.15, 2801353
0.15, 2801353
0.15, 2801353
0.15, 2801353
0.15, 2801353
0.15, 2801353
0.15, 2801353
0.15, 2794694
0.15, 2794694
0.15, 2794694
0.15, 2794694
0.15, 2794694
0.15, 2794694
0.15, 2794694
0.15, 2794694
0.15, 2794694
0.15, 2794694
0.15, 2794694
0.15, 2794694
0.15, 2794694
0.15, 2794694
0.15, 2794694
0.15, 2794694
0.15, 2794694
0.15, 2794694
0.15, 2794694
0.15, 2794694
0.15, 2794694
0.15, 2794694
0.15, 2794694
0.15, 2794694
0.15, 2794694
0.15, 2794694
0.15, 2794694
0.15, 2794694
0.15, 2794694
0.15, 2794694
0.15, 2794694
0.15, 2794694
0.15, 2794694
0.15, 2784509
0.15, 2784509
0.15, 2784509
0.15, 2784509
0.15, 2784509
0.15, 2784509
0.15, 2784509
0.15, 2784509
0.15, 2784509
0.15, 2784509
0.15, 2784509
0.15, 2784509
0.15, 2784509
0.15, 2784509
0.15, 2784509
0.15, 2784509
0.15, 2784509
0.15, 2784509
0.15, 2784509
0.15, 2784509
0.15, 2784509
0.15, 2784509
0.15, 2784509
0.15, 2784509
0.15, 2784509
0.15, 2784509
0.15, 2784509
0.15, 2784509
0.15, 2784509
0.15, 2784509
0.15, 2784509
0.15, 2784509
0.15, 2784509
0.15, 2784509
0.15, 2784509
0.15, 2784509
0.15, 2784509
0.15, 2784509
0.15, 2784509
0.15, 2784509
0.15, 2784509
0.15, 2784509
0.15, 2784509
0.15, 2784509
0.15, 2784509
0.15, 2784509
0.15, 2784509
0.15, 2784509
0.15, 2784509
0.15, 2784509
0.15, 2784509
0.15, 2784509
0.15, 2784509
0.15, 2784509
0.15, 2784509
0.15, 2784509
0.15, 2784509
0.15, 2784509
0.15, 2784509
0.15, 2784509
0.15, 2784509
0.15, 2784509
0.15, 2784509
0.15, 2784509
0.15, 2784509
0.15, 2784509
0.15, 2784509
0.15, 2784509
0.15, 2784509
0.15, 2784509
0.15, 2784509
0.15, 2784509
0.15, 2784509
0.15, 2784509
0.15, 2784509
0.15, 2784509
0.15, 2784509
0.15, 2784509
0.15, 2784509
0.15, 2784509
0.15, 2784509
0.15, 2784509
0.15, 2784509
0.15, 2784509
0.15, 2784509
0.15, 2784509
0.15, 2784509
0.15, 2784509
0.15, 2784509
0.15, 2784509
0.15, 2784509
0.15, 2784509
0.15, 2784509
0.15, 2784509
0.15, 2784509
0.15, 2784509
0.15, 2784509
0.15, 2784509
0.15, 2784509
0.15, 2784509
0.15, 2784509
0.15, 2784509
0.15, 2784509
0.15, 2784509
0.15, 2784509
0.15, 2784509
0.15, 2784509
0.15, 2784509
0.15, 2784509
0.15, 2784509
0.15, 2750618
0.15, 2750618
0.15, 2750618
0.15, 2750618
0.15, 2750618
0.15, 2750618
0.15, 2750618
0.15, 2750618