0.00, 137541
0.00, 116450
0.00, 91995
0.00, 90440
0.00, 90440
0.00, 90440
0.00, 80718
0.00, 80718
0.00, 75479
0.00, 75479
0.00, 75479
0.00, 75479
0.00, 75479
0.00, 75479
0.00, 75479
0.00, 75479
0.00, 62962
0.00, 62962
0.00, 62962
0.00, 62962
0.00, 62962
0.00, 62962
0.00, 62962
0.00, 62962
0.00, 62962
0.00, 62962
0.00, 62962
0.00, 62962
0.00, 62962
0.00, 62962
0.00, 62962
0.00, 62962
0.00, 62962
0.00, 62962
0.00, 62962
0.00, 62962
0.00, 62962
0.00, 62962
0.00, 62962
0.00, 62962
0.00, 62962
0.00, 62962
0.00, 62962
0.00, 62962
0.00, 62962
0.00, 62962
0.00, 62962
0.00, 62962
0.00, 62962
0.00, 62962
0.00, 62962
0.00, 62962
0.00, 62962
0.00, 62962
0.00, 62962
0.00, 62962
0.00, 62962
0.00, 62962
0.00, 62962
0.00, 62962
0.00, 62962
0.00, 62962
0.00, 62962
0.00, 62962
0.00, 62962
0.01, 62962
0.01, 62962