0.00, 713671
0.00, 713671
0.00, 713671
0.00, 713671
0.00, 709572
0.00, 704752
0.00, 704752
0.00, 701442
0.00, 701442
0.00, 701442
0.00, 696441
0.00, 694112
0.00, 694112
0.00, 694112
0.00, 694112
0.00, 683222
0.00, 683222
0.00, 681174
0.00, 676939
0.00, 676583
0.00, 676583
0.00, 676583
0.00, 670350
0.00, 670350
0.00, 662386
0.00, 662386
0.00, 658641
0.00, 658641
0.00, 658641
0.00, 658641
0.00, 658641
0.00, 658641
0.00, 658641
0.00, 658641
0.00, 658641
0.00, 658641
0.00, 658641
0.00, 656999
0.00, 656999
0.00, 650136
0.00, 648421
0.00, 648421
0.00, 648421
0.00, 645769
0.00, 643194
0.00, 643194
0.00, 640523
0.00, 640497
0.00, 640497
0.00, 640497
0.00, 639823
0.00, 631086
0.00, 631086
0.00, 631038
0.00, 631038
0.00, 631038
0.00, 631038
0.00, 631038
0.00, 631038
0.00, 631038
0.00, 626609
0.00, 626609
0.00, 626609
0.00, 624816
0.00, 624816
0.00, 622703
0.00, 622703
0.01, 622703
0.01, 622703
0.01, 618717
0.01, 618717
0.01, 618717
0.01, 618717
0.01, 618717
0.01, 618717
0.01, 618717
0.01, 618717
0.01, 618717
0.01, 618717
0.01, 606301
0.01, 606301
0.01, 606301
0.01, 606301
0.01, 606301
0.01, 606301
0.01, 606301
0.01, 599013
0.01, 599013
0.01, 599013
0.01, 599013
0.01, 599013
0.01, 599013
0.01, 599013
0.01, 599013
0.01, 599013
0.01, 597039
0.01, 597039
0.01, 597039
0.01, 596907
0.01, 596907
0.01, 593362
0.01, 576127
0.01, 576127
0.01, 576127
0.01, 576127
0.01, 574288
0.01, 574288
0.01, 574288
0.01, 568381
0.01, 568381
0.01, 563818
0.01, 563818
0.01, 563818
0.01, 554943
0.01, 554943
0.01, 554943
0.01, 554943
0.01, 554943
0.01, 551981
0.01, 551981
0.01, 551981
0.01, 551981
0.01, 551981
0.01, 551981
0.01, 551981
0.01, 551981
0.01, 551981
0.01, 551981
0.01, 551981
0.01, 551981
0.01, 551981
0.01, 551981
0.01, 551981
0.01, 551981
0.01, 551981
